The system is: Linux - 4.4.0-210-generic - x86_64
Compiling the C compiler identification source file "CMakeCCompilerId.c" succeeded.
Compiler: /usr/lib/ccache/cc 
Build flags: 
Id flags:  

The output was:
0


Compilation of the C compiler identification source "CMakeCCompilerId.c" produced "a.out"

The C compiler identification is GNU, found in "/home/anupam/github_robotics/simulator/mujoco_mpc_merge/build/CMakeFiles/3.25.2/CompilerIdC/a.out"

Compiling the CXX compiler identification source file "CMakeCXXCompilerId.cpp" succeeded.
Compiler: /usr/lib/ccache/c++ 
Build flags: 
Id flags:  

The output was:
0


Compilation of the CXX compiler identification source "CMakeCXXCompilerId.cpp" produced "a.out"

The CXX compiler identification is GNU, found in "/home/anupam/github_robotics/simulator/mujoco_mpc_merge/build/CMakeFiles/3.25.2/CompilerIdCXX/a.out"

Detecting C compiler ABI info compiled with the following output:
Change Dir: /home/anupam/github_robotics/simulator/mujoco_mpc_merge/build/CMakeFiles/CMakeScratch/TryCompile-ks0vsQ

Run Build Command(s):/usr/bin/make -f Makefile cmTC_e1639/fast && /usr/bin/make  -f CMakeFiles/cmTC_e1639.dir/build.make CMakeFiles/cmTC_e1639.dir/build
make[1]: Entering directory '/home/anupam/github_robotics/simulator/mujoco_mpc_merge/build/CMakeFiles/CMakeScratch/TryCompile-ks0vsQ'
Building C object CMakeFiles/cmTC_e1639.dir/CMakeCCompilerABI.c.o
/usr/lib/ccache/cc   -v -o CMakeFiles/cmTC_e1639.dir/CMakeCCompilerABI.c.o -c /usr/local/share/cmake-3.25/Modules/CMakeCCompilerABI.c
Using built-in specs.
COLLECT_GCC=/usr/bin/cc
OFFLOAD_TARGET_NAMES=nvptx-none:hsa
OFFLOAD_TARGET_DEFAULT=1
Target: x86_64-linux-gnu
Configured with: ../src/configure -v --with-pkgversion='Ubuntu 9.4.0-1ubuntu1~16.04' --with-bugurl=file:///usr/share/doc/gcc-9/README.Bugs --enable-languages=c,ada,c++,go,brig,d,fortran,objc,obj-c++,gm2 --prefix=/usr --with-gcc-major-version-only --program-suffix=-9 --program-prefix=x86_64-linux-gnu- --enable-shared --enable-linker-build-id --libexecdir=/usr/lib --without-included-gettext --enable-threads=posix --libdir=/usr/lib --enable-nls --enable-clocale=gnu --enable-libstdcxx-debug --enable-libstdcxx-time=yes --with-default-libstdcxx-abi=new --enable-gnu-unique-object --disable-vtable-verify --enable-plugin --with-system-zlib --with-target-system-zlib=auto --enable-objc-gc=auto --enable-multiarch --disable-werror --with-arch-32=i686 --with-abi=m64 --with-multilib-list=m32,m64,mx32 --enable-multilib --with-tune=generic --enable-offload-targets=nvptx-none=/build/gcc-9-SATzbE/gcc-9-9.4.0/debian/tmp-nvptx/usr,hsa --without-cuda-driver --enable-checking=release --build=x86_64-linux-gnu --host=x86_64-linux-gnu --target=x86_64-linux-gnu
Thread model: posix
gcc version 9.4.0 (Ubuntu 9.4.0-1ubuntu1~16.04) 
COLLECT_GCC_OPTIONS='-v' '-E' '-mtune=generic' '-march=x86-64'
 /usr/lib/gcc/x86_64-linux-gnu/9/cc1 -E -quiet -v -imultiarch x86_64-linux-gnu /usr/local/share/cmake-3.25/Modules/CMakeCCompilerABI.c -mtune=generic -march=x86-64 -fasynchronous-unwind-tables -fstack-protector-strong -Wformat -Wformat-security
ignoring nonexistent directory "/usr/local/include/x86_64-linux-gnu"
ignoring nonexistent directory "/usr/lib/gcc/x86_64-linux-gnu/9/include-fixed"
ignoring nonexistent directory "/usr/lib/gcc/x86_64-linux-gnu/9/../../../../x86_64-linux-gnu/include"
#include "..." search starts here:
#include <...> search starts here:
 /usr/lib/gcc/x86_64-linux-gnu/9/include
 /usr/local/include
 /usr/include/x86_64-linux-gnu
 /usr/include
End of search list.
COMPILER_PATH=/usr/lib/gcc/x86_64-linux-gnu/9/:/usr/lib/gcc/x86_64-linux-gnu/9/:/usr/lib/gcc/x86_64-linux-gnu/:/usr/lib/gcc/x86_64-linux-gnu/9/:/usr/lib/gcc/x86_64-linux-gnu/
LIBRARY_PATH=/usr/lib/gcc/x86_64-linux-gnu/9/:/usr/lib/gcc/x86_64-linux-gnu/9/../../../x86_64-linux-gnu/:/usr/lib/gcc/x86_64-linux-gnu/9/../../../../lib/:/lib/x86_64-linux-gnu/:/lib/../lib/:/usr/lib/x86_64-linux-gnu/:/usr/lib/../lib/:/usr/lib/gcc/x86_64-linux-gnu/9/../../../:/lib/:/usr/lib/
COLLECT_GCC_OPTIONS='-v' '-E' '-mtune=generic' '-march=x86-64'
Using built-in specs.
COLLECT_GCC=/usr/bin/cc
OFFLOAD_TARGET_NAMES=nvptx-none:hsa
OFFLOAD_TARGET_DEFAULT=1
Target: x86_64-linux-gnu
Configured with: ../src/configure -v --with-pkgversion='Ubuntu 9.4.0-1ubuntu1~16.04' --with-bugurl=file:///usr/share/doc/gcc-9/README.Bugs --enable-languages=c,ada,c++,go,brig,d,fortran,objc,obj-c++,gm2 --prefix=/usr --with-gcc-major-version-only --program-suffix=-9 --program-prefix=x86_64-linux-gnu- --enable-shared --enable-linker-build-id --libexecdir=/usr/lib --without-included-gettext --enable-threads=posix --libdir=/usr/lib --enable-nls --enable-clocale=gnu --enable-libstdcxx-debug --enable-libstdcxx-time=yes --with-default-libstdcxx-abi=new --enable-gnu-unique-object --disable-vtable-verify --enable-plugin --with-system-zlib --with-target-system-zlib=auto --enable-objc-gc=auto --enable-multiarch --disable-werror --with-arch-32=i686 --with-abi=m64 --with-multilib-list=m32,m64,mx32 --enable-multilib --with-tune=generic --enable-offload-targets=nvptx-none=/build/gcc-9-SATzbE/gcc-9-9.4.0/debian/tmp-nvptx/usr,hsa --without-cuda-driver --enable-checking=release --build=x86_64-linux-gnu --host=x86_64-linux-gnu --target=x86_64-linux-gnu
Thread model: posix
gcc version 9.4.0 (Ubuntu 9.4.0-1ubuntu1~16.04) 
COLLECT_GCC_OPTIONS='-v' '-c' '-o' 'CMakeFiles/cmTC_0aadb.dir/CMakeCCompilerABI.c.o' '-mtune=generic' '-march=x86-64'
 /usr/lib/gcc/x86_64-linux-gnu/9/cc1 -fpreprocessed /home/anupam/.ccache/tmp/CMakeCComp.stdout.anupam-Inspiron-15-7000-Gaming.8736.0A1nmu.i -quiet -dumpbase CMakeCComp.stdout.anupam-Inspiron-15-7000-Gaming.8736.0A1nmu.i -mtune=generic -march=x86-64 -auxbase-strip CMakeFiles/cmTC_0aadb.dir/CMakeCCompilerABI.c.o -version -fasynchronous-unwind-tables -fstack-protector-strong -Wformat -Wformat-security -o /tmp/ccZyB9Zc.s
GNU C17 (Ubuntu 9.4.0-1ubuntu1~16.04) version 9.4.0 (x86_64-linux-gnu)
	compiled by GNU C version 9.4.0, GMP version 6.1.0, MPFR version 3.1.4, MPC version 1.0.3, isl version isl-0.16.1-GMP

GGC heuristics: --param ggc-min-expand=100 --param ggc-min-heapsize=131072
GNU C17 (Ubuntu 9.4.0-1ubuntu1~16.04) version 9.4.0 (x86_64-linux-gnu)
	compiled by GNU C version 9.4.0, GMP version 6.1.0, MPFR version 3.1.4, MPC version 1.0.3, isl version isl-0.16.1-GMP

GGC heuristics: --param ggc-min-expand=100 --param ggc-min-heapsize=131072
Compiler executable checksum: 2caf98891b8efd8be711113372ebc524
COLLECT_GCC_OPTIONS='-v' '-c' '-o' 'CMakeFiles/cmTC_0aadb.dir/CMakeCCompilerABI.c.o' '-mtune=generic' '-march=x86-64'
 as -v --64 -o CMakeFiles/cmTC_0aadb.dir/CMakeCCompilerABI.c.o /tmp/ccZyB9Zc.s
GNU assembler version 2.26.1 (x86_64-linux-gnu) using BFD version (GNU Binutils for Ubuntu) 2.26.1
COMPILER_PATH=/usr/lib/gcc/x86_64-linux-gnu/9/:/usr/lib/gcc/x86_64-linux-gnu/9/:/usr/lib/gcc/x86_64-linux-gnu/:/usr/lib/gcc/x86_64-linux-gnu/9/:/usr/lib/gcc/x86_64-linux-gnu/
LIBRARY_PATH=/usr/lib/gcc/x86_64-linux-gnu/9/:/usr/lib/gcc/x86_64-linux-gnu/9/../../../x86_64-linux-gnu/:/usr/lib/gcc/x86_64-linux-gnu/9/../../../../lib/:/lib/x86_64-linux-gnu/:/lib/../lib/:/usr/lib/x86_64-linux-gnu/:/usr/lib/../lib/:/usr/lib/gcc/x86_64-linux-gnu/9/../../../:/lib/:/usr/lib/
COLLECT_GCC_OPTIONS='-v' '-c' '-o' 'CMakeFiles/cmTC_0aadb.dir/CMakeCCompilerABI.c.o' '-mtune=generic' '-march=x86-64'
Linking C executable cmTC_e1639
/usr/local/bin/cmake -E cmake_link_script CMakeFiles/cmTC_e1639.dir/link.txt --verbose=1
/usr/lib/ccache/cc  -v CMakeFiles/cmTC_e1639.dir/CMakeCCompilerABI.c.o -o cmTC_e1639 
Using built-in specs.
COLLECT_GCC=/usr/bin/cc
COLLECT_LTO_WRAPPER=/usr/lib/gcc/x86_64-linux-gnu/9/lto-wrapper
OFFLOAD_TARGET_NAMES=nvptx-none:hsa
OFFLOAD_TARGET_DEFAULT=1
Target: x86_64-linux-gnu
Configured with: ../src/configure -v --with-pkgversion='Ubuntu 9.4.0-1ubuntu1~16.04' --with-bugurl=file:///usr/share/doc/gcc-9/README.Bugs --enable-languages=c,ada,c++,go,brig,d,fortran,objc,obj-c++,gm2 --prefix=/usr --with-gcc-major-version-only --program-suffix=-9 --program-prefix=x86_64-linux-gnu- --enable-shared --enable-linker-build-id --libexecdir=/usr/lib --without-included-gettext --enable-threads=posix --libdir=/usr/lib --enable-nls --enable-clocale=gnu --enable-libstdcxx-debug --enable-libstdcxx-time=yes --with-default-libstdcxx-abi=new --enable-gnu-unique-object --disable-vtable-verify --enable-plugin --with-system-zlib --with-target-system-zlib=auto --enable-objc-gc=auto --enable-multiarch --disable-werror --with-arch-32=i686 --with-abi=m64 --with-multilib-list=m32,m64,mx32 --enable-multilib --with-tune=generic --enable-offload-targets=nvptx-none=/build/gcc-9-SATzbE/gcc-9-9.4.0/debian/tmp-nvptx/usr,hsa --without-cuda-driver --enable-checking=release --build=x86_64-linux-gnu --host=x86_64-linux-gnu --target=x86_64-linux-gnu
Thread model: posix
gcc version 9.4.0 (Ubuntu 9.4.0-1ubuntu1~16.04) 
COMPILER_PATH=/usr/lib/gcc/x86_64-linux-gnu/9/:/usr/lib/gcc/x86_64-linux-gnu/9/:/usr/lib/gcc/x86_64-linux-gnu/:/usr/lib/gcc/x86_64-linux-gnu/9/:/usr/lib/gcc/x86_64-linux-gnu/
LIBRARY_PATH=/usr/lib/gcc/x86_64-linux-gnu/9/:/usr/lib/gcc/x86_64-linux-gnu/9/../../../x86_64-linux-gnu/:/usr/lib/gcc/x86_64-linux-gnu/9/../../../../lib/:/lib/x86_64-linux-gnu/:/lib/../lib/:/usr/lib/x86_64-linux-gnu/:/usr/lib/../lib/:/usr/lib/gcc/x86_64-linux-gnu/9/../../../:/lib/:/usr/lib/
COLLECT_GCC_OPTIONS='-v' '-o' 'cmTC_e1639' '-mtune=generic' '-march=x86-64'
 /usr/lib/gcc/x86_64-linux-gnu/9/collect2 -plugin /usr/lib/gcc/x86_64-linux-gnu/9/liblto_plugin.so -plugin-opt=/usr/lib/gcc/x86_64-linux-gnu/9/lto-wrapper -plugin-opt=-fresolution=/tmp/ccrWehiT.res -plugin-opt=-pass-through=-lgcc -plugin-opt=-pass-through=-lgcc_s -plugin-opt=-pass-through=-lc -plugin-opt=-pass-through=-lgcc -plugin-opt=-pass-through=-lgcc_s --build-id --eh-frame-hdr -m elf_x86_64 --hash-style=gnu --as-needed -dynamic-linker /lib64/ld-linux-x86-64.so.2 -z relro -o cmTC_e1639 /usr/lib/gcc/x86_64-linux-gnu/9/../../../x86_64-linux-gnu/crt1.o /usr/lib/gcc/x86_64-linux-gnu/9/../../../x86_64-linux-gnu/crti.o /usr/lib/gcc/x86_64-linux-gnu/9/crtbegin.o -L/usr/lib/gcc/x86_64-linux-gnu/9 -L/usr/lib/gcc/x86_64-linux-gnu/9/../../../x86_64-linux-gnu -L/usr/lib/gcc/x86_64-linux-gnu/9/../../../../lib -L/lib/x86_64-linux-gnu -L/lib/../lib -L/usr/lib/x86_64-linux-gnu -L/usr/lib/../lib -L/usr/lib/gcc/x86_64-linux-gnu/9/../../.. CMakeFiles/cmTC_e1639.dir/CMakeCCompilerABI.c.o -lgcc --as-needed -lgcc_s --no-as-needed -lc -lgcc --as-needed -lgcc_s --no-as-needed /usr/lib/gcc/x86_64-linux-gnu/9/crtend.o /usr/lib/gcc/x86_64-linux-gnu/9/../../../x86_64-linux-gnu/crtn.o
COLLECT_GCC_OPTIONS='-v' '-o' 'cmTC_e1639' '-mtune=generic' '-march=x86-64'
make[1]: Leaving directory '/home/anupam/github_robotics/simulator/mujoco_mpc_merge/build/CMakeFiles/CMakeScratch/TryCompile-ks0vsQ'



Parsed C implicit include dir info from above output: rv=done
  found start of include info
  found start of implicit include info
    add: [/usr/lib/gcc/x86_64-linux-gnu/9/include]
    add: [/usr/local/include]
    add: [/usr/include/x86_64-linux-gnu]
    add: [/usr/include]
  end of search list found
  collapse include dir [/usr/lib/gcc/x86_64-linux-gnu/9/include] ==> [/usr/lib/gcc/x86_64-linux-gnu/9/include]
  collapse include dir [/usr/local/include] ==> [/usr/local/include]
  collapse include dir [/usr/include/x86_64-linux-gnu] ==> [/usr/include/x86_64-linux-gnu]
  collapse include dir [/usr/include] ==> [/usr/include]
  implicit include dirs: [/usr/lib/gcc/x86_64-linux-gnu/9/include;/usr/local/include;/usr/include/x86_64-linux-gnu;/usr/include]


Parsed C implicit link information from above output:
  link line regex: [^( *|.*[/\])(ld|CMAKE_LINK_STARTFILE-NOTFOUND|([^/\]+-)?ld|collect2)[^/\]*( |$)]
  ignore line: [Change Dir: /home/anupam/github_robotics/simulator/mujoco_mpc_merge/build/CMakeFiles/CMakeScratch/TryCompile-ks0vsQ]
  ignore line: []
  ignore line: [Run Build Command(s):/usr/bin/make -f Makefile cmTC_e1639/fast && /usr/bin/make  -f CMakeFiles/cmTC_e1639.dir/build.make CMakeFiles/cmTC_e1639.dir/build]
  ignore line: [make[1]: Entering directory '/home/anupam/github_robotics/simulator/mujoco_mpc_merge/build/CMakeFiles/CMakeScratch/TryCompile-ks0vsQ']
  ignore line: [Building C object CMakeFiles/cmTC_e1639.dir/CMakeCCompilerABI.c.o]
  ignore line: [/usr/lib/ccache/cc   -v -o CMakeFiles/cmTC_e1639.dir/CMakeCCompilerABI.c.o -c /usr/local/share/cmake-3.25/Modules/CMakeCCompilerABI.c]
  ignore line: [Using built-in specs.]
  ignore line: [COLLECT_GCC=/usr/bin/cc]
  ignore line: [OFFLOAD_TARGET_NAMES=nvptx-none:hsa]
  ignore line: [OFFLOAD_TARGET_DEFAULT=1]
  ignore line: [Target: x86_64-linux-gnu]
  ignore line: [Configured with: ../src/configure -v --with-pkgversion='Ubuntu 9.4.0-1ubuntu1~16.04' --with-bugurl=file:///usr/share/doc/gcc-9/README.Bugs --enable-languages=c ada c++ go brig d fortran objc obj-c++ gm2 --prefix=/usr --with-gcc-major-version-only --program-suffix=-9 --program-prefix=x86_64-linux-gnu- --enable-shared --enable-linker-build-id --libexecdir=/usr/lib --without-included-gettext --enable-threads=posix --libdir=/usr/lib --enable-nls --enable-clocale=gnu --enable-libstdcxx-debug --enable-libstdcxx-time=yes --with-default-libstdcxx-abi=new --enable-gnu-unique-object --disable-vtable-verify --enable-plugin --with-system-zlib --with-target-system-zlib=auto --enable-objc-gc=auto --enable-multiarch --disable-werror --with-arch-32=i686 --with-abi=m64 --with-multilib-list=m32 m64 mx32 --enable-multilib --with-tune=generic --enable-offload-targets=nvptx-none=/build/gcc-9-SATzbE/gcc-9-9.4.0/debian/tmp-nvptx/usr hsa --without-cuda-driver --enable-checking=release --build=x86_64-linux-gnu --host=x86_64-linux-gnu --target=x86_64-linux-gnu]
  ignore line: [Thread model: posix]
  ignore line: [gcc version 9.4.0 (Ubuntu 9.4.0-1ubuntu1~16.04) ]
  ignore line: [COLLECT_GCC_OPTIONS='-v' '-E' '-mtune=generic' '-march=x86-64']
  ignore line: [ /usr/lib/gcc/x86_64-linux-gnu/9/cc1 -E -quiet -v -imultiarch x86_64-linux-gnu /usr/local/share/cmake-3.25/Modules/CMakeCCompilerABI.c -mtune=generic -march=x86-64 -fasynchronous-unwind-tables -fstack-protector-strong -Wformat -Wformat-security]
  ignore line: [ignoring nonexistent directory "/usr/local/include/x86_64-linux-gnu"]
  ignore line: [ignoring nonexistent directory "/usr/lib/gcc/x86_64-linux-gnu/9/include-fixed"]
  ignore line: [ignoring nonexistent directory "/usr/lib/gcc/x86_64-linux-gnu/9/../../../../x86_64-linux-gnu/include"]
  ignore line: [#include "..." search starts here:]
  ignore line: [#include <...> search starts here:]
  ignore line: [ /usr/lib/gcc/x86_64-linux-gnu/9/include]
  ignore line: [ /usr/local/include]
  ignore line: [ /usr/include/x86_64-linux-gnu]
  ignore line: [ /usr/include]
  ignore line: [End of search list.]
  ignore line: [COMPILER_PATH=/usr/lib/gcc/x86_64-linux-gnu/9/:/usr/lib/gcc/x86_64-linux-gnu/9/:/usr/lib/gcc/x86_64-linux-gnu/:/usr/lib/gcc/x86_64-linux-gnu/9/:/usr/lib/gcc/x86_64-linux-gnu/]
  ignore line: [LIBRARY_PATH=/usr/lib/gcc/x86_64-linux-gnu/9/:/usr/lib/gcc/x86_64-linux-gnu/9/../../../x86_64-linux-gnu/:/usr/lib/gcc/x86_64-linux-gnu/9/../../../../lib/:/lib/x86_64-linux-gnu/:/lib/../lib/:/usr/lib/x86_64-linux-gnu/:/usr/lib/../lib/:/usr/lib/gcc/x86_64-linux-gnu/9/../../../:/lib/:/usr/lib/]
  ignore line: [COLLECT_GCC_OPTIONS='-v' '-E' '-mtune=generic' '-march=x86-64']
  ignore line: [Using built-in specs.]
  ignore line: [COLLECT_GCC=/usr/bin/cc]
  ignore line: [OFFLOAD_TARGET_NAMES=nvptx-none:hsa]
  ignore line: [OFFLOAD_TARGET_DEFAULT=1]
  ignore line: [Target: x86_64-linux-gnu]
  ignore line: [Configured with: ../src/configure -v --with-pkgversion='Ubuntu 9.4.0-1ubuntu1~16.04' --with-bugurl=file:///usr/share/doc/gcc-9/README.Bugs --enable-languages=c ada c++ go brig d fortran objc obj-c++ gm2 --prefix=/usr --with-gcc-major-version-only --program-suffix=-9 --program-prefix=x86_64-linux-gnu- --enable-shared --enable-linker-build-id --libexecdir=/usr/lib --without-included-gettext --enable-threads=posix --libdir=/usr/lib --enable-nls --enable-clocale=gnu --enable-libstdcxx-debug --enable-libstdcxx-time=yes --with-default-libstdcxx-abi=new --enable-gnu-unique-object --disable-vtable-verify --enable-plugin --with-system-zlib --with-target-system-zlib=auto --enable-objc-gc=auto --enable-multiarch --disable-werror --with-arch-32=i686 --with-abi=m64 --with-multilib-list=m32 m64 mx32 --enable-multilib --with-tune=generic --enable-offload-targets=nvptx-none=/build/gcc-9-SATzbE/gcc-9-9.4.0/debian/tmp-nvptx/usr hsa --without-cuda-driver --enable-checking=release --build=x86_64-linux-gnu --host=x86_64-linux-gnu --target=x86_64-linux-gnu]
  ignore line: [Thread model: posix]
  ignore line: [gcc version 9.4.0 (Ubuntu 9.4.0-1ubuntu1~16.04) ]
  ignore line: [COLLECT_GCC_OPTIONS='-v' '-c' '-o' 'CMakeFiles/cmTC_0aadb.dir/CMakeCCompilerABI.c.o' '-mtune=generic' '-march=x86-64']
  ignore line: [ /usr/lib/gcc/x86_64-linux-gnu/9/cc1 -fpreprocessed /home/anupam/.ccache/tmp/CMakeCComp.stdout.anupam-Inspiron-15-7000-Gaming.8736.0A1nmu.i -quiet -dumpbase CMakeCComp.stdout.anupam-Inspiron-15-7000-Gaming.8736.0A1nmu.i -mtune=generic -march=x86-64 -auxbase-strip CMakeFiles/cmTC_0aadb.dir/CMakeCCompilerABI.c.o -version -fasynchronous-unwind-tables -fstack-protector-strong -Wformat -Wformat-security -o /tmp/ccZyB9Zc.s]
  ignore line: [GNU C17 (Ubuntu 9.4.0-1ubuntu1~16.04) version 9.4.0 (x86_64-linux-gnu)]
  ignore line: [	compiled by GNU C version 9.4.0  GMP version 6.1.0  MPFR version 3.1.4  MPC version 1.0.3  isl version isl-0.16.1-GMP]
  ignore line: []
  ignore line: [GGC heuristics: --param ggc-min-expand=100 --param ggc-min-heapsize=131072]
  ignore line: [GNU C17 (Ubuntu 9.4.0-1ubuntu1~16.04) version 9.4.0 (x86_64-linux-gnu)]
  ignore line: [	compiled by GNU C version 9.4.0  GMP version 6.1.0  MPFR version 3.1.4  MPC version 1.0.3  isl version isl-0.16.1-GMP]
  ignore line: []
  ignore line: [GGC heuristics: --param ggc-min-expand=100 --param ggc-min-heapsize=131072]
  ignore line: [Compiler executable checksum: 2caf98891b8efd8be711113372ebc524]
  ignore line: [COLLECT_GCC_OPTIONS='-v' '-c' '-o' 'CMakeFiles/cmTC_0aadb.dir/CMakeCCompilerABI.c.o' '-mtune=generic' '-march=x86-64']
  ignore line: [ as -v --64 -o CMakeFiles/cmTC_0aadb.dir/CMakeCCompilerABI.c.o /tmp/ccZyB9Zc.s]
  ignore line: [GNU assembler version 2.26.1 (x86_64-linux-gnu) using BFD version (GNU Binutils for Ubuntu) 2.26.1]
  ignore line: [COMPILER_PATH=/usr/lib/gcc/x86_64-linux-gnu/9/:/usr/lib/gcc/x86_64-linux-gnu/9/:/usr/lib/gcc/x86_64-linux-gnu/:/usr/lib/gcc/x86_64-linux-gnu/9/:/usr/lib/gcc/x86_64-linux-gnu/]
  ignore line: [LIBRARY_PATH=/usr/lib/gcc/x86_64-linux-gnu/9/:/usr/lib/gcc/x86_64-linux-gnu/9/../../../x86_64-linux-gnu/:/usr/lib/gcc/x86_64-linux-gnu/9/../../../../lib/:/lib/x86_64-linux-gnu/:/lib/../lib/:/usr/lib/x86_64-linux-gnu/:/usr/lib/../lib/:/usr/lib/gcc/x86_64-linux-gnu/9/../../../:/lib/:/usr/lib/]
  ignore line: [COLLECT_GCC_OPTIONS='-v' '-c' '-o' 'CMakeFiles/cmTC_0aadb.dir/CMakeCCompilerABI.c.o' '-mtune=generic' '-march=x86-64']
  ignore line: [Linking C executable cmTC_e1639]
  ignore line: [/usr/local/bin/cmake -E cmake_link_script CMakeFiles/cmTC_e1639.dir/link.txt --verbose=1]
  ignore line: [/usr/lib/ccache/cc  -v CMakeFiles/cmTC_e1639.dir/CMakeCCompilerABI.c.o -o cmTC_e1639 ]
  ignore line: [Using built-in specs.]
  ignore line: [COLLECT_GCC=/usr/bin/cc]
  ignore line: [COLLECT_LTO_WRAPPER=/usr/lib/gcc/x86_64-linux-gnu/9/lto-wrapper]
  ignore line: [OFFLOAD_TARGET_NAMES=nvptx-none:hsa]
  ignore line: [OFFLOAD_TARGET_DEFAULT=1]
  ignore line: [Target: x86_64-linux-gnu]
  ignore line: [Configured with: ../src/configure -v --with-pkgversion='Ubuntu 9.4.0-1ubuntu1~16.04' --with-bugurl=file:///usr/share/doc/gcc-9/README.Bugs --enable-languages=c ada c++ go brig d fortran objc obj-c++ gm2 --prefix=/usr --with-gcc-major-version-only --program-suffix=-9 --program-prefix=x86_64-linux-gnu- --enable-shared --enable-linker-build-id --libexecdir=/usr/lib --without-included-gettext --enable-threads=posix --libdir=/usr/lib --enable-nls --enable-clocale=gnu --enable-libstdcxx-debug --enable-libstdcxx-time=yes --with-default-libstdcxx-abi=new --enable-gnu-unique-object --disable-vtable-verify --enable-plugin --with-system-zlib --with-target-system-zlib=auto --enable-objc-gc=auto --enable-multiarch --disable-werror --with-arch-32=i686 --with-abi=m64 --with-multilib-list=m32 m64 mx32 --enable-multilib --with-tune=generic --enable-offload-targets=nvptx-none=/build/gcc-9-SATzbE/gcc-9-9.4.0/debian/tmp-nvptx/usr hsa --without-cuda-driver --enable-checking=release --build=x86_64-linux-gnu --host=x86_64-linux-gnu --target=x86_64-linux-gnu]
  ignore line: [Thread model: posix]
  ignore line: [gcc version 9.4.0 (Ubuntu 9.4.0-1ubuntu1~16.04) ]
  ignore line: [COMPILER_PATH=/usr/lib/gcc/x86_64-linux-gnu/9/:/usr/lib/gcc/x86_64-linux-gnu/9/:/usr/lib/gcc/x86_64-linux-gnu/:/usr/lib/gcc/x86_64-linux-gnu/9/:/usr/lib/gcc/x86_64-linux-gnu/]
  ignore line: [LIBRARY_PATH=/usr/lib/gcc/x86_64-linux-gnu/9/:/usr/lib/gcc/x86_64-linux-gnu/9/../../../x86_64-linux-gnu/:/usr/lib/gcc/x86_64-linux-gnu/9/../../../../lib/:/lib/x86_64-linux-gnu/:/lib/../lib/:/usr/lib/x86_64-linux-gnu/:/usr/lib/../lib/:/usr/lib/gcc/x86_64-linux-gnu/9/../../../:/lib/:/usr/lib/]
  ignore line: [COLLECT_GCC_OPTIONS='-v' '-o' 'cmTC_e1639' '-mtune=generic' '-march=x86-64']
  link line: [ /usr/lib/gcc/x86_64-linux-gnu/9/collect2 -plugin /usr/lib/gcc/x86_64-linux-gnu/9/liblto_plugin.so -plugin-opt=/usr/lib/gcc/x86_64-linux-gnu/9/lto-wrapper -plugin-opt=-fresolution=/tmp/ccrWehiT.res -plugin-opt=-pass-through=-lgcc -plugin-opt=-pass-through=-lgcc_s -plugin-opt=-pass-through=-lc -plugin-opt=-pass-through=-lgcc -plugin-opt=-pass-through=-lgcc_s --build-id --eh-frame-hdr -m elf_x86_64 --hash-style=gnu --as-needed -dynamic-linker /lib64/ld-linux-x86-64.so.2 -z relro -o cmTC_e1639 /usr/lib/gcc/x86_64-linux-gnu/9/../../../x86_64-linux-gnu/crt1.o /usr/lib/gcc/x86_64-linux-gnu/9/../../../x86_64-linux-gnu/crti.o /usr/lib/gcc/x86_64-linux-gnu/9/crtbegin.o -L/usr/lib/gcc/x86_64-linux-gnu/9 -L/usr/lib/gcc/x86_64-linux-gnu/9/../../../x86_64-linux-gnu -L/usr/lib/gcc/x86_64-linux-gnu/9/../../../../lib -L/lib/x86_64-linux-gnu -L/lib/../lib -L/usr/lib/x86_64-linux-gnu -L/usr/lib/../lib -L/usr/lib/gcc/x86_64-linux-gnu/9/../../.. CMakeFiles/cmTC_e1639.dir/CMakeCCompilerABI.c.o -lgcc --as-needed -lgcc_s --no-as-needed -lc -lgcc --as-needed -lgcc_s --no-as-needed /usr/lib/gcc/x86_64-linux-gnu/9/crtend.o /usr/lib/gcc/x86_64-linux-gnu/9/../../../x86_64-linux-gnu/crtn.o]
    arg [/usr/lib/gcc/x86_64-linux-gnu/9/collect2] ==> ignore
    arg [-plugin] ==> ignore
    arg [/usr/lib/gcc/x86_64-linux-gnu/9/liblto_plugin.so] ==> ignore
    arg [-plugin-opt=/usr/lib/gcc/x86_64-linux-gnu/9/lto-wrapper] ==> ignore
    arg [-plugin-opt=-fresolution=/tmp/ccrWehiT.res] ==> ignore
    arg [-plugin-opt=-pass-through=-lgcc] ==> ignore
    arg [-plugin-opt=-pass-through=-lgcc_s] ==> ignore
    arg [-plugin-opt=-pass-through=-lc] ==> ignore
    arg [-plugin-opt=-pass-through=-lgcc] ==> ignore
    arg [-plugin-opt=-pass-through=-lgcc_s] ==> ignore
    arg [--build-id] ==> ignore
    arg [--eh-frame-hdr] ==> ignore
    arg [-m] ==> ignore
    arg [elf_x86_64] ==> ignore
    arg [--hash-style=gnu] ==> ignore
    arg [--as-needed] ==> ignore
    arg [-dynamic-linker] ==> ignore
    arg [/lib64/ld-linux-x86-64.so.2] ==> ignore
    arg [-zrelro] ==> ignore
    arg [-o] ==> ignore
    arg [cmTC_e1639] ==> ignore
    arg [/usr/lib/gcc/x86_64-linux-gnu/9/../../../x86_64-linux-gnu/crt1.o] ==> obj [/usr/lib/gcc/x86_64-linux-gnu/9/../../../x86_64-linux-gnu/crt1.o]
    arg [/usr/lib/gcc/x86_64-linux-gnu/9/../../../x86_64-linux-gnu/crti.o] ==> obj [/usr/lib/gcc/x86_64-linux-gnu/9/../../../x86_64-linux-gnu/crti.o]
    arg [/usr/lib/gcc/x86_64-linux-gnu/9/crtbegin.o] ==> obj [/usr/lib/gcc/x86_64-linux-gnu/9/crtbegin.o]
    arg [-L/usr/lib/gcc/x86_64-linux-gnu/9] ==> dir [/usr/lib/gcc/x86_64-linux-gnu/9]
    arg [-L/usr/lib/gcc/x86_64-linux-gnu/9/../../../x86_64-linux-gnu] ==> dir [/usr/lib/gcc/x86_64-linux-gnu/9/../../../x86_64-linux-gnu]
    arg [-L/usr/lib/gcc/x86_64-linux-gnu/9/../../../../lib] ==> dir [/usr/lib/gcc/x86_64-linux-gnu/9/../../../../lib]
    arg [-L/lib/x86_64-linux-gnu] ==> dir [/lib/x86_64-linux-gnu]
    arg [-L/lib/../lib] ==> dir [/lib/../lib]
    arg [-L/usr/lib/x86_64-linux-gnu] ==> dir [/usr/lib/x86_64-linux-gnu]
    arg [-L/usr/lib/../lib] ==> dir [/usr/lib/../lib]
    arg [-L/usr/lib/gcc/x86_64-linux-gnu/9/../../..] ==> dir [/usr/lib/gcc/x86_64-linux-gnu/9/../../..]
    arg [CMakeFiles/cmTC_e1639.dir/CMakeCCompilerABI.c.o] ==> ignore
    arg [-lgcc] ==> lib [gcc]
    arg [--as-needed] ==> ignore
    arg [-lgcc_s] ==> lib [gcc_s]
    arg [--no-as-needed] ==> ignore
    arg [-lc] ==> lib [c]
    arg [-lgcc] ==> lib [gcc]
    arg [--as-needed] ==> ignore
    arg [-lgcc_s] ==> lib [gcc_s]
    arg [--no-as-needed] ==> ignore
    arg [/usr/lib/gcc/x86_64-linux-gnu/9/crtend.o] ==> obj [/usr/lib/gcc/x86_64-linux-gnu/9/crtend.o]
    arg [/usr/lib/gcc/x86_64-linux-gnu/9/../../../x86_64-linux-gnu/crtn.o] ==> obj [/usr/lib/gcc/x86_64-linux-gnu/9/../../../x86_64-linux-gnu/crtn.o]
  collapse obj [/usr/lib/gcc/x86_64-linux-gnu/9/../../../x86_64-linux-gnu/crt1.o] ==> [/usr/lib/x86_64-linux-gnu/crt1.o]
  collapse obj [/usr/lib/gcc/x86_64-linux-gnu/9/../../../x86_64-linux-gnu/crti.o] ==> [/usr/lib/x86_64-linux-gnu/crti.o]
  collapse obj [/usr/lib/gcc/x86_64-linux-gnu/9/../../../x86_64-linux-gnu/crtn.o] ==> [/usr/lib/x86_64-linux-gnu/crtn.o]
  collapse library dir [/usr/lib/gcc/x86_64-linux-gnu/9] ==> [/usr/lib/gcc/x86_64-linux-gnu/9]
  collapse library dir [/usr/lib/gcc/x86_64-linux-gnu/9/../../../x86_64-linux-gnu] ==> [/usr/lib/x86_64-linux-gnu]
  collapse library dir [/usr/lib/gcc/x86_64-linux-gnu/9/../../../../lib] ==> [/usr/lib]
  collapse library dir [/lib/x86_64-linux-gnu] ==> [/lib/x86_64-linux-gnu]
  collapse library dir [/lib/../lib] ==> [/lib]
  collapse library dir [/usr/lib/x86_64-linux-gnu] ==> [/usr/lib/x86_64-linux-gnu]
  collapse library dir [/usr/lib/../lib] ==> [/usr/lib]
  collapse library dir [/usr/lib/gcc/x86_64-linux-gnu/9/../../..] ==> [/usr/lib]
  implicit libs: [gcc;gcc_s;c;gcc;gcc_s]
  implicit objs: [/usr/lib/x86_64-linux-gnu/crt1.o;/usr/lib/x86_64-linux-gnu/crti.o;/usr/lib/gcc/x86_64-linux-gnu/9/crtbegin.o;/usr/lib/gcc/x86_64-linux-gnu/9/crtend.o;/usr/lib/x86_64-linux-gnu/crtn.o]
  implicit dirs: [/usr/lib/gcc/x86_64-linux-gnu/9;/usr/lib/x86_64-linux-gnu;/usr/lib;/lib/x86_64-linux-gnu;/lib]
  implicit fwks: []


Detecting CXX compiler ABI info compiled with the following output:
Change Dir: /home/anupam/github_robotics/simulator/mujoco_mpc_merge/build/CMakeFiles/CMakeScratch/TryCompile-fHD8N0

Run Build Command(s):/usr/bin/make -f Makefile cmTC_b4468/fast && /usr/bin/make  -f CMakeFiles/cmTC_b4468.dir/build.make CMakeFiles/cmTC_b4468.dir/build
make[1]: Entering directory '/home/anupam/github_robotics/simulator/mujoco_mpc_merge/build/CMakeFiles/CMakeScratch/TryCompile-fHD8N0'
Building CXX object CMakeFiles/cmTC_b4468.dir/CMakeCXXCompilerABI.cpp.o
/usr/lib/ccache/c++   -v -o CMakeFiles/cmTC_b4468.dir/CMakeCXXCompilerABI.cpp.o -c /usr/local/share/cmake-3.25/Modules/CMakeCXXCompilerABI.cpp
Using built-in specs.
COLLECT_GCC=/usr/bin/c++
OFFLOAD_TARGET_NAMES=nvptx-none:hsa
OFFLOAD_TARGET_DEFAULT=1
Target: x86_64-linux-gnu
Configured with: ../src/configure -v --with-pkgversion='Ubuntu 9.4.0-1ubuntu1~16.04' --with-bugurl=file:///usr/share/doc/gcc-9/README.Bugs --enable-languages=c,ada,c++,go,brig,d,fortran,objc,obj-c++,gm2 --prefix=/usr --with-gcc-major-version-only --program-suffix=-9 --program-prefix=x86_64-linux-gnu- --enable-shared --enable-linker-build-id --libexecdir=/usr/lib --without-included-gettext --enable-threads=posix --libdir=/usr/lib --enable-nls --enable-clocale=gnu --enable-libstdcxx-debug --enable-libstdcxx-time=yes --with-default-libstdcxx-abi=new --enable-gnu-unique-object --disable-vtable-verify --enable-plugin --with-system-zlib --with-target-system-zlib=auto --enable-objc-gc=auto --enable-multiarch --disable-werror --with-arch-32=i686 --with-abi=m64 --with-multilib-list=m32,m64,mx32 --enable-multilib --with-tune=generic --enable-offload-targets=nvptx-none=/build/gcc-9-SATzbE/gcc-9-9.4.0/debian/tmp-nvptx/usr,hsa --without-cuda-driver --enable-checking=release --build=x86_64-linux-gnu --host=x86_64-linux-gnu --target=x86_64-linux-gnu
Thread model: posix
gcc version 9.4.0 (Ubuntu 9.4.0-1ubuntu1~16.04) 
COLLECT_GCC_OPTIONS='-v' '-E' '-shared-libgcc' '-mtune=generic' '-march=x86-64'
 /usr/lib/gcc/x86_64-linux-gnu/9/cc1plus -E -quiet -v -imultiarch x86_64-linux-gnu -D_GNU_SOURCE /usr/local/share/cmake-3.25/Modules/CMakeCXXCompilerABI.cpp -mtune=generic -march=x86-64 -fasynchronous-unwind-tables -fstack-protector-strong -Wformat -Wformat-security
ignoring duplicate directory "/usr/include/x86_64-linux-gnu/c++/9"
ignoring nonexistent directory "/usr/local/include/x86_64-linux-gnu"
ignoring nonexistent directory "/usr/lib/gcc/x86_64-linux-gnu/9/include-fixed"
ignoring nonexistent directory "/usr/lib/gcc/x86_64-linux-gnu/9/../../../../x86_64-linux-gnu/include"
#include "..." search starts here:
#include <...> search starts here:
 /usr/include/c++/9
 /usr/include/x86_64-linux-gnu/c++/9
 /usr/include/c++/9/backward
 /usr/lib/gcc/x86_64-linux-gnu/9/include
 /usr/local/include
 /usr/include/x86_64-linux-gnu
 /usr/include
End of search list.
COMPILER_PATH=/usr/lib/gcc/x86_64-linux-gnu/9/:/usr/lib/gcc/x86_64-linux-gnu/9/:/usr/lib/gcc/x86_64-linux-gnu/:/usr/lib/gcc/x86_64-linux-gnu/9/:/usr/lib/gcc/x86_64-linux-gnu/
LIBRARY_PATH=/usr/lib/gcc/x86_64-linux-gnu/9/:/usr/lib/gcc/x86_64-linux-gnu/9/../../../x86_64-linux-gnu/:/usr/lib/gcc/x86_64-linux-gnu/9/../../../../lib/:/lib/x86_64-linux-gnu/:/lib/../lib/:/usr/lib/x86_64-linux-gnu/:/usr/lib/../lib/:/usr/lib/gcc/x86_64-linux-gnu/9/../../../:/lib/:/usr/lib/
COLLECT_GCC_OPTIONS='-v' '-E' '-shared-libgcc' '-mtune=generic' '-march=x86-64'
Using built-in specs.
COLLECT_GCC=/usr/bin/c++
OFFLOAD_TARGET_NAMES=nvptx-none:hsa
OFFLOAD_TARGET_DEFAULT=1
Target: x86_64-linux-gnu
Configured with: ../src/configure -v --with-pkgversion='Ubuntu 9.4.0-1ubuntu1~16.04' --with-bugurl=file:///usr/share/doc/gcc-9/README.Bugs --enable-languages=c,ada,c++,go,brig,d,fortran,objc,obj-c++,gm2 --prefix=/usr --with-gcc-major-version-only --program-suffix=-9 --program-prefix=x86_64-linux-gnu- --enable-shared --enable-linker-build-id --libexecdir=/usr/lib --without-included-gettext --enable-threads=posix --libdir=/usr/lib --enable-nls --enable-clocale=gnu --enable-libstdcxx-debug --enable-libstdcxx-time=yes --with-default-libstdcxx-abi=new --enable-gnu-unique-object --disable-vtable-verify --enable-plugin --with-system-zlib --with-target-system-zlib=auto --enable-objc-gc=auto --enable-multiarch --disable-werror --with-arch-32=i686 --with-abi=m64 --with-multilib-list=m32,m64,mx32 --enable-multilib --with-tune=generic --enable-offload-targets=nvptx-none=/build/gcc-9-SATzbE/gcc-9-9.4.0/debian/tmp-nvptx/usr,hsa --without-cuda-driver --enable-checking=release --build=x86_64-linux-gnu --host=x86_64-linux-gnu --target=x86_64-linux-gnu
Thread model: posix
gcc version 9.4.0 (Ubuntu 9.4.0-1ubuntu1~16.04) 
COLLECT_GCC_OPTIONS='-v' '-c' '-o' 'CMakeFiles/cmTC_f977a.dir/CMakeCXXCompilerABI.cpp.o' '-shared-libgcc' '-mtune=generic' '-march=x86-64'
 /usr/lib/gcc/x86_64-linux-gnu/9/cc1plus -fpreprocessed /home/anupam/.ccache/tmp/CMakeCXXCo.stdout.anupam-Inspiron-15-7000-Gaming.8753.HGgysz.ii -quiet -dumpbase CMakeCXXCo.stdout.anupam-Inspiron-15-7000-Gaming.8753.HGgysz.ii -mtune=generic -march=x86-64 -auxbase-strip CMakeFiles/cmTC_f977a.dir/CMakeCXXCompilerABI.cpp.o -version -fasynchronous-unwind-tables -fstack-protector-strong -Wformat -Wformat-security -o /tmp/cclvFYZh.s
GNU C++14 (Ubuntu 9.4.0-1ubuntu1~16.04) version 9.4.0 (x86_64-linux-gnu)
	compiled by GNU C version 9.4.0, GMP version 6.1.0, MPFR version 3.1.4, MPC version 1.0.3, isl version isl-0.16.1-GMP

GGC heuristics: --param ggc-min-expand=100 --param ggc-min-heapsize=131072
GNU C++14 (Ubuntu 9.4.0-1ubuntu1~16.04) version 9.4.0 (x86_64-linux-gnu)
	compiled by GNU C version 9.4.0, GMP version 6.1.0, MPFR version 3.1.4, MPC version 1.0.3, isl version isl-0.16.1-GMP

GGC heuristics: --param ggc-min-expand=100 --param ggc-min-heapsize=131072
Compiler executable checksum: 84d47d27c0d1c7976681e8d5895ba591
COLLECT_GCC_OPTIONS='-v' '-c' '-o' 'CMakeFiles/cmTC_f977a.dir/CMakeCXXCompilerABI.cpp.o' '-shared-libgcc' '-mtune=generic' '-march=x86-64'
 as -v --64 -o CMakeFiles/cmTC_f977a.dir/CMakeCXXCompilerABI.cpp.o /tmp/cclvFYZh.s
GNU assembler version 2.26.1 (x86_64-linux-gnu) using BFD version (GNU Binutils for Ubuntu) 2.26.1
COMPILER_PATH=/usr/lib/gcc/x86_64-linux-gnu/9/:/usr/lib/gcc/x86_64-linux-gnu/9/:/usr/lib/gcc/x86_64-linux-gnu/:/usr/lib/gcc/x86_64-linux-gnu/9/:/usr/lib/gcc/x86_64-linux-gnu/
LIBRARY_PATH=/usr/lib/gcc/x86_64-linux-gnu/9/:/usr/lib/gcc/x86_64-linux-gnu/9/../../../x86_64-linux-gnu/:/usr/lib/gcc/x86_64-linux-gnu/9/../../../../lib/:/lib/x86_64-linux-gnu/:/lib/../lib/:/usr/lib/x86_64-linux-gnu/:/usr/lib/../lib/:/usr/lib/gcc/x86_64-linux-gnu/9/../../../:/lib/:/usr/lib/
COLLECT_GCC_OPTIONS='-v' '-c' '-o' 'CMakeFiles/cmTC_f977a.dir/CMakeCXXCompilerABI.cpp.o' '-shared-libgcc' '-mtune=generic' '-march=x86-64'
Linking CXX executable cmTC_b4468
/usr/local/bin/cmake -E cmake_link_script CMakeFiles/cmTC_b4468.dir/link.txt --verbose=1
/usr/lib/ccache/c++  -v CMakeFiles/cmTC_b4468.dir/CMakeCXXCompilerABI.cpp.o -o cmTC_b4468 
Using built-in specs.
COLLECT_GCC=/usr/bin/c++
COLLECT_LTO_WRAPPER=/usr/lib/gcc/x86_64-linux-gnu/9/lto-wrapper
OFFLOAD_TARGET_NAMES=nvptx-none:hsa
OFFLOAD_TARGET_DEFAULT=1
Target: x86_64-linux-gnu
Configured with: ../src/configure -v --with-pkgversion='Ubuntu 9.4.0-1ubuntu1~16.04' --with-bugurl=file:///usr/share/doc/gcc-9/README.Bugs --enable-languages=c,ada,c++,go,brig,d,fortran,objc,obj-c++,gm2 --prefix=/usr --with-gcc-major-version-only --program-suffix=-9 --program-prefix=x86_64-linux-gnu- --enable-shared --enable-linker-build-id --libexecdir=/usr/lib --without-included-gettext --enable-threads=posix --libdir=/usr/lib --enable-nls --enable-clocale=gnu --enable-libstdcxx-debug --enable-libstdcxx-time=yes --with-default-libstdcxx-abi=new --enable-gnu-unique-object --disable-vtable-verify --enable-plugin --with-system-zlib --with-target-system-zlib=auto --enable-objc-gc=auto --enable-multiarch --disable-werror --with-arch-32=i686 --with-abi=m64 --with-multilib-list=m32,m64,mx32 --enable-multilib --with-tune=generic --enable-offload-targets=nvptx-none=/build/gcc-9-SATzbE/gcc-9-9.4.0/debian/tmp-nvptx/usr,hsa --without-cuda-driver --enable-checking=release --build=x86_64-linux-gnu --host=x86_64-linux-gnu --target=x86_64-linux-gnu
Thread model: posix
gcc version 9.4.0 (Ubuntu 9.4.0-1ubuntu1~16.04) 
COMPILER_PATH=/usr/lib/gcc/x86_64-linux-gnu/9/:/usr/lib/gcc/x86_64-linux-gnu/9/:/usr/lib/gcc/x86_64-linux-gnu/:/usr/lib/gcc/x86_64-linux-gnu/9/:/usr/lib/gcc/x86_64-linux-gnu/
LIBRARY_PATH=/usr/lib/gcc/x86_64-linux-gnu/9/:/usr/lib/gcc/x86_64-linux-gnu/9/../../../x86_64-linux-gnu/:/usr/lib/gcc/x86_64-linux-gnu/9/../../../../lib/:/lib/x86_64-linux-gnu/:/lib/../lib/:/usr/lib/x86_64-linux-gnu/:/usr/lib/../lib/:/usr/lib/gcc/x86_64-linux-gnu/9/../../../:/lib/:/usr/lib/
COLLECT_GCC_OPTIONS='-v' '-o' 'cmTC_b4468' '-shared-libgcc' '-mtune=generic' '-march=x86-64'
 /usr/lib/gcc/x86_64-linux-gnu/9/collect2 -plugin /usr/lib/gcc/x86_64-linux-gnu/9/liblto_plugin.so -plugin-opt=/usr/lib/gcc/x86_64-linux-gnu/9/lto-wrapper -plugin-opt=-fresolution=/tmp/ccR3nJTT.res -plugin-opt=-pass-through=-lgcc_s -plugin-opt=-pass-through=-lgcc -plugin-opt=-pass-through=-lc -plugin-opt=-pass-through=-lgcc_s -plugin-opt=-pass-through=-lgcc --build-id --eh-frame-hdr -m elf_x86_64 --hash-style=gnu --as-needed -dynamic-linker /lib64/ld-linux-x86-64.so.2 -z relro -o cmTC_b4468 /usr/lib/gcc/x86_64-linux-gnu/9/../../../x86_64-linux-gnu/crt1.o /usr/lib/gcc/x86_64-linux-gnu/9/../../../x86_64-linux-gnu/crti.o /usr/lib/gcc/x86_64-linux-gnu/9/crtbegin.o -L/usr/lib/gcc/x86_64-linux-gnu/9 -L/usr/lib/gcc/x86_64-linux-gnu/9/../../../x86_64-linux-gnu -L/usr/lib/gcc/x86_64-linux-gnu/9/../../../../lib -L/lib/x86_64-linux-gnu -L/lib/../lib -L/usr/lib/x86_64-linux-gnu -L/usr/lib/../lib -L/usr/lib/gcc/x86_64-linux-gnu/9/../../.. CMakeFiles/cmTC_b4468.dir/CMakeCXXCompilerABI.cpp.o -lstdc++ -lm -lgcc_s -lgcc -lc -lgcc_s -lgcc /usr/lib/gcc/x86_64-linux-gnu/9/crtend.o /usr/lib/gcc/x86_64-linux-gnu/9/../../../x86_64-linux-gnu/crtn.o
COLLECT_GCC_OPTIONS='-v' '-o' 'cmTC_b4468' '-shared-libgcc' '-mtune=generic' '-march=x86-64'
make[1]: Leaving directory '/home/anupam/github_robotics/simulator/mujoco_mpc_merge/build/CMakeFiles/CMakeScratch/TryCompile-fHD8N0'



Parsed CXX implicit include dir info from above output: rv=done
  found start of include info
  found start of implicit include info
    add: [/usr/include/c++/9]
    add: [/usr/include/x86_64-linux-gnu/c++/9]
    add: [/usr/include/c++/9/backward]
    add: [/usr/lib/gcc/x86_64-linux-gnu/9/include]
    add: [/usr/local/include]
    add: [/usr/include/x86_64-linux-gnu]
    add: [/usr/include]
  end of search list found
  collapse include dir [/usr/include/c++/9] ==> [/usr/include/c++/9]
  collapse include dir [/usr/include/x86_64-linux-gnu/c++/9] ==> [/usr/include/x86_64-linux-gnu/c++/9]
  collapse include dir [/usr/include/c++/9/backward] ==> [/usr/include/c++/9/backward]
  collapse include dir [/usr/lib/gcc/x86_64-linux-gnu/9/include] ==> [/usr/lib/gcc/x86_64-linux-gnu/9/include]
  collapse include dir [/usr/local/include] ==> [/usr/local/include]
  collapse include dir [/usr/include/x86_64-linux-gnu] ==> [/usr/include/x86_64-linux-gnu]
  collapse include dir [/usr/include] ==> [/usr/include]
  implicit include dirs: [/usr/include/c++/9;/usr/include/x86_64-linux-gnu/c++/9;/usr/include/c++/9/backward;/usr/lib/gcc/x86_64-linux-gnu/9/include;/usr/local/include;/usr/include/x86_64-linux-gnu;/usr/include]


Parsed CXX implicit link information from above output:
  link line regex: [^( *|.*[/\])(ld|CMAKE_LINK_STARTFILE-NOTFOUND|([^/\]+-)?ld|collect2)[^/\]*( |$)]
  ignore line: [Change Dir: /home/anupam/github_robotics/simulator/mujoco_mpc_merge/build/CMakeFiles/CMakeScratch/TryCompile-fHD8N0]
  ignore line: []
  ignore line: [Run Build Command(s):/usr/bin/make -f Makefile cmTC_b4468/fast && /usr/bin/make  -f CMakeFiles/cmTC_b4468.dir/build.make CMakeFiles/cmTC_b4468.dir/build]
  ignore line: [make[1]: Entering directory '/home/anupam/github_robotics/simulator/mujoco_mpc_merge/build/CMakeFiles/CMakeScratch/TryCompile-fHD8N0']
  ignore line: [Building CXX object CMakeFiles/cmTC_b4468.dir/CMakeCXXCompilerABI.cpp.o]
  ignore line: [/usr/lib/ccache/c++   -v -o CMakeFiles/cmTC_b4468.dir/CMakeCXXCompilerABI.cpp.o -c /usr/local/share/cmake-3.25/Modules/CMakeCXXCompilerABI.cpp]
  ignore line: [Using built-in specs.]
  ignore line: [COLLECT_GCC=/usr/bin/c++]
  ignore line: [OFFLOAD_TARGET_NAMES=nvptx-none:hsa]
  ignore line: [OFFLOAD_TARGET_DEFAULT=1]
  ignore line: [Target: x86_64-linux-gnu]
  ignore line: [Configured with: ../src/configure -v --with-pkgversion='Ubuntu 9.4.0-1ubuntu1~16.04' --with-bugurl=file:///usr/share/doc/gcc-9/README.Bugs --enable-languages=c ada c++ go brig d fortran objc obj-c++ gm2 --prefix=/usr --with-gcc-major-version-only --program-suffix=-9 --program-prefix=x86_64-linux-gnu- --enable-shared --enable-linker-build-id --libexecdir=/usr/lib --without-included-gettext --enable-threads=posix --libdir=/usr/lib --enable-nls --enable-clocale=gnu --enable-libstdcxx-debug --enable-libstdcxx-time=yes --with-default-libstdcxx-abi=new --enable-gnu-unique-object --disable-vtable-verify --enable-plugin --with-system-zlib --with-target-system-zlib=auto --enable-objc-gc=auto --enable-multiarch --disable-werror --with-arch-32=i686 --with-abi=m64 --with-multilib-list=m32 m64 mx32 --enable-multilib --with-tune=generic --enable-offload-targets=nvptx-none=/build/gcc-9-SATzbE/gcc-9-9.4.0/debian/tmp-nvptx/usr hsa --without-cuda-driver --enable-checking=release --build=x86_64-linux-gnu --host=x86_64-linux-gnu --target=x86_64-linux-gnu]
  ignore line: [Thread model: posix]
  ignore line: [gcc version 9.4.0 (Ubuntu 9.4.0-1ubuntu1~16.04) ]
  ignore line: [COLLECT_GCC_OPTIONS='-v' '-E' '-shared-libgcc' '-mtune=generic' '-march=x86-64']
  ignore line: [ /usr/lib/gcc/x86_64-linux-gnu/9/cc1plus -E -quiet -v -imultiarch x86_64-linux-gnu -D_GNU_SOURCE /usr/local/share/cmake-3.25/Modules/CMakeCXXCompilerABI.cpp -mtune=generic -march=x86-64 -fasynchronous-unwind-tables -fstack-protector-strong -Wformat -Wformat-security]
  ignore line: [ignoring duplicate directory "/usr/include/x86_64-linux-gnu/c++/9"]
  ignore line: [ignoring nonexistent directory "/usr/local/include/x86_64-linux-gnu"]
  ignore line: [ignoring nonexistent directory "/usr/lib/gcc/x86_64-linux-gnu/9/include-fixed"]
  ignore line: [ignoring nonexistent directory "/usr/lib/gcc/x86_64-linux-gnu/9/../../../../x86_64-linux-gnu/include"]
  ignore line: [#include "..." search starts here:]
  ignore line: [#include <...> search starts here:]
  ignore line: [ /usr/include/c++/9]
  ignore line: [ /usr/include/x86_64-linux-gnu/c++/9]
  ignore line: [ /usr/include/c++/9/backward]
  ignore line: [ /usr/lib/gcc/x86_64-linux-gnu/9/include]
  ignore line: [ /usr/local/include]
  ignore line: [ /usr/include/x86_64-linux-gnu]
  ignore line: [ /usr/include]
  ignore line: [End of search list.]
  ignore line: [COMPILER_PATH=/usr/lib/gcc/x86_64-linux-gnu/9/:/usr/lib/gcc/x86_64-linux-gnu/9/:/usr/lib/gcc/x86_64-linux-gnu/:/usr/lib/gcc/x86_64-linux-gnu/9/:/usr/lib/gcc/x86_64-linux-gnu/]
  ignore line: [LIBRARY_PATH=/usr/lib/gcc/x86_64-linux-gnu/9/:/usr/lib/gcc/x86_64-linux-gnu/9/../../../x86_64-linux-gnu/:/usr/lib/gcc/x86_64-linux-gnu/9/../../../../lib/:/lib/x86_64-linux-gnu/:/lib/../lib/:/usr/lib/x86_64-linux-gnu/:/usr/lib/../lib/:/usr/lib/gcc/x86_64-linux-gnu/9/../../../:/lib/:/usr/lib/]
  ignore line: [COLLECT_GCC_OPTIONS='-v' '-E' '-shared-libgcc' '-mtune=generic' '-march=x86-64']
  ignore line: [Using built-in specs.]
  ignore line: [COLLECT_GCC=/usr/bin/c++]
  ignore line: [OFFLOAD_TARGET_NAMES=nvptx-none:hsa]
  ignore line: [OFFLOAD_TARGET_DEFAULT=1]
  ignore line: [Target: x86_64-linux-gnu]
  ignore line: [Configured with: ../src/configure -v --with-pkgversion='Ubuntu 9.4.0-1ubuntu1~16.04' --with-bugurl=file:///usr/share/doc/gcc-9/README.Bugs --enable-languages=c ada c++ go brig d fortran objc obj-c++ gm2 --prefix=/usr --with-gcc-major-version-only --program-suffix=-9 --program-prefix=x86_64-linux-gnu- --enable-shared --enable-linker-build-id --libexecdir=/usr/lib --without-included-gettext --enable-threads=posix --libdir=/usr/lib --enable-nls --enable-clocale=gnu --enable-libstdcxx-debug --enable-libstdcxx-time=yes --with-default-libstdcxx-abi=new --enable-gnu-unique-object --disable-vtable-verify --enable-plugin --with-system-zlib --with-target-system-zlib=auto --enable-objc-gc=auto --enable-multiarch --disable-werror --with-arch-32=i686 --with-abi=m64 --with-multilib-list=m32 m64 mx32 --enable-multilib --with-tune=generic --enable-offload-targets=nvptx-none=/build/gcc-9-SATzbE/gcc-9-9.4.0/debian/tmp-nvptx/usr hsa --without-cuda-driver --enable-checking=release --build=x86_64-linux-gnu --host=x86_64-linux-gnu --target=x86_64-linux-gnu]
  ignore line: [Thread model: posix]
  ignore line: [gcc version 9.4.0 (Ubuntu 9.4.0-1ubuntu1~16.04) ]
  ignore line: [COLLECT_GCC_OPTIONS='-v' '-c' '-o' 'CMakeFiles/cmTC_f977a.dir/CMakeCXXCompilerABI.cpp.o' '-shared-libgcc' '-mtune=generic' '-march=x86-64']
  ignore line: [ /usr/lib/gcc/x86_64-linux-gnu/9/cc1plus -fpreprocessed /home/anupam/.ccache/tmp/CMakeCXXCo.stdout.anupam-Inspiron-15-7000-Gaming.8753.HGgysz.ii -quiet -dumpbase CMakeCXXCo.stdout.anupam-Inspiron-15-7000-Gaming.8753.HGgysz.ii -mtune=generic -march=x86-64 -auxbase-strip CMakeFiles/cmTC_f977a.dir/CMakeCXXCompilerABI.cpp.o -version -fasynchronous-unwind-tables -fstack-protector-strong -Wformat -Wformat-security -o /tmp/cclvFYZh.s]
  ignore line: [GNU C++14 (Ubuntu 9.4.0-1ubuntu1~16.04) version 9.4.0 (x86_64-linux-gnu)]
  ignore line: [	compiled by GNU C version 9.4.0  GMP version 6.1.0  MPFR version 3.1.4  MPC version 1.0.3  isl version isl-0.16.1-GMP]
  ignore line: []
  ignore line: [GGC heuristics: --param ggc-min-expand=100 --param ggc-min-heapsize=131072]
  ignore line: [GNU C++14 (Ubuntu 9.4.0-1ubuntu1~16.04) version 9.4.0 (x86_64-linux-gnu)]
  ignore line: [	compiled by GNU C version 9.4.0  GMP version 6.1.0  MPFR version 3.1.4  MPC version 1.0.3  isl version isl-0.16.1-GMP]
  ignore line: []
  ignore line: [GGC heuristics: --param ggc-min-expand=100 --param ggc-min-heapsize=131072]
  ignore line: [Compiler executable checksum: 84d47d27c0d1c7976681e8d5895ba591]
  ignore line: [COLLECT_GCC_OPTIONS='-v' '-c' '-o' 'CMakeFiles/cmTC_f977a.dir/CMakeCXXCompilerABI.cpp.o' '-shared-libgcc' '-mtune=generic' '-march=x86-64']
  ignore line: [ as -v --64 -o CMakeFiles/cmTC_f977a.dir/CMakeCXXCompilerABI.cpp.o /tmp/cclvFYZh.s]
  ignore line: [GNU assembler version 2.26.1 (x86_64-linux-gnu) using BFD version (GNU Binutils for Ubuntu) 2.26.1]
  ignore line: [COMPILER_PATH=/usr/lib/gcc/x86_64-linux-gnu/9/:/usr/lib/gcc/x86_64-linux-gnu/9/:/usr/lib/gcc/x86_64-linux-gnu/:/usr/lib/gcc/x86_64-linux-gnu/9/:/usr/lib/gcc/x86_64-linux-gnu/]
  ignore line: [LIBRARY_PATH=/usr/lib/gcc/x86_64-linux-gnu/9/:/usr/lib/gcc/x86_64-linux-gnu/9/../../../x86_64-linux-gnu/:/usr/lib/gcc/x86_64-linux-gnu/9/../../../../lib/:/lib/x86_64-linux-gnu/:/lib/../lib/:/usr/lib/x86_64-linux-gnu/:/usr/lib/../lib/:/usr/lib/gcc/x86_64-linux-gnu/9/../../../:/lib/:/usr/lib/]
  ignore line: [COLLECT_GCC_OPTIONS='-v' '-c' '-o' 'CMakeFiles/cmTC_f977a.dir/CMakeCXXCompilerABI.cpp.o' '-shared-libgcc' '-mtune=generic' '-march=x86-64']
  ignore line: [Linking CXX executable cmTC_b4468]
  ignore line: [/usr/local/bin/cmake -E cmake_link_script CMakeFiles/cmTC_b4468.dir/link.txt --verbose=1]
  ignore line: [/usr/lib/ccache/c++  -v CMakeFiles/cmTC_b4468.dir/CMakeCXXCompilerABI.cpp.o -o cmTC_b4468 ]
  ignore line: [Using built-in specs.]
  ignore line: [COLLECT_GCC=/usr/bin/c++]
  ignore line: [COLLECT_LTO_WRAPPER=/usr/lib/gcc/x86_64-linux-gnu/9/lto-wrapper]
  ignore line: [OFFLOAD_TARGET_NAMES=nvptx-none:hsa]
  ignore line: [OFFLOAD_TARGET_DEFAULT=1]
  ignore line: [Target: x86_64-linux-gnu]
  ignore line: [Configured with: ../src/configure -v --with-pkgversion='Ubuntu 9.4.0-1ubuntu1~16.04' --with-bugurl=file:///usr/share/doc/gcc-9/README.Bugs --enable-languages=c ada c++ go brig d fortran objc obj-c++ gm2 --prefix=/usr --with-gcc-major-version-only --program-suffix=-9 --program-prefix=x86_64-linux-gnu- --enable-shared --enable-linker-build-id --libexecdir=/usr/lib --without-included-gettext --enable-threads=posix --libdir=/usr/lib --enable-nls --enable-clocale=gnu --enable-libstdcxx-debug --enable-libstdcxx-time=yes --with-default-libstdcxx-abi=new --enable-gnu-unique-object --disable-vtable-verify --enable-plugin --with-system-zlib --with-target-system-zlib=auto --enable-objc-gc=auto --enable-multiarch --disable-werror --with-arch-32=i686 --with-abi=m64 --with-multilib-list=m32 m64 mx32 --enable-multilib --with-tune=generic --enable-offload-targets=nvptx-none=/build/gcc-9-SATzbE/gcc-9-9.4.0/debian/tmp-nvptx/usr hsa --without-cuda-driver --enable-checking=release --build=x86_64-linux-gnu --host=x86_64-linux-gnu --target=x86_64-linux-gnu]
  ignore line: [Thread model: posix]
  ignore line: [gcc version 9.4.0 (Ubuntu 9.4.0-1ubuntu1~16.04) ]
  ignore line: [COMPILER_PATH=/usr/lib/gcc/x86_64-linux-gnu/9/:/usr/lib/gcc/x86_64-linux-gnu/9/:/usr/lib/gcc/x86_64-linux-gnu/:/usr/lib/gcc/x86_64-linux-gnu/9/:/usr/lib/gcc/x86_64-linux-gnu/]
  ignore line: [LIBRARY_PATH=/usr/lib/gcc/x86_64-linux-gnu/9/:/usr/lib/gcc/x86_64-linux-gnu/9/../../../x86_64-linux-gnu/:/usr/lib/gcc/x86_64-linux-gnu/9/../../../../lib/:/lib/x86_64-linux-gnu/:/lib/../lib/:/usr/lib/x86_64-linux-gnu/:/usr/lib/../lib/:/usr/lib/gcc/x86_64-linux-gnu/9/../../../:/lib/:/usr/lib/]
  ignore line: [COLLECT_GCC_OPTIONS='-v' '-o' 'cmTC_b4468' '-shared-libgcc' '-mtune=generic' '-march=x86-64']
  link line: [ /usr/lib/gcc/x86_64-linux-gnu/9/collect2 -plugin /usr/lib/gcc/x86_64-linux-gnu/9/liblto_plugin.so -plugin-opt=/usr/lib/gcc/x86_64-linux-gnu/9/lto-wrapper -plugin-opt=-fresolution=/tmp/ccR3nJTT.res -plugin-opt=-pass-through=-lgcc_s -plugin-opt=-pass-through=-lgcc -plugin-opt=-pass-through=-lc -plugin-opt=-pass-through=-lgcc_s -plugin-opt=-pass-through=-lgcc --build-id --eh-frame-hdr -m elf_x86_64 --hash-style=gnu --as-needed -dynamic-linker /lib64/ld-linux-x86-64.so.2 -z relro -o cmTC_b4468 /usr/lib/gcc/x86_64-linux-gnu/9/../../../x86_64-linux-gnu/crt1.o /usr/lib/gcc/x86_64-linux-gnu/9/../../../x86_64-linux-gnu/crti.o /usr/lib/gcc/x86_64-linux-gnu/9/crtbegin.o -L/usr/lib/gcc/x86_64-linux-gnu/9 -L/usr/lib/gcc/x86_64-linux-gnu/9/../../../x86_64-linux-gnu -L/usr/lib/gcc/x86_64-linux-gnu/9/../../../../lib -L/lib/x86_64-linux-gnu -L/lib/../lib -L/usr/lib/x86_64-linux-gnu -L/usr/lib/../lib -L/usr/lib/gcc/x86_64-linux-gnu/9/../../.. CMakeFiles/cmTC_b4468.dir/CMakeCXXCompilerABI.cpp.o -lstdc++ -lm -lgcc_s -lgcc -lc -lgcc_s -lgcc /usr/lib/gcc/x86_64-linux-gnu/9/crtend.o /usr/lib/gcc/x86_64-linux-gnu/9/../../../x86_64-linux-gnu/crtn.o]
    arg [/usr/lib/gcc/x86_64-linux-gnu/9/collect2] ==> ignore
    arg [-plugin] ==> ignore
    arg [/usr/lib/gcc/x86_64-linux-gnu/9/liblto_plugin.so] ==> ignore
    arg [-plugin-opt=/usr/lib/gcc/x86_64-linux-gnu/9/lto-wrapper] ==> ignore
    arg [-plugin-opt=-fresolution=/tmp/ccR3nJTT.res] ==> ignore
    arg [-plugin-opt=-pass-through=-lgcc_s] ==> ignore
    arg [-plugin-opt=-pass-through=-lgcc] ==> ignore
    arg [-plugin-opt=-pass-through=-lc] ==> ignore
    arg [-plugin-opt=-pass-through=-lgcc_s] ==> ignore
    arg [-plugin-opt=-pass-through=-lgcc] ==> ignore
    arg [--build-id] ==> ignore
    arg [--eh-frame-hdr] ==> ignore
    arg [-m] ==> ignore
    arg [elf_x86_64] ==> ignore
    arg [--hash-style=gnu] ==> ignore
    arg [--as-needed] ==> ignore
    arg [-dynamic-linker] ==> ignore
    arg [/lib64/ld-linux-x86-64.so.2] ==> ignore
    arg [-zrelro] ==> ignore
    arg [-o] ==> ignore
    arg [cmTC_b4468] ==> ignore
    arg [/usr/lib/gcc/x86_64-linux-gnu/9/../../../x86_64-linux-gnu/crt1.o] ==> obj [/usr/lib/gcc/x86_64-linux-gnu/9/../../../x86_64-linux-gnu/crt1.o]
    arg [/usr/lib/gcc/x86_64-linux-gnu/9/../../../x86_64-linux-gnu/crti.o] ==> obj [/usr/lib/gcc/x86_64-linux-gnu/9/../../../x86_64-linux-gnu/crti.o]
    arg [/usr/lib/gcc/x86_64-linux-gnu/9/crtbegin.o] ==> obj [/usr/lib/gcc/x86_64-linux-gnu/9/crtbegin.o]
    arg [-L/usr/lib/gcc/x86_64-linux-gnu/9] ==> dir [/usr/lib/gcc/x86_64-linux-gnu/9]
    arg [-L/usr/lib/gcc/x86_64-linux-gnu/9/../../../x86_64-linux-gnu] ==> dir [/usr/lib/gcc/x86_64-linux-gnu/9/../../../x86_64-linux-gnu]
    arg [-L/usr/lib/gcc/x86_64-linux-gnu/9/../../../../lib] ==> dir [/usr/lib/gcc/x86_64-linux-gnu/9/../../../../lib]
    arg [-L/lib/x86_64-linux-gnu] ==> dir [/lib/x86_64-linux-gnu]
    arg [-L/lib/../lib] ==> dir [/lib/../lib]
    arg [-L/usr/lib/x86_64-linux-gnu] ==> dir [/usr/lib/x86_64-linux-gnu]
    arg [-L/usr/lib/../lib] ==> dir [/usr/lib/../lib]
    arg [-L/usr/lib/gcc/x86_64-linux-gnu/9/../../..] ==> dir [/usr/lib/gcc/x86_64-linux-gnu/9/../../..]
    arg [CMakeFiles/cmTC_b4468.dir/CMakeCXXCompilerABI.cpp.o] ==> ignore
    arg [-lstdc++] ==> lib [stdc++]
    arg [-lm] ==> lib [m]
    arg [-lgcc_s] ==> lib [gcc_s]
    arg [-lgcc] ==> lib [gcc]
    arg [-lc] ==> lib [c]
    arg [-lgcc_s] ==> lib [gcc_s]
    arg [-lgcc] ==> lib [gcc]
    arg [/usr/lib/gcc/x86_64-linux-gnu/9/crtend.o] ==> obj [/usr/lib/gcc/x86_64-linux-gnu/9/crtend.o]
    arg [/usr/lib/gcc/x86_64-linux-gnu/9/../../../x86_64-linux-gnu/crtn.o] ==> obj [/usr/lib/gcc/x86_64-linux-gnu/9/../../../x86_64-linux-gnu/crtn.o]
  collapse obj [/usr/lib/gcc/x86_64-linux-gnu/9/../../../x86_64-linux-gnu/crt1.o] ==> [/usr/lib/x86_64-linux-gnu/crt1.o]
  collapse obj [/usr/lib/gcc/x86_64-linux-gnu/9/../../../x86_64-linux-gnu/crti.o] ==> [/usr/lib/x86_64-linux-gnu/crti.o]
  collapse obj [/usr/lib/gcc/x86_64-linux-gnu/9/../../../x86_64-linux-gnu/crtn.o] ==> [/usr/lib/x86_64-linux-gnu/crtn.o]
  collapse library dir [/usr/lib/gcc/x86_64-linux-gnu/9] ==> [/usr/lib/gcc/x86_64-linux-gnu/9]
  collapse library dir [/usr/lib/gcc/x86_64-linux-gnu/9/../../../x86_64-linux-gnu] ==> [/usr/lib/x86_64-linux-gnu]
  collapse library dir [/usr/lib/gcc/x86_64-linux-gnu/9/../../../../lib] ==> [/usr/lib]
  collapse library dir [/lib/x86_64-linux-gnu] ==> [/lib/x86_64-linux-gnu]
  collapse library dir [/lib/../lib] ==> [/lib]
  collapse library dir [/usr/lib/x86_64-linux-gnu] ==> [/usr/lib/x86_64-linux-gnu]
  collapse library dir [/usr/lib/../lib] ==> [/usr/lib]
  collapse library dir [/usr/lib/gcc/x86_64-linux-gnu/9/../../..] ==> [/usr/lib]
  implicit libs: [stdc++;m;gcc_s;gcc;c;gcc_s;gcc]
  implicit objs: [/usr/lib/x86_64-linux-gnu/crt1.o;/usr/lib/x86_64-linux-gnu/crti.o;/usr/lib/gcc/x86_64-linux-gnu/9/crtbegin.o;/usr/lib/gcc/x86_64-linux-gnu/9/crtend.o;/usr/lib/x86_64-linux-gnu/crtn.o]
  implicit dirs: [/usr/lib/gcc/x86_64-linux-gnu/9;/usr/lib/x86_64-linux-gnu;/usr/lib;/lib/x86_64-linux-gnu;/lib]
  implicit fwks: []


Performing C SOURCE FILE Test CAN_BUILD_AVX succeeded with the following output:
Change Dir: /home/anupam/github_robotics/simulator/mujoco_mpc_merge/build/CMakeFiles/CMakeScratch/TryCompile-FZZ2lb

Run Build Command(s):/usr/bin/make -f Makefile cmTC_14af9/fast && /usr/bin/make  -f CMakeFiles/cmTC_14af9.dir/build.make CMakeFiles/cmTC_14af9.dir/build
make[1]: Entering directory '/home/anupam/github_robotics/simulator/mujoco_mpc_merge/build/CMakeFiles/CMakeScratch/TryCompile-FZZ2lb'
Building C object CMakeFiles/cmTC_14af9.dir/src.c.o
/usr/lib/ccache/cc -DCAN_BUILD_AVX  -mavx -fPIE -std=c11 -o CMakeFiles/cmTC_14af9.dir/src.c.o -c /home/anupam/github_robotics/simulator/mujoco_mpc_merge/build/CMakeFiles/CMakeScratch/TryCompile-FZZ2lb/src.c
Linking C executable cmTC_14af9
/usr/local/bin/cmake -E cmake_link_script CMakeFiles/cmTC_14af9.dir/link.txt --verbose=1
/usr/lib/ccache/cc  -mavx CMakeFiles/cmTC_14af9.dir/src.c.o -o cmTC_14af9 
make[1]: Leaving directory '/home/anupam/github_robotics/simulator/mujoco_mpc_merge/build/CMakeFiles/CMakeScratch/TryCompile-FZZ2lb'


Source file was:

      #include <immintrin.h>
      int main(int argc, char* argv[]) {
        __m256d ymm;
        return 0;
      }
    

Performing C SOURCE FILE Test SUPPORTS_GOLD succeeded with the following output:
Change Dir: /home/anupam/github_robotics/simulator/mujoco_mpc_merge/build/CMakeFiles/CMakeScratch/TryCompile-KTBCby

Run Build Command(s):/usr/bin/make -f Makefile cmTC_8aaea/fast && /usr/bin/make  -f CMakeFiles/cmTC_8aaea.dir/build.make CMakeFiles/cmTC_8aaea.dir/build
make[1]: Entering directory '/home/anupam/github_robotics/simulator/mujoco_mpc_merge/build/CMakeFiles/CMakeScratch/TryCompile-KTBCby'
Building C object CMakeFiles/cmTC_8aaea.dir/src.c.o
/usr/lib/ccache/cc -DSUPPORTS_GOLD  -fuse-ld=gold -fPIE -std=c11 -o CMakeFiles/cmTC_8aaea.dir/src.c.o -c /home/anupam/github_robotics/simulator/mujoco_mpc_merge/build/CMakeFiles/CMakeScratch/TryCompile-KTBCby/src.c
Linking C executable cmTC_8aaea
/usr/local/bin/cmake -E cmake_link_script CMakeFiles/cmTC_8aaea.dir/link.txt --verbose=1
/usr/lib/ccache/cc  -fuse-ld=gold CMakeFiles/cmTC_8aaea.dir/src.c.o -o cmTC_8aaea 
make[1]: Leaving directory '/home/anupam/github_robotics/simulator/mujoco_mpc_merge/build/CMakeFiles/CMakeScratch/TryCompile-KTBCby'


Source file was:
int main() {}

Performing C SOURCE FILE Test SUPPORTS_GC_SECTIONS succeeded with the following output:
Change Dir: /home/anupam/github_robotics/simulator/mujoco_mpc_merge/build/CMakeFiles/CMakeScratch/TryCompile-6Yh9OJ

Run Build Command(s):/usr/bin/make -f Makefile cmTC_4db24/fast && /usr/bin/make  -f CMakeFiles/cmTC_4db24.dir/build.make CMakeFiles/cmTC_4db24.dir/build
make[1]: Entering directory '/home/anupam/github_robotics/simulator/mujoco_mpc_merge/build/CMakeFiles/CMakeScratch/TryCompile-6Yh9OJ'
Building C object CMakeFiles/cmTC_4db24.dir/src.c.o
/usr/lib/ccache/cc -DSUPPORTS_GC_SECTIONS  -fuse-ld=gold -fPIE -std=c11 -o CMakeFiles/cmTC_4db24.dir/src.c.o -c /home/anupam/github_robotics/simulator/mujoco_mpc_merge/build/CMakeFiles/CMakeScratch/TryCompile-6Yh9OJ/src.c
Linking C executable cmTC_4db24
/usr/local/bin/cmake -E cmake_link_script CMakeFiles/cmTC_4db24.dir/link.txt --verbose=1
/usr/lib/ccache/cc  -fuse-ld=gold CMakeFiles/cmTC_4db24.dir/src.c.o -o cmTC_4db24 
make[1]: Leaving directory '/home/anupam/github_robotics/simulator/mujoco_mpc_merge/build/CMakeFiles/CMakeScratch/TryCompile-6Yh9OJ'


Source file was:
int main() {}

Determining if the function pthread_create exists in the pthread passed with the following output:
Change Dir: /home/anupam/github_robotics/simulator/mujoco_mpc_merge/build/CMakeFiles/CMakeScratch/TryCompile-L76Nrk

Run Build Command(s):/usr/bin/make -f Makefile cmTC_90964/fast && /usr/bin/make  -f CMakeFiles/cmTC_90964.dir/build.make CMakeFiles/cmTC_90964.dir/build
make[1]: Entering directory '/home/anupam/github_robotics/simulator/mujoco_mpc_merge/build/CMakeFiles/CMakeScratch/TryCompile-L76Nrk'
Building C object CMakeFiles/cmTC_90964.dir/CheckFunctionExists.c.o
/usr/lib/ccache/cc   -DCHECK_FUNCTION_EXISTS=pthread_create -fPIE -std=c11 -o CMakeFiles/cmTC_90964.dir/CheckFunctionExists.c.o -c /home/anupam/github_robotics/simulator/mujoco_mpc_merge/build/CMakeFiles/CMakeScratch/TryCompile-L76Nrk/CheckFunctionExists.c
Linking C executable cmTC_90964
/usr/local/bin/cmake -E cmake_link_script CMakeFiles/cmTC_90964.dir/link.txt --verbose=1
/usr/lib/ccache/cc  -DCHECK_FUNCTION_EXISTS=pthread_create CMakeFiles/cmTC_90964.dir/CheckFunctionExists.c.o -o cmTC_90964  -lpthread 
make[1]: Leaving directory '/home/anupam/github_robotics/simulator/mujoco_mpc_merge/build/CMakeFiles/CMakeScratch/TryCompile-L76Nrk'



Determining if the include file sys/types.h exists passed with the following output:
Change Dir: /home/anupam/github_robotics/simulator/mujoco_mpc_merge/build/CMakeFiles/CMakeScratch/TryCompile-Vh4pbS

Run Build Command(s):/usr/bin/make -f Makefile cmTC_6c41d/fast && /usr/bin/make  -f CMakeFiles/cmTC_6c41d.dir/build.make CMakeFiles/cmTC_6c41d.dir/build
make[1]: Entering directory '/home/anupam/github_robotics/simulator/mujoco_mpc_merge/build/CMakeFiles/CMakeScratch/TryCompile-Vh4pbS'
Building C object CMakeFiles/cmTC_6c41d.dir/CheckIncludeFile.c.o
/usr/lib/ccache/cc -D_FILE_OFFSET_BITS=64 -D_LARGEFILE_SOURCE -D_LARGE_FILES -D__STDC_CONSTANT_MACROS -D__STDC_FORMAT_MACROS -D__STDC_LIMIT_MACROS  -fPIE -std=c11 -o CMakeFiles/cmTC_6c41d.dir/CheckIncludeFile.c.o -c /home/anupam/github_robotics/simulator/mujoco_mpc_merge/build/CMakeFiles/CMakeScratch/TryCompile-Vh4pbS/CheckIncludeFile.c
Linking C executable cmTC_6c41d
/usr/local/bin/cmake -E cmake_link_script CMakeFiles/cmTC_6c41d.dir/link.txt --verbose=1
/usr/lib/ccache/cc CMakeFiles/cmTC_6c41d.dir/CheckIncludeFile.c.o -o cmTC_6c41d 
make[1]: Leaving directory '/home/anupam/github_robotics/simulator/mujoco_mpc_merge/build/CMakeFiles/CMakeScratch/TryCompile-Vh4pbS'



Determining if the include file inttypes.h exists passed with the following output:
Change Dir: /home/anupam/github_robotics/simulator/mujoco_mpc_merge/build/CMakeFiles/CMakeScratch/TryCompile-eQhL5p

Run Build Command(s):/usr/bin/make -f Makefile cmTC_60c3a/fast && /usr/bin/make  -f CMakeFiles/cmTC_60c3a.dir/build.make CMakeFiles/cmTC_60c3a.dir/build
make[1]: Entering directory '/home/anupam/github_robotics/simulator/mujoco_mpc_merge/build/CMakeFiles/CMakeScratch/TryCompile-eQhL5p'
Building C object CMakeFiles/cmTC_60c3a.dir/CheckIncludeFile.c.o
/usr/lib/ccache/cc -D_FILE_OFFSET_BITS=64 -D_LARGEFILE_SOURCE -D_LARGE_FILES -D__STDC_CONSTANT_MACROS -D__STDC_FORMAT_MACROS -D__STDC_LIMIT_MACROS  -fPIE -std=c11 -o CMakeFiles/cmTC_60c3a.dir/CheckIncludeFile.c.o -c /home/anupam/github_robotics/simulator/mujoco_mpc_merge/build/CMakeFiles/CMakeScratch/TryCompile-eQhL5p/CheckIncludeFile.c
Linking C executable cmTC_60c3a
/usr/local/bin/cmake -E cmake_link_script CMakeFiles/cmTC_60c3a.dir/link.txt --verbose=1
/usr/lib/ccache/cc CMakeFiles/cmTC_60c3a.dir/CheckIncludeFile.c.o -o cmTC_60c3a 
make[1]: Leaving directory '/home/anupam/github_robotics/simulator/mujoco_mpc_merge/build/CMakeFiles/CMakeScratch/TryCompile-eQhL5p'



Determining if the include file stddef.h exists passed with the following output:
Change Dir: /home/anupam/github_robotics/simulator/mujoco_mpc_merge/build/CMakeFiles/CMakeScratch/TryCompile-HVORaY

Run Build Command(s):/usr/bin/make -f Makefile cmTC_f0a35/fast && /usr/bin/make  -f CMakeFiles/cmTC_f0a35.dir/build.make CMakeFiles/cmTC_f0a35.dir/build
make[1]: Entering directory '/home/anupam/github_robotics/simulator/mujoco_mpc_merge/build/CMakeFiles/CMakeScratch/TryCompile-HVORaY'
Building C object CMakeFiles/cmTC_f0a35.dir/CheckIncludeFile.c.o
/usr/lib/ccache/cc -D_FILE_OFFSET_BITS=64 -D_LARGEFILE_SOURCE -D_LARGE_FILES -D__STDC_CONSTANT_MACROS -D__STDC_FORMAT_MACROS -D__STDC_LIMIT_MACROS  -fPIE -std=c11 -o CMakeFiles/cmTC_f0a35.dir/CheckIncludeFile.c.o -c /home/anupam/github_robotics/simulator/mujoco_mpc_merge/build/CMakeFiles/CMakeScratch/TryCompile-HVORaY/CheckIncludeFile.c
Linking C executable cmTC_f0a35
/usr/local/bin/cmake -E cmake_link_script CMakeFiles/cmTC_f0a35.dir/link.txt --verbose=1
/usr/lib/ccache/cc CMakeFiles/cmTC_f0a35.dir/CheckIncludeFile.c.o -o cmTC_f0a35 
make[1]: Leaving directory '/home/anupam/github_robotics/simulator/mujoco_mpc_merge/build/CMakeFiles/CMakeScratch/TryCompile-HVORaY'



Determining if the include file stdint.h exists passed with the following output:
Change Dir: /home/anupam/github_robotics/simulator/mujoco_mpc_merge/build/CMakeFiles/CMakeScratch/TryCompile-haK7pw

Run Build Command(s):/usr/bin/make -f Makefile cmTC_ff1f6/fast && /usr/bin/make  -f CMakeFiles/cmTC_ff1f6.dir/build.make CMakeFiles/cmTC_ff1f6.dir/build
make[1]: Entering directory '/home/anupam/github_robotics/simulator/mujoco_mpc_merge/build/CMakeFiles/CMakeScratch/TryCompile-haK7pw'
Building C object CMakeFiles/cmTC_ff1f6.dir/CheckIncludeFile.c.o
/usr/lib/ccache/cc -D_FILE_OFFSET_BITS=64 -D_LARGEFILE_SOURCE -D_LARGE_FILES -D__STDC_CONSTANT_MACROS -D__STDC_FORMAT_MACROS -D__STDC_LIMIT_MACROS  -fPIE -std=c11 -o CMakeFiles/cmTC_ff1f6.dir/CheckIncludeFile.c.o -c /home/anupam/github_robotics/simulator/mujoco_mpc_merge/build/CMakeFiles/CMakeScratch/TryCompile-haK7pw/CheckIncludeFile.c
Linking C executable cmTC_ff1f6
/usr/local/bin/cmake -E cmake_link_script CMakeFiles/cmTC_ff1f6.dir/link.txt --verbose=1
/usr/lib/ccache/cc CMakeFiles/cmTC_ff1f6.dir/CheckIncludeFile.c.o -o cmTC_ff1f6 
make[1]: Leaving directory '/home/anupam/github_robotics/simulator/mujoco_mpc_merge/build/CMakeFiles/CMakeScratch/TryCompile-haK7pw'



Determining size of off_t passed with the following output:
Change Dir: /home/anupam/github_robotics/simulator/mujoco_mpc_merge/build/CMakeFiles/CMakeScratch/TryCompile-SRltQ4

Run Build Command(s):/usr/bin/make -f Makefile cmTC_96e15/fast && /usr/bin/make  -f CMakeFiles/cmTC_96e15.dir/build.make CMakeFiles/cmTC_96e15.dir/build
make[1]: Entering directory '/home/anupam/github_robotics/simulator/mujoco_mpc_merge/build/CMakeFiles/CMakeScratch/TryCompile-SRltQ4'
Building C object CMakeFiles/cmTC_96e15.dir/SIZEOF_OFF_T.c.o
/usr/lib/ccache/cc -D_FILE_OFFSET_BITS=64 -D_LARGEFILE_SOURCE -D_LARGE_FILES -D__STDC_CONSTANT_MACROS -D__STDC_FORMAT_MACROS -D__STDC_LIMIT_MACROS  -fPIE -o CMakeFiles/cmTC_96e15.dir/SIZEOF_OFF_T.c.o -c /home/anupam/github_robotics/simulator/mujoco_mpc_merge/build/CMakeFiles/CMakeScratch/TryCompile-SRltQ4/SIZEOF_OFF_T.c
Linking C executable cmTC_96e15
/usr/local/bin/cmake -E cmake_link_script CMakeFiles/cmTC_96e15.dir/link.txt --verbose=1
/usr/lib/ccache/cc -rdynamic CMakeFiles/cmTC_96e15.dir/SIZEOF_OFF_T.c.o -o cmTC_96e15 
make[1]: Leaving directory '/home/anupam/github_robotics/simulator/mujoco_mpc_merge/build/CMakeFiles/CMakeScratch/TryCompile-SRltQ4'



Determining if the fseeko exist passed with the following output:
Change Dir: /home/anupam/github_robotics/simulator/mujoco_mpc_merge/build/CMakeFiles/CMakeScratch/TryCompile-OGX3rD

Run Build Command(s):/usr/bin/make -f Makefile cmTC_92166/fast && /usr/bin/make  -f CMakeFiles/cmTC_92166.dir/build.make CMakeFiles/cmTC_92166.dir/build
make[1]: Entering directory '/home/anupam/github_robotics/simulator/mujoco_mpc_merge/build/CMakeFiles/CMakeScratch/TryCompile-OGX3rD'
Building C object CMakeFiles/cmTC_92166.dir/CheckSymbolExists.c.o
/usr/lib/ccache/cc -D_FILE_OFFSET_BITS=64 -D_LARGEFILE_SOURCE -D_LARGE_FILES -D__STDC_CONSTANT_MACROS -D__STDC_FORMAT_MACROS -D__STDC_LIMIT_MACROS  -fPIE -o CMakeFiles/cmTC_92166.dir/CheckSymbolExists.c.o -c /home/anupam/github_robotics/simulator/mujoco_mpc_merge/build/CMakeFiles/CMakeScratch/TryCompile-OGX3rD/CheckSymbolExists.c
Linking C executable cmTC_92166
/usr/local/bin/cmake -E cmake_link_script CMakeFiles/cmTC_92166.dir/link.txt --verbose=1
/usr/lib/ccache/cc -rdynamic CMakeFiles/cmTC_92166.dir/CheckSymbolExists.c.o -o cmTC_92166 
make[1]: Leaving directory '/home/anupam/github_robotics/simulator/mujoco_mpc_merge/build/CMakeFiles/CMakeScratch/TryCompile-OGX3rD'


File CheckSymbolExists.c:
/* */
#include <stdio.h>

int main(int argc, char** argv)
{
  (void)argv;
#ifndef fseeko
  return ((int*)(&fseeko))[argc];
#else
  (void)argc;
  return 0;
#endif
}

Determining if the ftello exist passed with the following output:
Change Dir: /home/anupam/github_robotics/simulator/mujoco_mpc_merge/build/CMakeFiles/CMakeScratch/TryCompile-Hr3Oec

Run Build Command(s):/usr/bin/make -f Makefile cmTC_4c29e/fast && /usr/bin/make  -f CMakeFiles/cmTC_4c29e.dir/build.make CMakeFiles/cmTC_4c29e.dir/build
make[1]: Entering directory '/home/anupam/github_robotics/simulator/mujoco_mpc_merge/build/CMakeFiles/CMakeScratch/TryCompile-Hr3Oec'
Building C object CMakeFiles/cmTC_4c29e.dir/CheckSymbolExists.c.o
/usr/lib/ccache/cc -D_FILE_OFFSET_BITS=64 -D_LARGEFILE_SOURCE -D_LARGE_FILES -D__STDC_CONSTANT_MACROS -D__STDC_FORMAT_MACROS -D__STDC_LIMIT_MACROS  -fPIE -o CMakeFiles/cmTC_4c29e.dir/CheckSymbolExists.c.o -c /home/anupam/github_robotics/simulator/mujoco_mpc_merge/build/CMakeFiles/CMakeScratch/TryCompile-Hr3Oec/CheckSymbolExists.c
Linking C executable cmTC_4c29e
/usr/local/bin/cmake -E cmake_link_script CMakeFiles/cmTC_4c29e.dir/link.txt --verbose=1
/usr/lib/ccache/cc -rdynamic CMakeFiles/cmTC_4c29e.dir/CheckSymbolExists.c.o -o cmTC_4c29e 
make[1]: Leaving directory '/home/anupam/github_robotics/simulator/mujoco_mpc_merge/build/CMakeFiles/CMakeScratch/TryCompile-Hr3Oec'


File CheckSymbolExists.c:
/* */
#include <stdio.h>

int main(int argc, char** argv)
{
  (void)argv;
#ifndef ftello
  return ((int*)(&ftello))[argc];
#else
  (void)argc;
  return 0;
#endif
}

Determining if the PRIdMAX exist passed with the following output:
Change Dir: /home/anupam/github_robotics/simulator/mujoco_mpc_merge/build/CMakeFiles/CMakeScratch/TryCompile-bT5VcL

Run Build Command(s):/usr/bin/make -f Makefile cmTC_f6e04/fast && /usr/bin/make  -f CMakeFiles/cmTC_f6e04.dir/build.make CMakeFiles/cmTC_f6e04.dir/build
make[1]: Entering directory '/home/anupam/github_robotics/simulator/mujoco_mpc_merge/build/CMakeFiles/CMakeScratch/TryCompile-bT5VcL'
Building C object CMakeFiles/cmTC_f6e04.dir/CheckSymbolExists.c.o
/usr/lib/ccache/cc -D_FILE_OFFSET_BITS=64 -D_LARGEFILE_SOURCE -D_LARGE_FILES -D__STDC_CONSTANT_MACROS -D__STDC_FORMAT_MACROS -D__STDC_LIMIT_MACROS  -fPIE -o CMakeFiles/cmTC_f6e04.dir/CheckSymbolExists.c.o -c /home/anupam/github_robotics/simulator/mujoco_mpc_merge/build/CMakeFiles/CMakeScratch/TryCompile-bT5VcL/CheckSymbolExists.c
Linking C executable cmTC_f6e04
/usr/local/bin/cmake -E cmake_link_script CMakeFiles/cmTC_f6e04.dir/link.txt --verbose=1
/usr/lib/ccache/cc -rdynamic CMakeFiles/cmTC_f6e04.dir/CheckSymbolExists.c.o -o cmTC_f6e04 
make[1]: Leaving directory '/home/anupam/github_robotics/simulator/mujoco_mpc_merge/build/CMakeFiles/CMakeScratch/TryCompile-bT5VcL'


File CheckSymbolExists.c:
/* */
#include <inttypes.h>

int main(int argc, char** argv)
{
  (void)argv;
#ifndef PRIdMAX
  return ((int*)(&PRIdMAX))[argc];
#else
  (void)argc;
  return 0;
#endif
}

Performing C++ SOURCE FILE Test COMPILER_SUPPORTS_VISIBILITY succeeded with the following output:
Change Dir: /home/anupam/github_robotics/simulator/mujoco_mpc_merge/build/CMakeFiles/CMakeScratch/TryCompile-Zs4dvx

Run Build Command(s):/usr/bin/make -f Makefile cmTC_abe26/fast && /usr/bin/make  -f CMakeFiles/cmTC_abe26.dir/build.make CMakeFiles/cmTC_abe26.dir/build
make[1]: Entering directory '/home/anupam/github_robotics/simulator/mujoco_mpc_merge/build/CMakeFiles/CMakeScratch/TryCompile-Zs4dvx'
Building CXX object CMakeFiles/cmTC_abe26.dir/src.cxx.o
/usr/lib/ccache/c++ -DCOMPILER_SUPPORTS_VISIBILITY  -fPIE   -fvisibility=hidden -std=c++17 -o CMakeFiles/cmTC_abe26.dir/src.cxx.o -c /home/anupam/github_robotics/simulator/mujoco_mpc_merge/build/CMakeFiles/CMakeScratch/TryCompile-Zs4dvx/src.cxx
Linking CXX executable cmTC_abe26
/usr/local/bin/cmake -E cmake_link_script CMakeFiles/cmTC_abe26.dir/link.txt --verbose=1
/usr/lib/ccache/c++ CMakeFiles/cmTC_abe26.dir/src.cxx.o -o cmTC_abe26 
make[1]: Leaving directory '/home/anupam/github_robotics/simulator/mujoco_mpc_merge/build/CMakeFiles/CMakeScratch/TryCompile-Zs4dvx'


Source file was:
int main() { return 0; }

Determining if the function XOpenDisplay exists in the /usr/lib/x86_64-linux-gnu/libX11.so;/usr/lib/x86_64-linux-gnu/libXext.so passed with the following output:
Change Dir: /home/anupam/github_robotics/simulator/mujoco_mpc_merge/build/CMakeFiles/CMakeScratch/TryCompile-vxZtws

Run Build Command(s):/usr/bin/make -f Makefile cmTC_1fc5e/fast && /usr/bin/make  -f CMakeFiles/cmTC_1fc5e.dir/build.make CMakeFiles/cmTC_1fc5e.dir/build
make[1]: Entering directory '/home/anupam/github_robotics/simulator/mujoco_mpc_merge/build/CMakeFiles/CMakeScratch/TryCompile-vxZtws'
Building C object CMakeFiles/cmTC_1fc5e.dir/CheckFunctionExists.c.o
/usr/lib/ccache/cc   -DCHECK_FUNCTION_EXISTS=XOpenDisplay -fPIE -std=c11 -o CMakeFiles/cmTC_1fc5e.dir/CheckFunctionExists.c.o -c /home/anupam/github_robotics/simulator/mujoco_mpc_merge/build/CMakeFiles/CMakeScratch/TryCompile-vxZtws/CheckFunctionExists.c
Linking C executable cmTC_1fc5e
/usr/local/bin/cmake -E cmake_link_script CMakeFiles/cmTC_1fc5e.dir/link.txt --verbose=1
/usr/lib/ccache/cc  -DCHECK_FUNCTION_EXISTS=XOpenDisplay CMakeFiles/cmTC_1fc5e.dir/CheckFunctionExists.c.o -o cmTC_1fc5e  /usr/lib/x86_64-linux-gnu/libX11.so /usr/lib/x86_64-linux-gnu/libXext.so 
make[1]: Leaving directory '/home/anupam/github_robotics/simulator/mujoco_mpc_merge/build/CMakeFiles/CMakeScratch/TryCompile-vxZtws'



Determining if the function gethostbyname exists passed with the following output:
Change Dir: /home/anupam/github_robotics/simulator/mujoco_mpc_merge/build/CMakeFiles/CMakeScratch/TryCompile-7cdnJn

Run Build Command(s):/usr/bin/make -f Makefile cmTC_d4485/fast && /usr/bin/make  -f CMakeFiles/cmTC_d4485.dir/build.make CMakeFiles/cmTC_d4485.dir/build
make[1]: Entering directory '/home/anupam/github_robotics/simulator/mujoco_mpc_merge/build/CMakeFiles/CMakeScratch/TryCompile-7cdnJn'
Building C object CMakeFiles/cmTC_d4485.dir/CheckFunctionExists.c.o
/usr/lib/ccache/cc   -DCHECK_FUNCTION_EXISTS=gethostbyname -fPIE -std=c11 -o CMakeFiles/cmTC_d4485.dir/CheckFunctionExists.c.o -c /home/anupam/github_robotics/simulator/mujoco_mpc_merge/build/CMakeFiles/CMakeScratch/TryCompile-7cdnJn/CheckFunctionExists.c
Linking C executable cmTC_d4485
/usr/local/bin/cmake -E cmake_link_script CMakeFiles/cmTC_d4485.dir/link.txt --verbose=1
/usr/lib/ccache/cc  -DCHECK_FUNCTION_EXISTS=gethostbyname CMakeFiles/cmTC_d4485.dir/CheckFunctionExists.c.o -o cmTC_d4485 
make[1]: Leaving directory '/home/anupam/github_robotics/simulator/mujoco_mpc_merge/build/CMakeFiles/CMakeScratch/TryCompile-7cdnJn'



Determining if the function connect exists passed with the following output:
Change Dir: /home/anupam/github_robotics/simulator/mujoco_mpc_merge/build/CMakeFiles/CMakeScratch/TryCompile-d1HQ6i

Run Build Command(s):/usr/bin/make -f Makefile cmTC_63298/fast && /usr/bin/make  -f CMakeFiles/cmTC_63298.dir/build.make CMakeFiles/cmTC_63298.dir/build
make[1]: Entering directory '/home/anupam/github_robotics/simulator/mujoco_mpc_merge/build/CMakeFiles/CMakeScratch/TryCompile-d1HQ6i'
Building C object CMakeFiles/cmTC_63298.dir/CheckFunctionExists.c.o
/usr/lib/ccache/cc   -DCHECK_FUNCTION_EXISTS=connect -fPIE -std=c11 -o CMakeFiles/cmTC_63298.dir/CheckFunctionExists.c.o -c /home/anupam/github_robotics/simulator/mujoco_mpc_merge/build/CMakeFiles/CMakeScratch/TryCompile-d1HQ6i/CheckFunctionExists.c
Linking C executable cmTC_63298
/usr/local/bin/cmake -E cmake_link_script CMakeFiles/cmTC_63298.dir/link.txt --verbose=1
/usr/lib/ccache/cc  -DCHECK_FUNCTION_EXISTS=connect CMakeFiles/cmTC_63298.dir/CheckFunctionExists.c.o -o cmTC_63298 
make[1]: Leaving directory '/home/anupam/github_robotics/simulator/mujoco_mpc_merge/build/CMakeFiles/CMakeScratch/TryCompile-d1HQ6i'



Determining if the function remove exists passed with the following output:
Change Dir: /home/anupam/github_robotics/simulator/mujoco_mpc_merge/build/CMakeFiles/CMakeScratch/TryCompile-26XWEe

Run Build Command(s):/usr/bin/make -f Makefile cmTC_67b45/fast && /usr/bin/make  -f CMakeFiles/cmTC_67b45.dir/build.make CMakeFiles/cmTC_67b45.dir/build
make[1]: Entering directory '/home/anupam/github_robotics/simulator/mujoco_mpc_merge/build/CMakeFiles/CMakeScratch/TryCompile-26XWEe'
Building C object CMakeFiles/cmTC_67b45.dir/CheckFunctionExists.c.o
/usr/lib/ccache/cc   -DCHECK_FUNCTION_EXISTS=remove -fPIE -std=c11 -o CMakeFiles/cmTC_67b45.dir/CheckFunctionExists.c.o -c /home/anupam/github_robotics/simulator/mujoco_mpc_merge/build/CMakeFiles/CMakeScratch/TryCompile-26XWEe/CheckFunctionExists.c
Linking C executable cmTC_67b45
/usr/local/bin/cmake -E cmake_link_script CMakeFiles/cmTC_67b45.dir/link.txt --verbose=1
/usr/lib/ccache/cc  -DCHECK_FUNCTION_EXISTS=remove CMakeFiles/cmTC_67b45.dir/CheckFunctionExists.c.o -o cmTC_67b45 
make[1]: Leaving directory '/home/anupam/github_robotics/simulator/mujoco_mpc_merge/build/CMakeFiles/CMakeScratch/TryCompile-26XWEe'



Determining if the function shmat exists passed with the following output:
Change Dir: /home/anupam/github_robotics/simulator/mujoco_mpc_merge/build/CMakeFiles/CMakeScratch/TryCompile-hY9toa

Run Build Command(s):/usr/bin/make -f Makefile cmTC_b0643/fast && /usr/bin/make  -f CMakeFiles/cmTC_b0643.dir/build.make CMakeFiles/cmTC_b0643.dir/build
make[1]: Entering directory '/home/anupam/github_robotics/simulator/mujoco_mpc_merge/build/CMakeFiles/CMakeScratch/TryCompile-hY9toa'
Building C object CMakeFiles/cmTC_b0643.dir/CheckFunctionExists.c.o
/usr/lib/ccache/cc   -DCHECK_FUNCTION_EXISTS=shmat -fPIE -std=c11 -o CMakeFiles/cmTC_b0643.dir/CheckFunctionExists.c.o -c /home/anupam/github_robotics/simulator/mujoco_mpc_merge/build/CMakeFiles/CMakeScratch/TryCompile-hY9toa/CheckFunctionExists.c
Linking C executable cmTC_b0643
/usr/local/bin/cmake -E cmake_link_script CMakeFiles/cmTC_b0643.dir/link.txt --verbose=1
/usr/lib/ccache/cc  -DCHECK_FUNCTION_EXISTS=shmat CMakeFiles/cmTC_b0643.dir/CheckFunctionExists.c.o -o cmTC_b0643 
make[1]: Leaving directory '/home/anupam/github_robotics/simulator/mujoco_mpc_merge/build/CMakeFiles/CMakeScratch/TryCompile-hY9toa'



Determining if the function IceConnectionNumber exists in the ICE passed with the following output:
Change Dir: /home/anupam/github_robotics/simulator/mujoco_mpc_merge/build/CMakeFiles/CMakeScratch/TryCompile-qIWHj6

Run Build Command(s):/usr/bin/make -f Makefile cmTC_59d47/fast && /usr/bin/make  -f CMakeFiles/cmTC_59d47.dir/build.make CMakeFiles/cmTC_59d47.dir/build
make[1]: Entering directory '/home/anupam/github_robotics/simulator/mujoco_mpc_merge/build/CMakeFiles/CMakeScratch/TryCompile-qIWHj6'
Building C object CMakeFiles/cmTC_59d47.dir/CheckFunctionExists.c.o
/usr/lib/ccache/cc   -DCHECK_FUNCTION_EXISTS=IceConnectionNumber -fPIE -std=c11 -o CMakeFiles/cmTC_59d47.dir/CheckFunctionExists.c.o -c /home/anupam/github_robotics/simulator/mujoco_mpc_merge/build/CMakeFiles/CMakeScratch/TryCompile-qIWHj6/CheckFunctionExists.c
Linking C executable cmTC_59d47
/usr/local/bin/cmake -E cmake_link_script CMakeFiles/cmTC_59d47.dir/link.txt --verbose=1
/usr/lib/ccache/cc  -DCHECK_FUNCTION_EXISTS=IceConnectionNumber CMakeFiles/cmTC_59d47.dir/CheckFunctionExists.c.o -o cmTC_59d47  -lICE 
make[1]: Leaving directory '/home/anupam/github_robotics/simulator/mujoco_mpc_merge/build/CMakeFiles/CMakeScratch/TryCompile-qIWHj6'



Performing C++ SOURCE FILE Test ABSL_INTERNAL_AT_LEAST_CXX17 succeeded with the following output:
Change Dir: /home/anupam/github_robotics/simulator/mujoco_mpc_merge/build/CMakeFiles/CMakeScratch/TryCompile-fw9ZTh

Run Build Command(s):/usr/bin/make -f Makefile cmTC_d51e4/fast && /usr/bin/make  -f CMakeFiles/cmTC_d51e4.dir/build.make CMakeFiles/cmTC_d51e4.dir/build
make[1]: Entering directory '/home/anupam/github_robotics/simulator/mujoco_mpc_merge/build/CMakeFiles/CMakeScratch/TryCompile-fw9ZTh'
Building CXX object CMakeFiles/cmTC_d51e4.dir/src.cxx.o
/usr/lib/ccache/c++ -DABSL_INTERNAL_AT_LEAST_CXX17  -fPIE -std=c++2a -o CMakeFiles/cmTC_d51e4.dir/src.cxx.o -c /home/anupam/github_robotics/simulator/mujoco_mpc_merge/build/CMakeFiles/CMakeScratch/TryCompile-fw9ZTh/src.cxx
Linking CXX executable cmTC_d51e4
/usr/local/bin/cmake -E cmake_link_script CMakeFiles/cmTC_d51e4.dir/link.txt --verbose=1
/usr/lib/ccache/c++ CMakeFiles/cmTC_d51e4.dir/src.cxx.o -o cmTC_d51e4 
make[1]: Leaving directory '/home/anupam/github_robotics/simulator/mujoco_mpc_merge/build/CMakeFiles/CMakeScratch/TryCompile-fw9ZTh'


Source file was:
#ifdef _MSC_VER
#  if _MSVC_LANG < 201700L
#    error "The compiler defaults or is configured for C++ < 17"
#  endif
#elif __cplusplus < 201700L
#  error "The compiler defaults or is configured for C++ < 17"
#endif
int main() { return 0; }


