Performing C SOURCE FILE Test SUPPORTS_LLD failed with the following output:
Change Dir: /home/anupam/github_robotics/simulator/mujoco_mpc_merge/build/CMakeFiles/CMakeScratch/TryCompile-X4ZQHm

Run Build Command(s):/usr/bin/make -f Makefile cmTC_ce518/fast && /usr/bin/make  -f CMakeFiles/cmTC_ce518.dir/build.make CMakeFiles/cmTC_ce518.dir/build
make[1]: Entering directory '/home/anupam/github_robotics/simulator/mujoco_mpc_merge/build/CMakeFiles/CMakeScratch/TryCompile-X4ZQHm'
Building C object CMakeFiles/cmTC_ce518.dir/src.c.o
/usr/lib/ccache/cc -DSUPPORTS_LLD  -fuse-ld=lld -fPIE -std=c11 -o CMakeFiles/cmTC_ce518.dir/src.c.o -c /home/anupam/github_robotics/simulator/mujoco_mpc_merge/build/CMakeFiles/CMakeScratch/TryCompile-X4ZQHm/src.c
Linking C executable cmTC_ce518
/usr/local/bin/cmake -E cmake_link_script CMakeFiles/cmTC_ce518.dir/link.txt --verbose=1
/usr/lib/ccache/cc  -fuse-ld=lld CMakeFiles/cmTC_ce518.dir/src.c.o -o cmTC_ce518 
collect2: fatal error: cannot find ‘ld’
compilation terminated.
CMakeFiles/cmTC_ce518.dir/build.make:98: recipe for target 'cmTC_ce518' failed
make[1]: *** [cmTC_ce518] Error 1
make[1]: Leaving directory '/home/anupam/github_robotics/simulator/mujoco_mpc_merge/build/CMakeFiles/CMakeScratch/TryCompile-X4ZQHm'
Makefile:127: recipe for target 'cmTC_ce518/fast' failed
make: *** [cmTC_ce518/fast] Error 2


Source file was:
int main() {}

Performing C SOURCE FILE Test CMAKE_HAVE_LIBC_PTHREAD failed with the following output:
Change Dir: /home/anupam/github_robotics/simulator/mujoco_mpc_merge/build/CMakeFiles/CMakeScratch/TryCompile-pYVAQV

Run Build Command(s):/usr/bin/make -f Makefile cmTC_fad0e/fast && /usr/bin/make  -f CMakeFiles/cmTC_fad0e.dir/build.make CMakeFiles/cmTC_fad0e.dir/build
make[1]: Entering directory '/home/anupam/github_robotics/simulator/mujoco_mpc_merge/build/CMakeFiles/CMakeScratch/TryCompile-pYVAQV'
Building C object CMakeFiles/cmTC_fad0e.dir/src.c.o
/usr/lib/ccache/cc -DCMAKE_HAVE_LIBC_PTHREAD  -fPIE -std=c11 -o CMakeFiles/cmTC_fad0e.dir/src.c.o -c /home/anupam/github_robotics/simulator/mujoco_mpc_merge/build/CMakeFiles/CMakeScratch/TryCompile-pYVAQV/src.c
Linking C executable cmTC_fad0e
/usr/local/bin/cmake -E cmake_link_script CMakeFiles/cmTC_fad0e.dir/link.txt --verbose=1
/usr/lib/ccache/cc CMakeFiles/cmTC_fad0e.dir/src.c.o -o cmTC_fad0e 
CMakeFiles/cmTC_fad0e.dir/src.c.o: In function `main':
src.c:(.text+0x3e): undefined reference to `pthread_create'
src.c:(.text+0x4a): undefined reference to `pthread_detach'
src.c:(.text+0x56): undefined reference to `pthread_cancel'
src.c:(.text+0x67): undefined reference to `pthread_join'
src.c:(.text+0x7b): undefined reference to `pthread_atfork'
collect2: error: ld returned 1 exit status
CMakeFiles/cmTC_fad0e.dir/build.make:98: recipe for target 'cmTC_fad0e' failed
make[1]: *** [cmTC_fad0e] Error 1
make[1]: Leaving directory '/home/anupam/github_robotics/simulator/mujoco_mpc_merge/build/CMakeFiles/CMakeScratch/TryCompile-pYVAQV'
Makefile:127: recipe for target 'cmTC_fad0e/fast' failed
make: *** [cmTC_fad0e/fast] Error 2


Source file was:
#include <pthread.h>

static void* test_func(void* data)
{
  return data;
}

int main(void)
{
  pthread_t thread;
  pthread_create(&thread, NULL, test_func, NULL);
  pthread_detach(thread);
  pthread_cancel(thread);
  pthread_join(thread, NULL);
  pthread_atfork(NULL, NULL, NULL);
  pthread_exit(NULL);

  return 0;
}


Determining if the function pthread_create exists in the pthreads failed with the following output:
Change Dir: /home/anupam/github_robotics/simulator/mujoco_mpc_merge/build/CMakeFiles/CMakeScratch/TryCompile-kanz47

Run Build Command(s):/usr/bin/make -f Makefile cmTC_6f88c/fast && /usr/bin/make  -f CMakeFiles/cmTC_6f88c.dir/build.make CMakeFiles/cmTC_6f88c.dir/build
make[1]: Entering directory '/home/anupam/github_robotics/simulator/mujoco_mpc_merge/build/CMakeFiles/CMakeScratch/TryCompile-kanz47'
Building C object CMakeFiles/cmTC_6f88c.dir/CheckFunctionExists.c.o
/usr/lib/ccache/cc   -DCHECK_FUNCTION_EXISTS=pthread_create -fPIE -std=c11 -o CMakeFiles/cmTC_6f88c.dir/CheckFunctionExists.c.o -c /home/anupam/github_robotics/simulator/mujoco_mpc_merge/build/CMakeFiles/CMakeScratch/TryCompile-kanz47/CheckFunctionExists.c
Linking C executable cmTC_6f88c
/usr/local/bin/cmake -E cmake_link_script CMakeFiles/cmTC_6f88c.dir/link.txt --verbose=1
/usr/lib/ccache/cc  -DCHECK_FUNCTION_EXISTS=pthread_create CMakeFiles/cmTC_6f88c.dir/CheckFunctionExists.c.o -o cmTC_6f88c  -lpthreads 
/usr/bin/ld: cannot find -lpthreads
collect2: error: ld returned 1 exit status
CMakeFiles/cmTC_6f88c.dir/build.make:98: recipe for target 'cmTC_6f88c' failed
make[1]: *** [cmTC_6f88c] Error 1
make[1]: Leaving directory '/home/anupam/github_robotics/simulator/mujoco_mpc_merge/build/CMakeFiles/CMakeScratch/TryCompile-kanz47'
Makefile:127: recipe for target 'cmTC_6f88c/fast' failed
make: *** [cmTC_6f88c/fast] Error 2



