The system is: Linux - 4.4.0-210-generic - x86_64
Compiling the C compiler identification source file "CMakeCCompilerId.c" succeeded.
Compiler: /usr/lib/ccache/cc 
Build flags: 
Id flags:  

The output was:
0


Compilation of the C compiler identification source "CMakeCCompilerId.c" produced "a.out"

The C compiler identification is GNU, found in "/home/anupam/github_robotics/simulator/mujoco_mpc/mjpc/CMakeFiles/3.25.2/CompilerIdC/a.out"

Compiling the CXX compiler identification source file "CMakeCXXCompilerId.cpp" succeeded.
Compiler: /usr/lib/ccache/c++ 
Build flags: 
Id flags:  

The output was:
0


Compilation of the CXX compiler identification source "CMakeCXXCompilerId.cpp" produced "a.out"

The CXX compiler identification is GNU, found in "/home/anupam/github_robotics/simulator/mujoco_mpc/mjpc/CMakeFiles/3.25.2/CompilerIdCXX/a.out"

Detecting C compiler ABI info compiled with the following output:
Change Dir: /home/anupam/github_robotics/simulator/mujoco_mpc/mjpc/CMakeFiles/CMakeScratch/TryCompile-TCZlG6

Run Build Command(s):/usr/bin/make -f Makefile cmTC_4886b/fast && /usr/bin/make  -f CMakeFiles/cmTC_4886b.dir/build.make CMakeFiles/cmTC_4886b.dir/build
make[1]: Entering directory '/home/anupam/github_robotics/simulator/mujoco_mpc/mjpc/CMakeFiles/CMakeScratch/TryCompile-TCZlG6'
Building C object CMakeFiles/cmTC_4886b.dir/CMakeCCompilerABI.c.o
/usr/lib/ccache/cc   -v -o CMakeFiles/cmTC_4886b.dir/CMakeCCompilerABI.c.o -c /usr/local/share/cmake-3.25/Modules/CMakeCCompilerABI.c
Using built-in specs.
COLLECT_GCC=/usr/bin/cc
Target: x86_64-linux-gnu
Configured with: ../src/configure -v --with-pkgversion='Ubuntu 5.5.0-12ubuntu1~16.04' --with-bugurl=file:///usr/share/doc/gcc-5/README.Bugs --enable-languages=c,ada,c++,java,go,d,fortran,objc,obj-c++ --prefix=/usr --program-suffix=-5 --enable-shared --enable-linker-build-id --libexecdir=/usr/lib --without-included-gettext --enable-threads=posix --libdir=/usr/lib --enable-nls --with-sysroot=/ --enable-clocale=gnu --enable-libstdcxx-debug --enable-libstdcxx-time=yes --with-default-libstdcxx-abi=new --enable-gnu-unique-object --disable-vtable-verify --enable-libmpx --enable-plugin --with-system-zlib --disable-browser-plugin --enable-java-awt=gtk --enable-gtk-cairo --with-java-home=/usr/lib/jvm/java-1.5.0-gcj-5-amd64/jre --enable-java-home --with-jvm-root-dir=/usr/lib/jvm/java-1.5.0-gcj-5-amd64 --with-jvm-jar-dir=/usr/lib/jvm-exports/java-1.5.0-gcj-5-amd64 --with-arch-directory=amd64 --with-ecj-jar=/usr/share/java/eclipse-ecj.jar --enable-objc-gc --enable-multiarch --disable-werror --with-arch-32=i686 --with-abi=m64 --with-multilib-list=m32,m64,mx32 --enable-multilib --with-tune=generic --enable-checking=release --build=x86_64-linux-gnu --host=x86_64-linux-gnu --target=x86_64-linux-gnu
Thread model: posix
gcc version 5.5.0 20171010 (Ubuntu 5.5.0-12ubuntu1~16.04) 
COLLECT_GCC_OPTIONS='-v' '-E' '-mtune=generic' '-march=x86-64'
 /usr/lib/gcc/x86_64-linux-gnu/5/cc1 -E -quiet -v -imultiarch x86_64-linux-gnu /usr/local/share/cmake-3.25/Modules/CMakeCCompilerABI.c -mtune=generic -march=x86-64 -fstack-protector-strong -Wformat -Wformat-security
ignoring nonexistent directory "/usr/local/include/x86_64-linux-gnu"
ignoring nonexistent directory "/usr/lib/gcc/x86_64-linux-gnu/5/../../../../x86_64-linux-gnu/include"
#include "..." search starts here:
#include <...> search starts here:
 /usr/lib/gcc/x86_64-linux-gnu/5/include
 /usr/local/include
 /usr/lib/gcc/x86_64-linux-gnu/5/include-fixed
 /usr/include/x86_64-linux-gnu
 /usr/include
End of search list.
COMPILER_PATH=/usr/lib/gcc/x86_64-linux-gnu/5/:/usr/lib/gcc/x86_64-linux-gnu/5/:/usr/lib/gcc/x86_64-linux-gnu/:/usr/lib/gcc/x86_64-linux-gnu/5/:/usr/lib/gcc/x86_64-linux-gnu/
LIBRARY_PATH=/usr/lib/gcc/x86_64-linux-gnu/5/:/usr/lib/gcc/x86_64-linux-gnu/5/../../../x86_64-linux-gnu/:/usr/lib/gcc/x86_64-linux-gnu/5/../../../../lib/:/lib/x86_64-linux-gnu/:/lib/../lib/:/usr/lib/x86_64-linux-gnu/:/usr/lib/../lib/:/usr/lib/gcc/x86_64-linux-gnu/5/../../../:/lib/:/usr/lib/
COLLECT_GCC_OPTIONS='-v' '-E' '-mtune=generic' '-march=x86-64'
Using built-in specs.
COLLECT_GCC=/usr/bin/cc
Target: x86_64-linux-gnu
Configured with: ../src/configure -v --with-pkgversion='Ubuntu 5.5.0-12ubuntu1~16.04' --with-bugurl=file:///usr/share/doc/gcc-5/README.Bugs --enable-languages=c,ada,c++,java,go,d,fortran,objc,obj-c++ --prefix=/usr --program-suffix=-5 --enable-shared --enable-linker-build-id --libexecdir=/usr/lib --without-included-gettext --enable-threads=posix --libdir=/usr/lib --enable-nls --with-sysroot=/ --enable-clocale=gnu --enable-libstdcxx-debug --enable-libstdcxx-time=yes --with-default-libstdcxx-abi=new --enable-gnu-unique-object --disable-vtable-verify --enable-libmpx --enable-plugin --with-system-zlib --disable-browser-plugin --enable-java-awt=gtk --enable-gtk-cairo --with-java-home=/usr/lib/jvm/java-1.5.0-gcj-5-amd64/jre --enable-java-home --with-jvm-root-dir=/usr/lib/jvm/java-1.5.0-gcj-5-amd64 --with-jvm-jar-dir=/usr/lib/jvm-exports/java-1.5.0-gcj-5-amd64 --with-arch-directory=amd64 --with-ecj-jar=/usr/share/java/eclipse-ecj.jar --enable-objc-gc --enable-multiarch --disable-werror --with-arch-32=i686 --with-abi=m64 --with-multilib-list=m32,m64,mx32 --enable-multilib --with-tune=generic --enable-checking=release --build=x86_64-linux-gnu --host=x86_64-linux-gnu --target=x86_64-linux-gnu
Thread model: posix
gcc version 5.5.0 20171010 (Ubuntu 5.5.0-12ubuntu1~16.04) 
COLLECT_GCC_OPTIONS='-v' '-c' '-o' 'CMakeFiles/cmTC_85c59.dir/CMakeCCompilerABI.c.o' '-mtune=generic' '-march=x86-64'
 /usr/lib/gcc/x86_64-linux-gnu/5/cc1 -fpreprocessed /home/anupam/.ccache/tmp/CMakeCComp.stdout.anupam-Inspiron-15-7000-Gaming.9112.YeOc2F.i -quiet -dumpbase CMakeCComp.stdout.anupam-Inspiron-15-7000-Gaming.9112.YeOc2F.i -mtune=generic -march=x86-64 -auxbase-strip CMakeFiles/cmTC_85c59.dir/CMakeCCompilerABI.c.o -version -fstack-protector-strong -Wformat -Wformat-security -o /tmp/ccmkSGzh.s
GNU C11 (Ubuntu 5.5.0-12ubuntu1~16.04) version 5.5.0 20171010 (x86_64-linux-gnu)
	compiled by GNU C version 5.5.0 20171010, GMP version 6.1.0, MPFR version 3.1.4, MPC version 1.0.3
GGC heuristics: --param ggc-min-expand=100 --param ggc-min-heapsize=131072
GNU C11 (Ubuntu 5.5.0-12ubuntu1~16.04) version 5.5.0 20171010 (x86_64-linux-gnu)
	compiled by GNU C version 5.5.0 20171010, GMP version 6.1.0, MPFR version 3.1.4, MPC version 1.0.3
GGC heuristics: --param ggc-min-expand=100 --param ggc-min-heapsize=131072
Compiler executable checksum: a17d0cd9aea7093f02a2e3f3b1a39337
COLLECT_GCC_OPTIONS='-v' '-c' '-o' 'CMakeFiles/cmTC_85c59.dir/CMakeCCompilerABI.c.o' '-mtune=generic' '-march=x86-64'
 as -v --64 -o CMakeFiles/cmTC_85c59.dir/CMakeCCompilerABI.c.o /tmp/ccmkSGzh.s
GNU assembler version 2.26.1 (x86_64-linux-gnu) using BFD version (GNU Binutils for Ubuntu) 2.26.1
COMPILER_PATH=/usr/lib/gcc/x86_64-linux-gnu/5/:/usr/lib/gcc/x86_64-linux-gnu/5/:/usr/lib/gcc/x86_64-linux-gnu/:/usr/lib/gcc/x86_64-linux-gnu/5/:/usr/lib/gcc/x86_64-linux-gnu/
LIBRARY_PATH=/usr/lib/gcc/x86_64-linux-gnu/5/:/usr/lib/gcc/x86_64-linux-gnu/5/../../../x86_64-linux-gnu/:/usr/lib/gcc/x86_64-linux-gnu/5/../../../../lib/:/lib/x86_64-linux-gnu/:/lib/../lib/:/usr/lib/x86_64-linux-gnu/:/usr/lib/../lib/:/usr/lib/gcc/x86_64-linux-gnu/5/../../../:/lib/:/usr/lib/
COLLECT_GCC_OPTIONS='-v' '-c' '-o' 'CMakeFiles/cmTC_85c59.dir/CMakeCCompilerABI.c.o' '-mtune=generic' '-march=x86-64'
Linking C executable cmTC_4886b
/usr/local/bin/cmake -E cmake_link_script CMakeFiles/cmTC_4886b.dir/link.txt --verbose=1
/usr/lib/ccache/cc  -v CMakeFiles/cmTC_4886b.dir/CMakeCCompilerABI.c.o -o cmTC_4886b 
Using built-in specs.
COLLECT_GCC=/usr/bin/cc
COLLECT_LTO_WRAPPER=/usr/lib/gcc/x86_64-linux-gnu/5/lto-wrapper
Target: x86_64-linux-gnu
Configured with: ../src/configure -v --with-pkgversion='Ubuntu 5.5.0-12ubuntu1~16.04' --with-bugurl=file:///usr/share/doc/gcc-5/README.Bugs --enable-languages=c,ada,c++,java,go,d,fortran,objc,obj-c++ --prefix=/usr --program-suffix=-5 --enable-shared --enable-linker-build-id --libexecdir=/usr/lib --without-included-gettext --enable-threads=posix --libdir=/usr/lib --enable-nls --with-sysroot=/ --enable-clocale=gnu --enable-libstdcxx-debug --enable-libstdcxx-time=yes --with-default-libstdcxx-abi=new --enable-gnu-unique-object --disable-vtable-verify --enable-libmpx --enable-plugin --with-system-zlib --disable-browser-plugin --enable-java-awt=gtk --enable-gtk-cairo --with-java-home=/usr/lib/jvm/java-1.5.0-gcj-5-amd64/jre --enable-java-home --with-jvm-root-dir=/usr/lib/jvm/java-1.5.0-gcj-5-amd64 --with-jvm-jar-dir=/usr/lib/jvm-exports/java-1.5.0-gcj-5-amd64 --with-arch-directory=amd64 --with-ecj-jar=/usr/share/java/eclipse-ecj.jar --enable-objc-gc --enable-multiarch --disable-werror --with-arch-32=i686 --with-abi=m64 --with-multilib-list=m32,m64,mx32 --enable-multilib --with-tune=generic --enable-checking=release --build=x86_64-linux-gnu --host=x86_64-linux-gnu --target=x86_64-linux-gnu
Thread model: posix
gcc version 5.5.0 20171010 (Ubuntu 5.5.0-12ubuntu1~16.04) 
COMPILER_PATH=/usr/lib/gcc/x86_64-linux-gnu/5/:/usr/lib/gcc/x86_64-linux-gnu/5/:/usr/lib/gcc/x86_64-linux-gnu/:/usr/lib/gcc/x86_64-linux-gnu/5/:/usr/lib/gcc/x86_64-linux-gnu/
LIBRARY_PATH=/usr/lib/gcc/x86_64-linux-gnu/5/:/usr/lib/gcc/x86_64-linux-gnu/5/../../../x86_64-linux-gnu/:/usr/lib/gcc/x86_64-linux-gnu/5/../../../../lib/:/lib/x86_64-linux-gnu/:/lib/../lib/:/usr/lib/x86_64-linux-gnu/:/usr/lib/../lib/:/usr/lib/gcc/x86_64-linux-gnu/5/../../../:/lib/:/usr/lib/
COLLECT_GCC_OPTIONS='-v' '-o' 'cmTC_4886b' '-mtune=generic' '-march=x86-64'
 /usr/lib/gcc/x86_64-linux-gnu/5/collect2 -plugin /usr/lib/gcc/x86_64-linux-gnu/5/liblto_plugin.so -plugin-opt=/usr/lib/gcc/x86_64-linux-gnu/5/lto-wrapper -plugin-opt=-fresolution=/tmp/ccgXzeV5.res -plugin-opt=-pass-through=-lgcc -plugin-opt=-pass-through=-lgcc_s -plugin-opt=-pass-through=-lc -plugin-opt=-pass-through=-lgcc -plugin-opt=-pass-through=-lgcc_s --sysroot=/ --build-id --eh-frame-hdr -m elf_x86_64 --hash-style=gnu --as-needed -dynamic-linker /lib64/ld-linux-x86-64.so.2 -z relro -o cmTC_4886b /usr/lib/gcc/x86_64-linux-gnu/5/../../../x86_64-linux-gnu/crt1.o /usr/lib/gcc/x86_64-linux-gnu/5/../../../x86_64-linux-gnu/crti.o /usr/lib/gcc/x86_64-linux-gnu/5/crtbegin.o -L/usr/lib/gcc/x86_64-linux-gnu/5 -L/usr/lib/gcc/x86_64-linux-gnu/5/../../../x86_64-linux-gnu -L/usr/lib/gcc/x86_64-linux-gnu/5/../../../../lib -L/lib/x86_64-linux-gnu -L/lib/../lib -L/usr/lib/x86_64-linux-gnu -L/usr/lib/../lib -L/usr/lib/gcc/x86_64-linux-gnu/5/../../.. CMakeFiles/cmTC_4886b.dir/CMakeCCompilerABI.c.o -lgcc --push-state --as-needed -lgcc_s --pop-state -lc -lgcc --push-state --as-needed -lgcc_s --pop-state /usr/lib/gcc/x86_64-linux-gnu/5/crtend.o /usr/lib/gcc/x86_64-linux-gnu/5/../../../x86_64-linux-gnu/crtn.o
make[1]: Leaving directory '/home/anupam/github_robotics/simulator/mujoco_mpc/mjpc/CMakeFiles/CMakeScratch/TryCompile-TCZlG6'



Parsed C implicit include dir info from above output: rv=done
  found start of include info
  found start of implicit include info
    add: [/usr/lib/gcc/x86_64-linux-gnu/5/include]
    add: [/usr/local/include]
    add: [/usr/lib/gcc/x86_64-linux-gnu/5/include-fixed]
    add: [/usr/include/x86_64-linux-gnu]
    add: [/usr/include]
  end of search list found
  collapse include dir [/usr/lib/gcc/x86_64-linux-gnu/5/include] ==> [/usr/lib/gcc/x86_64-linux-gnu/5/include]
  collapse include dir [/usr/local/include] ==> [/usr/local/include]
  collapse include dir [/usr/lib/gcc/x86_64-linux-gnu/5/include-fixed] ==> [/usr/lib/gcc/x86_64-linux-gnu/5/include-fixed]
  collapse include dir [/usr/include/x86_64-linux-gnu] ==> [/usr/include/x86_64-linux-gnu]
  collapse include dir [/usr/include] ==> [/usr/include]
  implicit include dirs: [/usr/lib/gcc/x86_64-linux-gnu/5/include;/usr/local/include;/usr/lib/gcc/x86_64-linux-gnu/5/include-fixed;/usr/include/x86_64-linux-gnu;/usr/include]


Parsed C implicit link information from above output:
  link line regex: [^( *|.*[/\])(ld|CMAKE_LINK_STARTFILE-NOTFOUND|([^/\]+-)?ld|collect2)[^/\]*( |$)]
  ignore line: [Change Dir: /home/anupam/github_robotics/simulator/mujoco_mpc/mjpc/CMakeFiles/CMakeScratch/TryCompile-TCZlG6]
  ignore line: []
  ignore line: [Run Build Command(s):/usr/bin/make -f Makefile cmTC_4886b/fast && /usr/bin/make  -f CMakeFiles/cmTC_4886b.dir/build.make CMakeFiles/cmTC_4886b.dir/build]
  ignore line: [make[1]: Entering directory '/home/anupam/github_robotics/simulator/mujoco_mpc/mjpc/CMakeFiles/CMakeScratch/TryCompile-TCZlG6']
  ignore line: [Building C object CMakeFiles/cmTC_4886b.dir/CMakeCCompilerABI.c.o]
  ignore line: [/usr/lib/ccache/cc   -v -o CMakeFiles/cmTC_4886b.dir/CMakeCCompilerABI.c.o -c /usr/local/share/cmake-3.25/Modules/CMakeCCompilerABI.c]
  ignore line: [Using built-in specs.]
  ignore line: [COLLECT_GCC=/usr/bin/cc]
  ignore line: [Target: x86_64-linux-gnu]
  ignore line: [Configured with: ../src/configure -v --with-pkgversion='Ubuntu 5.5.0-12ubuntu1~16.04' --with-bugurl=file:///usr/share/doc/gcc-5/README.Bugs --enable-languages=c ada c++ java go d fortran objc obj-c++ --prefix=/usr --program-suffix=-5 --enable-shared --enable-linker-build-id --libexecdir=/usr/lib --without-included-gettext --enable-threads=posix --libdir=/usr/lib --enable-nls --with-sysroot=/ --enable-clocale=gnu --enable-libstdcxx-debug --enable-libstdcxx-time=yes --with-default-libstdcxx-abi=new --enable-gnu-unique-object --disable-vtable-verify --enable-libmpx --enable-plugin --with-system-zlib --disable-browser-plugin --enable-java-awt=gtk --enable-gtk-cairo --with-java-home=/usr/lib/jvm/java-1.5.0-gcj-5-amd64/jre --enable-java-home --with-jvm-root-dir=/usr/lib/jvm/java-1.5.0-gcj-5-amd64 --with-jvm-jar-dir=/usr/lib/jvm-exports/java-1.5.0-gcj-5-amd64 --with-arch-directory=amd64 --with-ecj-jar=/usr/share/java/eclipse-ecj.jar --enable-objc-gc --enable-multiarch --disable-werror --with-arch-32=i686 --with-abi=m64 --with-multilib-list=m32 m64 mx32 --enable-multilib --with-tune=generic --enable-checking=release --build=x86_64-linux-gnu --host=x86_64-linux-gnu --target=x86_64-linux-gnu]
  ignore line: [Thread model: posix]
  ignore line: [gcc version 5.5.0 20171010 (Ubuntu 5.5.0-12ubuntu1~16.04) ]
  ignore line: [COLLECT_GCC_OPTIONS='-v' '-E' '-mtune=generic' '-march=x86-64']
  ignore line: [ /usr/lib/gcc/x86_64-linux-gnu/5/cc1 -E -quiet -v -imultiarch x86_64-linux-gnu /usr/local/share/cmake-3.25/Modules/CMakeCCompilerABI.c -mtune=generic -march=x86-64 -fstack-protector-strong -Wformat -Wformat-security]
  ignore line: [ignoring nonexistent directory "/usr/local/include/x86_64-linux-gnu"]
  ignore line: [ignoring nonexistent directory "/usr/lib/gcc/x86_64-linux-gnu/5/../../../../x86_64-linux-gnu/include"]
  ignore line: [#include "..." search starts here:]
  ignore line: [#include <...> search starts here:]
  ignore line: [ /usr/lib/gcc/x86_64-linux-gnu/5/include]
  ignore line: [ /usr/local/include]
  ignore line: [ /usr/lib/gcc/x86_64-linux-gnu/5/include-fixed]
  ignore line: [ /usr/include/x86_64-linux-gnu]
  ignore line: [ /usr/include]
  ignore line: [End of search list.]
  ignore line: [COMPILER_PATH=/usr/lib/gcc/x86_64-linux-gnu/5/:/usr/lib/gcc/x86_64-linux-gnu/5/:/usr/lib/gcc/x86_64-linux-gnu/:/usr/lib/gcc/x86_64-linux-gnu/5/:/usr/lib/gcc/x86_64-linux-gnu/]
  ignore line: [LIBRARY_PATH=/usr/lib/gcc/x86_64-linux-gnu/5/:/usr/lib/gcc/x86_64-linux-gnu/5/../../../x86_64-linux-gnu/:/usr/lib/gcc/x86_64-linux-gnu/5/../../../../lib/:/lib/x86_64-linux-gnu/:/lib/../lib/:/usr/lib/x86_64-linux-gnu/:/usr/lib/../lib/:/usr/lib/gcc/x86_64-linux-gnu/5/../../../:/lib/:/usr/lib/]
  ignore line: [COLLECT_GCC_OPTIONS='-v' '-E' '-mtune=generic' '-march=x86-64']
  ignore line: [Using built-in specs.]
  ignore line: [COLLECT_GCC=/usr/bin/cc]
  ignore line: [Target: x86_64-linux-gnu]
  ignore line: [Configured with: ../src/configure -v --with-pkgversion='Ubuntu 5.5.0-12ubuntu1~16.04' --with-bugurl=file:///usr/share/doc/gcc-5/README.Bugs --enable-languages=c ada c++ java go d fortran objc obj-c++ --prefix=/usr --program-suffix=-5 --enable-shared --enable-linker-build-id --libexecdir=/usr/lib --without-included-gettext --enable-threads=posix --libdir=/usr/lib --enable-nls --with-sysroot=/ --enable-clocale=gnu --enable-libstdcxx-debug --enable-libstdcxx-time=yes --with-default-libstdcxx-abi=new --enable-gnu-unique-object --disable-vtable-verify --enable-libmpx --enable-plugin --with-system-zlib --disable-browser-plugin --enable-java-awt=gtk --enable-gtk-cairo --with-java-home=/usr/lib/jvm/java-1.5.0-gcj-5-amd64/jre --enable-java-home --with-jvm-root-dir=/usr/lib/jvm/java-1.5.0-gcj-5-amd64 --with-jvm-jar-dir=/usr/lib/jvm-exports/java-1.5.0-gcj-5-amd64 --with-arch-directory=amd64 --with-ecj-jar=/usr/share/java/eclipse-ecj.jar --enable-objc-gc --enable-multiarch --disable-werror --with-arch-32=i686 --with-abi=m64 --with-multilib-list=m32 m64 mx32 --enable-multilib --with-tune=generic --enable-checking=release --build=x86_64-linux-gnu --host=x86_64-linux-gnu --target=x86_64-linux-gnu]
  ignore line: [Thread model: posix]
  ignore line: [gcc version 5.5.0 20171010 (Ubuntu 5.5.0-12ubuntu1~16.04) ]
  ignore line: [COLLECT_GCC_OPTIONS='-v' '-c' '-o' 'CMakeFiles/cmTC_85c59.dir/CMakeCCompilerABI.c.o' '-mtune=generic' '-march=x86-64']
  ignore line: [ /usr/lib/gcc/x86_64-linux-gnu/5/cc1 -fpreprocessed /home/anupam/.ccache/tmp/CMakeCComp.stdout.anupam-Inspiron-15-7000-Gaming.9112.YeOc2F.i -quiet -dumpbase CMakeCComp.stdout.anupam-Inspiron-15-7000-Gaming.9112.YeOc2F.i -mtune=generic -march=x86-64 -auxbase-strip CMakeFiles/cmTC_85c59.dir/CMakeCCompilerABI.c.o -version -fstack-protector-strong -Wformat -Wformat-security -o /tmp/ccmkSGzh.s]
  ignore line: [GNU C11 (Ubuntu 5.5.0-12ubuntu1~16.04) version 5.5.0 20171010 (x86_64-linux-gnu)]
  ignore line: [	compiled by GNU C version 5.5.0 20171010  GMP version 6.1.0  MPFR version 3.1.4  MPC version 1.0.3]
  ignore line: [GGC heuristics: --param ggc-min-expand=100 --param ggc-min-heapsize=131072]
  ignore line: [GNU C11 (Ubuntu 5.5.0-12ubuntu1~16.04) version 5.5.0 20171010 (x86_64-linux-gnu)]
  ignore line: [	compiled by GNU C version 5.5.0 20171010  GMP version 6.1.0  MPFR version 3.1.4  MPC version 1.0.3]
  ignore line: [GGC heuristics: --param ggc-min-expand=100 --param ggc-min-heapsize=131072]
  ignore line: [Compiler executable checksum: a17d0cd9aea7093f02a2e3f3b1a39337]
  ignore line: [COLLECT_GCC_OPTIONS='-v' '-c' '-o' 'CMakeFiles/cmTC_85c59.dir/CMakeCCompilerABI.c.o' '-mtune=generic' '-march=x86-64']
  ignore line: [ as -v --64 -o CMakeFiles/cmTC_85c59.dir/CMakeCCompilerABI.c.o /tmp/ccmkSGzh.s]
  ignore line: [GNU assembler version 2.26.1 (x86_64-linux-gnu) using BFD version (GNU Binutils for Ubuntu) 2.26.1]
  ignore line: [COMPILER_PATH=/usr/lib/gcc/x86_64-linux-gnu/5/:/usr/lib/gcc/x86_64-linux-gnu/5/:/usr/lib/gcc/x86_64-linux-gnu/:/usr/lib/gcc/x86_64-linux-gnu/5/:/usr/lib/gcc/x86_64-linux-gnu/]
  ignore line: [LIBRARY_PATH=/usr/lib/gcc/x86_64-linux-gnu/5/:/usr/lib/gcc/x86_64-linux-gnu/5/../../../x86_64-linux-gnu/:/usr/lib/gcc/x86_64-linux-gnu/5/../../../../lib/:/lib/x86_64-linux-gnu/:/lib/../lib/:/usr/lib/x86_64-linux-gnu/:/usr/lib/../lib/:/usr/lib/gcc/x86_64-linux-gnu/5/../../../:/lib/:/usr/lib/]
  ignore line: [COLLECT_GCC_OPTIONS='-v' '-c' '-o' 'CMakeFiles/cmTC_85c59.dir/CMakeCCompilerABI.c.o' '-mtune=generic' '-march=x86-64']
  ignore line: [Linking C executable cmTC_4886b]
  ignore line: [/usr/local/bin/cmake -E cmake_link_script CMakeFiles/cmTC_4886b.dir/link.txt --verbose=1]
  ignore line: [/usr/lib/ccache/cc  -v CMakeFiles/cmTC_4886b.dir/CMakeCCompilerABI.c.o -o cmTC_4886b ]
  ignore line: [Using built-in specs.]
  ignore line: [COLLECT_GCC=/usr/bin/cc]
  ignore line: [COLLECT_LTO_WRAPPER=/usr/lib/gcc/x86_64-linux-gnu/5/lto-wrapper]
  ignore line: [Target: x86_64-linux-gnu]
  ignore line: [Configured with: ../src/configure -v --with-pkgversion='Ubuntu 5.5.0-12ubuntu1~16.04' --with-bugurl=file:///usr/share/doc/gcc-5/README.Bugs --enable-languages=c ada c++ java go d fortran objc obj-c++ --prefix=/usr --program-suffix=-5 --enable-shared --enable-linker-build-id --libexecdir=/usr/lib --without-included-gettext --enable-threads=posix --libdir=/usr/lib --enable-nls --with-sysroot=/ --enable-clocale=gnu --enable-libstdcxx-debug --enable-libstdcxx-time=yes --with-default-libstdcxx-abi=new --enable-gnu-unique-object --disable-vtable-verify --enable-libmpx --enable-plugin --with-system-zlib --disable-browser-plugin --enable-java-awt=gtk --enable-gtk-cairo --with-java-home=/usr/lib/jvm/java-1.5.0-gcj-5-amd64/jre --enable-java-home --with-jvm-root-dir=/usr/lib/jvm/java-1.5.0-gcj-5-amd64 --with-jvm-jar-dir=/usr/lib/jvm-exports/java-1.5.0-gcj-5-amd64 --with-arch-directory=amd64 --with-ecj-jar=/usr/share/java/eclipse-ecj.jar --enable-objc-gc --enable-multiarch --disable-werror --with-arch-32=i686 --with-abi=m64 --with-multilib-list=m32 m64 mx32 --enable-multilib --with-tune=generic --enable-checking=release --build=x86_64-linux-gnu --host=x86_64-linux-gnu --target=x86_64-linux-gnu]
  ignore line: [Thread model: posix]
  ignore line: [gcc version 5.5.0 20171010 (Ubuntu 5.5.0-12ubuntu1~16.04) ]
  ignore line: [COMPILER_PATH=/usr/lib/gcc/x86_64-linux-gnu/5/:/usr/lib/gcc/x86_64-linux-gnu/5/:/usr/lib/gcc/x86_64-linux-gnu/:/usr/lib/gcc/x86_64-linux-gnu/5/:/usr/lib/gcc/x86_64-linux-gnu/]
  ignore line: [LIBRARY_PATH=/usr/lib/gcc/x86_64-linux-gnu/5/:/usr/lib/gcc/x86_64-linux-gnu/5/../../../x86_64-linux-gnu/:/usr/lib/gcc/x86_64-linux-gnu/5/../../../../lib/:/lib/x86_64-linux-gnu/:/lib/../lib/:/usr/lib/x86_64-linux-gnu/:/usr/lib/../lib/:/usr/lib/gcc/x86_64-linux-gnu/5/../../../:/lib/:/usr/lib/]
  ignore line: [COLLECT_GCC_OPTIONS='-v' '-o' 'cmTC_4886b' '-mtune=generic' '-march=x86-64']
  link line: [ /usr/lib/gcc/x86_64-linux-gnu/5/collect2 -plugin /usr/lib/gcc/x86_64-linux-gnu/5/liblto_plugin.so -plugin-opt=/usr/lib/gcc/x86_64-linux-gnu/5/lto-wrapper -plugin-opt=-fresolution=/tmp/ccgXzeV5.res -plugin-opt=-pass-through=-lgcc -plugin-opt=-pass-through=-lgcc_s -plugin-opt=-pass-through=-lc -plugin-opt=-pass-through=-lgcc -plugin-opt=-pass-through=-lgcc_s --sysroot=/ --build-id --eh-frame-hdr -m elf_x86_64 --hash-style=gnu --as-needed -dynamic-linker /lib64/ld-linux-x86-64.so.2 -z relro -o cmTC_4886b /usr/lib/gcc/x86_64-linux-gnu/5/../../../x86_64-linux-gnu/crt1.o /usr/lib/gcc/x86_64-linux-gnu/5/../../../x86_64-linux-gnu/crti.o /usr/lib/gcc/x86_64-linux-gnu/5/crtbegin.o -L/usr/lib/gcc/x86_64-linux-gnu/5 -L/usr/lib/gcc/x86_64-linux-gnu/5/../../../x86_64-linux-gnu -L/usr/lib/gcc/x86_64-linux-gnu/5/../../../../lib -L/lib/x86_64-linux-gnu -L/lib/../lib -L/usr/lib/x86_64-linux-gnu -L/usr/lib/../lib -L/usr/lib/gcc/x86_64-linux-gnu/5/../../.. CMakeFiles/cmTC_4886b.dir/CMakeCCompilerABI.c.o -lgcc --push-state --as-needed -lgcc_s --pop-state -lc -lgcc --push-state --as-needed -lgcc_s --pop-state /usr/lib/gcc/x86_64-linux-gnu/5/crtend.o /usr/lib/gcc/x86_64-linux-gnu/5/../../../x86_64-linux-gnu/crtn.o]
    arg [/usr/lib/gcc/x86_64-linux-gnu/5/collect2] ==> ignore
    arg [-plugin] ==> ignore
    arg [/usr/lib/gcc/x86_64-linux-gnu/5/liblto_plugin.so] ==> ignore
    arg [-plugin-opt=/usr/lib/gcc/x86_64-linux-gnu/5/lto-wrapper] ==> ignore
    arg [-plugin-opt=-fresolution=/tmp/ccgXzeV5.res] ==> ignore
    arg [-plugin-opt=-pass-through=-lgcc] ==> ignore
    arg [-plugin-opt=-pass-through=-lgcc_s] ==> ignore
    arg [-plugin-opt=-pass-through=-lc] ==> ignore
    arg [-plugin-opt=-pass-through=-lgcc] ==> ignore
    arg [-plugin-opt=-pass-through=-lgcc_s] ==> ignore
    arg [--sysroot=/] ==> ignore
    arg [--build-id] ==> ignore
    arg [--eh-frame-hdr] ==> ignore
    arg [-m] ==> ignore
    arg [elf_x86_64] ==> ignore
    arg [--hash-style=gnu] ==> ignore
    arg [--as-needed] ==> ignore
    arg [-dynamic-linker] ==> ignore
    arg [/lib64/ld-linux-x86-64.so.2] ==> ignore
    arg [-zrelro] ==> ignore
    arg [-o] ==> ignore
    arg [cmTC_4886b] ==> ignore
    arg [/usr/lib/gcc/x86_64-linux-gnu/5/../../../x86_64-linux-gnu/crt1.o] ==> obj [/usr/lib/gcc/x86_64-linux-gnu/5/../../../x86_64-linux-gnu/crt1.o]
    arg [/usr/lib/gcc/x86_64-linux-gnu/5/../../../x86_64-linux-gnu/crti.o] ==> obj [/usr/lib/gcc/x86_64-linux-gnu/5/../../../x86_64-linux-gnu/crti.o]
    arg [/usr/lib/gcc/x86_64-linux-gnu/5/crtbegin.o] ==> obj [/usr/lib/gcc/x86_64-linux-gnu/5/crtbegin.o]
    arg [-L/usr/lib/gcc/x86_64-linux-gnu/5] ==> dir [/usr/lib/gcc/x86_64-linux-gnu/5]
    arg [-L/usr/lib/gcc/x86_64-linux-gnu/5/../../../x86_64-linux-gnu] ==> dir [/usr/lib/gcc/x86_64-linux-gnu/5/../../../x86_64-linux-gnu]
    arg [-L/usr/lib/gcc/x86_64-linux-gnu/5/../../../../lib] ==> dir [/usr/lib/gcc/x86_64-linux-gnu/5/../../../../lib]
    arg [-L/lib/x86_64-linux-gnu] ==> dir [/lib/x86_64-linux-gnu]
    arg [-L/lib/../lib] ==> dir [/lib/../lib]
    arg [-L/usr/lib/x86_64-linux-gnu] ==> dir [/usr/lib/x86_64-linux-gnu]
    arg [-L/usr/lib/../lib] ==> dir [/usr/lib/../lib]
    arg [-L/usr/lib/gcc/x86_64-linux-gnu/5/../../..] ==> dir [/usr/lib/gcc/x86_64-linux-gnu/5/../../..]
    arg [CMakeFiles/cmTC_4886b.dir/CMakeCCompilerABI.c.o] ==> ignore
    arg [-lgcc] ==> lib [gcc]
    arg [--push-state] ==> ignore
    arg [--as-needed] ==> ignore
    arg [-lgcc_s] ==> lib [gcc_s]
    arg [--pop-state] ==> ignore
    arg [-lc] ==> lib [c]
    arg [-lgcc] ==> lib [gcc]
    arg [--push-state] ==> ignore
    arg [--as-needed] ==> ignore
    arg [-lgcc_s] ==> lib [gcc_s]
    arg [--pop-state] ==> ignore
    arg [/usr/lib/gcc/x86_64-linux-gnu/5/crtend.o] ==> obj [/usr/lib/gcc/x86_64-linux-gnu/5/crtend.o]
    arg [/usr/lib/gcc/x86_64-linux-gnu/5/../../../x86_64-linux-gnu/crtn.o] ==> obj [/usr/lib/gcc/x86_64-linux-gnu/5/../../../x86_64-linux-gnu/crtn.o]
  collapse obj [/usr/lib/gcc/x86_64-linux-gnu/5/../../../x86_64-linux-gnu/crt1.o] ==> [/usr/lib/x86_64-linux-gnu/crt1.o]
  collapse obj [/usr/lib/gcc/x86_64-linux-gnu/5/../../../x86_64-linux-gnu/crti.o] ==> [/usr/lib/x86_64-linux-gnu/crti.o]
  collapse obj [/usr/lib/gcc/x86_64-linux-gnu/5/../../../x86_64-linux-gnu/crtn.o] ==> [/usr/lib/x86_64-linux-gnu/crtn.o]
  collapse library dir [/usr/lib/gcc/x86_64-linux-gnu/5] ==> [/usr/lib/gcc/x86_64-linux-gnu/5]
  collapse library dir [/usr/lib/gcc/x86_64-linux-gnu/5/../../../x86_64-linux-gnu] ==> [/usr/lib/x86_64-linux-gnu]
  collapse library dir [/usr/lib/gcc/x86_64-linux-gnu/5/../../../../lib] ==> [/usr/lib]
  collapse library dir [/lib/x86_64-linux-gnu] ==> [/lib/x86_64-linux-gnu]
  collapse library dir [/lib/../lib] ==> [/lib]
  collapse library dir [/usr/lib/x86_64-linux-gnu] ==> [/usr/lib/x86_64-linux-gnu]
  collapse library dir [/usr/lib/../lib] ==> [/usr/lib]
  collapse library dir [/usr/lib/gcc/x86_64-linux-gnu/5/../../..] ==> [/usr/lib]
  implicit libs: [gcc;gcc_s;c;gcc;gcc_s]
  implicit objs: [/usr/lib/x86_64-linux-gnu/crt1.o;/usr/lib/x86_64-linux-gnu/crti.o;/usr/lib/gcc/x86_64-linux-gnu/5/crtbegin.o;/usr/lib/gcc/x86_64-linux-gnu/5/crtend.o;/usr/lib/x86_64-linux-gnu/crtn.o]
  implicit dirs: [/usr/lib/gcc/x86_64-linux-gnu/5;/usr/lib/x86_64-linux-gnu;/usr/lib;/lib/x86_64-linux-gnu;/lib]
  implicit fwks: []


Detecting CXX compiler ABI info compiled with the following output:
Change Dir: /home/anupam/github_robotics/simulator/mujoco_mpc/mjpc/CMakeFiles/CMakeScratch/TryCompile-AV4mxu

Run Build Command(s):/usr/bin/make -f Makefile cmTC_a7c36/fast && /usr/bin/make  -f CMakeFiles/cmTC_a7c36.dir/build.make CMakeFiles/cmTC_a7c36.dir/build
make[1]: Entering directory '/home/anupam/github_robotics/simulator/mujoco_mpc/mjpc/CMakeFiles/CMakeScratch/TryCompile-AV4mxu'
Building CXX object CMakeFiles/cmTC_a7c36.dir/CMakeCXXCompilerABI.cpp.o
/usr/lib/ccache/c++   -v -o CMakeFiles/cmTC_a7c36.dir/CMakeCXXCompilerABI.cpp.o -c /usr/local/share/cmake-3.25/Modules/CMakeCXXCompilerABI.cpp
Using built-in specs.
COLLECT_GCC=/usr/bin/c++
OFFLOAD_TARGET_NAMES=nvptx-none
OFFLOAD_TARGET_DEFAULT=1
Target: x86_64-linux-gnu
Configured with: ../src/configure -v --with-pkgversion='Ubuntu 8.4.0-1ubuntu1~16.04.1' --with-bugurl=file:///usr/share/doc/gcc-8/README.Bugs --enable-languages=c,ada,c++,go,brig,d,fortran,objc,obj-c++ --prefix=/usr --with-gcc-major-version-only --program-suffix=-8 --program-prefix=x86_64-linux-gnu- --enable-shared --enable-linker-build-id --libexecdir=/usr/lib --without-included-gettext --enable-threads=posix --libdir=/usr/lib --enable-nls --enable-clocale=gnu --enable-libstdcxx-debug --enable-libstdcxx-time=yes --with-default-libstdcxx-abi=new --enable-gnu-unique-object --disable-vtable-verify --enable-libmpx --enable-plugin --with-system-zlib --with-target-system-zlib=auto --enable-objc-gc=auto --enable-multiarch --disable-werror --with-arch-32=i686 --with-abi=m64 --with-multilib-list=m32,m64,mx32 --enable-multilib --with-tune=generic --enable-offload-targets=nvptx-none --without-cuda-driver --enable-checking=release --build=x86_64-linux-gnu --host=x86_64-linux-gnu --target=x86_64-linux-gnu
Thread model: posix
gcc version 8.4.0 (Ubuntu 8.4.0-1ubuntu1~16.04.1) 
COLLECT_GCC_OPTIONS='-v' '-E' '-shared-libgcc' '-mtune=generic' '-march=x86-64'
 /usr/lib/gcc/x86_64-linux-gnu/8/cc1plus -E -quiet -v -imultiarch x86_64-linux-gnu -D_GNU_SOURCE /usr/local/share/cmake-3.25/Modules/CMakeCXXCompilerABI.cpp -mtune=generic -march=x86-64 -fstack-protector-strong -Wformat -Wformat-security
ignoring duplicate directory "/usr/include/x86_64-linux-gnu/c++/8"
ignoring nonexistent directory "/usr/local/include/x86_64-linux-gnu"
ignoring nonexistent directory "/usr/lib/gcc/x86_64-linux-gnu/8/../../../../x86_64-linux-gnu/include"
#include "..." search starts here:
#include <...> search starts here:
 /usr/include/c++/8
 /usr/include/x86_64-linux-gnu/c++/8
 /usr/include/c++/8/backward
 /usr/lib/gcc/x86_64-linux-gnu/8/include
 /usr/local/include
 /usr/lib/gcc/x86_64-linux-gnu/8/include-fixed
 /usr/include/x86_64-linux-gnu
 /usr/include
End of search list.
COMPILER_PATH=/usr/lib/gcc/x86_64-linux-gnu/8/:/usr/lib/gcc/x86_64-linux-gnu/8/:/usr/lib/gcc/x86_64-linux-gnu/:/usr/lib/gcc/x86_64-linux-gnu/8/:/usr/lib/gcc/x86_64-linux-gnu/
LIBRARY_PATH=/usr/lib/gcc/x86_64-linux-gnu/8/:/usr/lib/gcc/x86_64-linux-gnu/8/../../../x86_64-linux-gnu/:/usr/lib/gcc/x86_64-linux-gnu/8/../../../../lib/:/lib/x86_64-linux-gnu/:/lib/../lib/:/usr/lib/x86_64-linux-gnu/:/usr/lib/../lib/:/usr/lib/gcc/x86_64-linux-gnu/8/../../../:/lib/:/usr/lib/
COLLECT_GCC_OPTIONS='-v' '-E' '-shared-libgcc' '-mtune=generic' '-march=x86-64'
Using built-in specs.
COLLECT_GCC=/usr/bin/c++
OFFLOAD_TARGET_NAMES=nvptx-none
OFFLOAD_TARGET_DEFAULT=1
Target: x86_64-linux-gnu
Configured with: ../src/configure -v --with-pkgversion='Ubuntu 8.4.0-1ubuntu1~16.04.1' --with-bugurl=file:///usr/share/doc/gcc-8/README.Bugs --enable-languages=c,ada,c++,go,brig,d,fortran,objc,obj-c++ --prefix=/usr --with-gcc-major-version-only --program-suffix=-8 --program-prefix=x86_64-linux-gnu- --enable-shared --enable-linker-build-id --libexecdir=/usr/lib --without-included-gettext --enable-threads=posix --libdir=/usr/lib --enable-nls --enable-clocale=gnu --enable-libstdcxx-debug --enable-libstdcxx-time=yes --with-default-libstdcxx-abi=new --enable-gnu-unique-object --disable-vtable-verify --enable-libmpx --enable-plugin --with-system-zlib --with-target-system-zlib=auto --enable-objc-gc=auto --enable-multiarch --disable-werror --with-arch-32=i686 --with-abi=m64 --with-multilib-list=m32,m64,mx32 --enable-multilib --with-tune=generic --enable-offload-targets=nvptx-none --without-cuda-driver --enable-checking=release --build=x86_64-linux-gnu --host=x86_64-linux-gnu --target=x86_64-linux-gnu
Thread model: posix
gcc version 8.4.0 (Ubuntu 8.4.0-1ubuntu1~16.04.1) 
COLLECT_GCC_OPTIONS='-v' '-c' '-o' 'CMakeFiles/cmTC_2aa7b.dir/CMakeCXXCompilerABI.cpp.o' '-shared-libgcc' '-mtune=generic' '-march=x86-64'
 /usr/lib/gcc/x86_64-linux-gnu/8/cc1plus -fpreprocessed /home/anupam/.ccache/tmp/CMakeCXXCo.stdout.anupam-Inspiron-15-7000-Gaming.9129.qOzVYK.ii -quiet -dumpbase CMakeCXXCo.stdout.anupam-Inspiron-15-7000-Gaming.9129.qOzVYK.ii -mtune=generic -march=x86-64 -auxbase-strip CMakeFiles/cmTC_2aa7b.dir/CMakeCXXCompilerABI.cpp.o -version -fstack-protector-strong -Wformat -Wformat-security -o /tmp/ccPjMzqm.s
GNU C++14 (Ubuntu 8.4.0-1ubuntu1~16.04.1) version 8.4.0 (x86_64-linux-gnu)
	compiled by GNU C version 8.4.0, GMP version 6.1.0, MPFR version 3.1.4, MPC version 1.0.3, isl version isl-0.16.1-GMP

GGC heuristics: --param ggc-min-expand=100 --param ggc-min-heapsize=131072
GNU C++14 (Ubuntu 8.4.0-1ubuntu1~16.04.1) version 8.4.0 (x86_64-linux-gnu)
	compiled by GNU C version 8.4.0, GMP version 6.1.0, MPFR version 3.1.4, MPC version 1.0.3, isl version isl-0.16.1-GMP

GGC heuristics: --param ggc-min-expand=100 --param ggc-min-heapsize=131072
Compiler executable checksum: 7dad3bff82ecfae38e491e2a60b7bf75
COLLECT_GCC_OPTIONS='-v' '-c' '-o' 'CMakeFiles/cmTC_2aa7b.dir/CMakeCXXCompilerABI.cpp.o' '-shared-libgcc' '-mtune=generic' '-march=x86-64'
 as -v --64 -o CMakeFiles/cmTC_2aa7b.dir/CMakeCXXCompilerABI.cpp.o /tmp/ccPjMzqm.s
GNU assembler version 2.26.1 (x86_64-linux-gnu) using BFD version (GNU Binutils for Ubuntu) 2.26.1
COMPILER_PATH=/usr/lib/gcc/x86_64-linux-gnu/8/:/usr/lib/gcc/x86_64-linux-gnu/8/:/usr/lib/gcc/x86_64-linux-gnu/:/usr/lib/gcc/x86_64-linux-gnu/8/:/usr/lib/gcc/x86_64-linux-gnu/
LIBRARY_PATH=/usr/lib/gcc/x86_64-linux-gnu/8/:/usr/lib/gcc/x86_64-linux-gnu/8/../../../x86_64-linux-gnu/:/usr/lib/gcc/x86_64-linux-gnu/8/../../../../lib/:/lib/x86_64-linux-gnu/:/lib/../lib/:/usr/lib/x86_64-linux-gnu/:/usr/lib/../lib/:/usr/lib/gcc/x86_64-linux-gnu/8/../../../:/lib/:/usr/lib/
COLLECT_GCC_OPTIONS='-v' '-c' '-o' 'CMakeFiles/cmTC_2aa7b.dir/CMakeCXXCompilerABI.cpp.o' '-shared-libgcc' '-mtune=generic' '-march=x86-64'
Linking CXX executable cmTC_a7c36
/usr/local/bin/cmake -E cmake_link_script CMakeFiles/cmTC_a7c36.dir/link.txt --verbose=1
/usr/lib/ccache/c++  -v CMakeFiles/cmTC_a7c36.dir/CMakeCXXCompilerABI.cpp.o -o cmTC_a7c36 
Using built-in specs.
COLLECT_GCC=/usr/bin/c++
COLLECT_LTO_WRAPPER=/usr/lib/gcc/x86_64-linux-gnu/8/lto-wrapper
OFFLOAD_TARGET_NAMES=nvptx-none
OFFLOAD_TARGET_DEFAULT=1
Target: x86_64-linux-gnu
Configured with: ../src/configure -v --with-pkgversion='Ubuntu 8.4.0-1ubuntu1~16.04.1' --with-bugurl=file:///usr/share/doc/gcc-8/README.Bugs --enable-languages=c,ada,c++,go,brig,d,fortran,objc,obj-c++ --prefix=/usr --with-gcc-major-version-only --program-suffix=-8 --program-prefix=x86_64-linux-gnu- --enable-shared --enable-linker-build-id --libexecdir=/usr/lib --without-included-gettext --enable-threads=posix --libdir=/usr/lib --enable-nls --enable-clocale=gnu --enable-libstdcxx-debug --enable-libstdcxx-time=yes --with-default-libstdcxx-abi=new --enable-gnu-unique-object --disable-vtable-verify --enable-libmpx --enable-plugin --with-system-zlib --with-target-system-zlib=auto --enable-objc-gc=auto --enable-multiarch --disable-werror --with-arch-32=i686 --with-abi=m64 --with-multilib-list=m32,m64,mx32 --enable-multilib --with-tune=generic --enable-offload-targets=nvptx-none --without-cuda-driver --enable-checking=release --build=x86_64-linux-gnu --host=x86_64-linux-gnu --target=x86_64-linux-gnu
Thread model: posix
gcc version 8.4.0 (Ubuntu 8.4.0-1ubuntu1~16.04.1) 
COMPILER_PATH=/usr/lib/gcc/x86_64-linux-gnu/8/:/usr/lib/gcc/x86_64-linux-gnu/8/:/usr/lib/gcc/x86_64-linux-gnu/:/usr/lib/gcc/x86_64-linux-gnu/8/:/usr/lib/gcc/x86_64-linux-gnu/
LIBRARY_PATH=/usr/lib/gcc/x86_64-linux-gnu/8/:/usr/lib/gcc/x86_64-linux-gnu/8/../../../x86_64-linux-gnu/:/usr/lib/gcc/x86_64-linux-gnu/8/../../../../lib/:/lib/x86_64-linux-gnu/:/lib/../lib/:/usr/lib/x86_64-linux-gnu/:/usr/lib/../lib/:/usr/lib/gcc/x86_64-linux-gnu/8/../../../:/lib/:/usr/lib/
COLLECT_GCC_OPTIONS='-v' '-o' 'cmTC_a7c36' '-shared-libgcc' '-mtune=generic' '-march=x86-64'
 /usr/lib/gcc/x86_64-linux-gnu/8/collect2 -plugin /usr/lib/gcc/x86_64-linux-gnu/8/liblto_plugin.so -plugin-opt=/usr/lib/gcc/x86_64-linux-gnu/8/lto-wrapper -plugin-opt=-fresolution=/tmp/ccDMmoFb.res -plugin-opt=-pass-through=-lgcc_s -plugin-opt=-pass-through=-lgcc -plugin-opt=-pass-through=-lc -plugin-opt=-pass-through=-lgcc_s -plugin-opt=-pass-through=-lgcc --build-id --eh-frame-hdr -m elf_x86_64 --hash-style=gnu --as-needed -dynamic-linker /lib64/ld-linux-x86-64.so.2 -z relro -o cmTC_a7c36 /usr/lib/gcc/x86_64-linux-gnu/8/../../../x86_64-linux-gnu/crt1.o /usr/lib/gcc/x86_64-linux-gnu/8/../../../x86_64-linux-gnu/crti.o /usr/lib/gcc/x86_64-linux-gnu/8/crtbegin.o -L/usr/lib/gcc/x86_64-linux-gnu/8 -L/usr/lib/gcc/x86_64-linux-gnu/8/../../../x86_64-linux-gnu -L/usr/lib/gcc/x86_64-linux-gnu/8/../../../../lib -L/lib/x86_64-linux-gnu -L/lib/../lib -L/usr/lib/x86_64-linux-gnu -L/usr/lib/../lib -L/usr/lib/gcc/x86_64-linux-gnu/8/../../.. CMakeFiles/cmTC_a7c36.dir/CMakeCXXCompilerABI.cpp.o -lstdc++ -lm -lgcc_s -lgcc -lc -lgcc_s -lgcc /usr/lib/gcc/x86_64-linux-gnu/8/crtend.o /usr/lib/gcc/x86_64-linux-gnu/8/../../../x86_64-linux-gnu/crtn.o
COLLECT_GCC_OPTIONS='-v' '-o' 'cmTC_a7c36' '-shared-libgcc' '-mtune=generic' '-march=x86-64'
make[1]: Leaving directory '/home/anupam/github_robotics/simulator/mujoco_mpc/mjpc/CMakeFiles/CMakeScratch/TryCompile-AV4mxu'



Parsed CXX implicit include dir info from above output: rv=done
  found start of include info
  found start of implicit include info
    add: [/usr/include/c++/8]
    add: [/usr/include/x86_64-linux-gnu/c++/8]
    add: [/usr/include/c++/8/backward]
    add: [/usr/lib/gcc/x86_64-linux-gnu/8/include]
    add: [/usr/local/include]
    add: [/usr/lib/gcc/x86_64-linux-gnu/8/include-fixed]
    add: [/usr/include/x86_64-linux-gnu]
    add: [/usr/include]
  end of search list found
  collapse include dir [/usr/include/c++/8] ==> [/usr/include/c++/8]
  collapse include dir [/usr/include/x86_64-linux-gnu/c++/8] ==> [/usr/include/x86_64-linux-gnu/c++/8]
  collapse include dir [/usr/include/c++/8/backward] ==> [/usr/include/c++/8/backward]
  collapse include dir [/usr/lib/gcc/x86_64-linux-gnu/8/include] ==> [/usr/lib/gcc/x86_64-linux-gnu/8/include]
  collapse include dir [/usr/local/include] ==> [/usr/local/include]
  collapse include dir [/usr/lib/gcc/x86_64-linux-gnu/8/include-fixed] ==> [/usr/lib/gcc/x86_64-linux-gnu/8/include-fixed]
  collapse include dir [/usr/include/x86_64-linux-gnu] ==> [/usr/include/x86_64-linux-gnu]
  collapse include dir [/usr/include] ==> [/usr/include]
  implicit include dirs: [/usr/include/c++/8;/usr/include/x86_64-linux-gnu/c++/8;/usr/include/c++/8/backward;/usr/lib/gcc/x86_64-linux-gnu/8/include;/usr/local/include;/usr/lib/gcc/x86_64-linux-gnu/8/include-fixed;/usr/include/x86_64-linux-gnu;/usr/include]


Parsed CXX implicit link information from above output:
  link line regex: [^( *|.*[/\])(ld|CMAKE_LINK_STARTFILE-NOTFOUND|([^/\]+-)?ld|collect2)[^/\]*( |$)]
  ignore line: [Change Dir: /home/anupam/github_robotics/simulator/mujoco_mpc/mjpc/CMakeFiles/CMakeScratch/TryCompile-AV4mxu]
  ignore line: []
  ignore line: [Run Build Command(s):/usr/bin/make -f Makefile cmTC_a7c36/fast && /usr/bin/make  -f CMakeFiles/cmTC_a7c36.dir/build.make CMakeFiles/cmTC_a7c36.dir/build]
  ignore line: [make[1]: Entering directory '/home/anupam/github_robotics/simulator/mujoco_mpc/mjpc/CMakeFiles/CMakeScratch/TryCompile-AV4mxu']
  ignore line: [Building CXX object CMakeFiles/cmTC_a7c36.dir/CMakeCXXCompilerABI.cpp.o]
  ignore line: [/usr/lib/ccache/c++   -v -o CMakeFiles/cmTC_a7c36.dir/CMakeCXXCompilerABI.cpp.o -c /usr/local/share/cmake-3.25/Modules/CMakeCXXCompilerABI.cpp]
  ignore line: [Using built-in specs.]
  ignore line: [COLLECT_GCC=/usr/bin/c++]
  ignore line: [OFFLOAD_TARGET_NAMES=nvptx-none]
  ignore line: [OFFLOAD_TARGET_DEFAULT=1]
  ignore line: [Target: x86_64-linux-gnu]
  ignore line: [Configured with: ../src/configure -v --with-pkgversion='Ubuntu 8.4.0-1ubuntu1~16.04.1' --with-bugurl=file:///usr/share/doc/gcc-8/README.Bugs --enable-languages=c ada c++ go brig d fortran objc obj-c++ --prefix=/usr --with-gcc-major-version-only --program-suffix=-8 --program-prefix=x86_64-linux-gnu- --enable-shared --enable-linker-build-id --libexecdir=/usr/lib --without-included-gettext --enable-threads=posix --libdir=/usr/lib --enable-nls --enable-clocale=gnu --enable-libstdcxx-debug --enable-libstdcxx-time=yes --with-default-libstdcxx-abi=new --enable-gnu-unique-object --disable-vtable-verify --enable-libmpx --enable-plugin --with-system-zlib --with-target-system-zlib=auto --enable-objc-gc=auto --enable-multiarch --disable-werror --with-arch-32=i686 --with-abi=m64 --with-multilib-list=m32 m64 mx32 --enable-multilib --with-tune=generic --enable-offload-targets=nvptx-none --without-cuda-driver --enable-checking=release --build=x86_64-linux-gnu --host=x86_64-linux-gnu --target=x86_64-linux-gnu]
  ignore line: [Thread model: posix]
  ignore line: [gcc version 8.4.0 (Ubuntu 8.4.0-1ubuntu1~16.04.1) ]
  ignore line: [COLLECT_GCC_OPTIONS='-v' '-E' '-shared-libgcc' '-mtune=generic' '-march=x86-64']
  ignore line: [ /usr/lib/gcc/x86_64-linux-gnu/8/cc1plus -E -quiet -v -imultiarch x86_64-linux-gnu -D_GNU_SOURCE /usr/local/share/cmake-3.25/Modules/CMakeCXXCompilerABI.cpp -mtune=generic -march=x86-64 -fstack-protector-strong -Wformat -Wformat-security]
  ignore line: [ignoring duplicate directory "/usr/include/x86_64-linux-gnu/c++/8"]
  ignore line: [ignoring nonexistent directory "/usr/local/include/x86_64-linux-gnu"]
  ignore line: [ignoring nonexistent directory "/usr/lib/gcc/x86_64-linux-gnu/8/../../../../x86_64-linux-gnu/include"]
  ignore line: [#include "..." search starts here:]
  ignore line: [#include <...> search starts here:]
  ignore line: [ /usr/include/c++/8]
  ignore line: [ /usr/include/x86_64-linux-gnu/c++/8]
  ignore line: [ /usr/include/c++/8/backward]
  ignore line: [ /usr/lib/gcc/x86_64-linux-gnu/8/include]
  ignore line: [ /usr/local/include]
  ignore line: [ /usr/lib/gcc/x86_64-linux-gnu/8/include-fixed]
  ignore line: [ /usr/include/x86_64-linux-gnu]
  ignore line: [ /usr/include]
  ignore line: [End of search list.]
  ignore line: [COMPILER_PATH=/usr/lib/gcc/x86_64-linux-gnu/8/:/usr/lib/gcc/x86_64-linux-gnu/8/:/usr/lib/gcc/x86_64-linux-gnu/:/usr/lib/gcc/x86_64-linux-gnu/8/:/usr/lib/gcc/x86_64-linux-gnu/]
  ignore line: [LIBRARY_PATH=/usr/lib/gcc/x86_64-linux-gnu/8/:/usr/lib/gcc/x86_64-linux-gnu/8/../../../x86_64-linux-gnu/:/usr/lib/gcc/x86_64-linux-gnu/8/../../../../lib/:/lib/x86_64-linux-gnu/:/lib/../lib/:/usr/lib/x86_64-linux-gnu/:/usr/lib/../lib/:/usr/lib/gcc/x86_64-linux-gnu/8/../../../:/lib/:/usr/lib/]
  ignore line: [COLLECT_GCC_OPTIONS='-v' '-E' '-shared-libgcc' '-mtune=generic' '-march=x86-64']
  ignore line: [Using built-in specs.]
  ignore line: [COLLECT_GCC=/usr/bin/c++]
  ignore line: [OFFLOAD_TARGET_NAMES=nvptx-none]
  ignore line: [OFFLOAD_TARGET_DEFAULT=1]
  ignore line: [Target: x86_64-linux-gnu]
  ignore line: [Configured with: ../src/configure -v --with-pkgversion='Ubuntu 8.4.0-1ubuntu1~16.04.1' --with-bugurl=file:///usr/share/doc/gcc-8/README.Bugs --enable-languages=c ada c++ go brig d fortran objc obj-c++ --prefix=/usr --with-gcc-major-version-only --program-suffix=-8 --program-prefix=x86_64-linux-gnu- --enable-shared --enable-linker-build-id --libexecdir=/usr/lib --without-included-gettext --enable-threads=posix --libdir=/usr/lib --enable-nls --enable-clocale=gnu --enable-libstdcxx-debug --enable-libstdcxx-time=yes --with-default-libstdcxx-abi=new --enable-gnu-unique-object --disable-vtable-verify --enable-libmpx --enable-plugin --with-system-zlib --with-target-system-zlib=auto --enable-objc-gc=auto --enable-multiarch --disable-werror --with-arch-32=i686 --with-abi=m64 --with-multilib-list=m32 m64 mx32 --enable-multilib --with-tune=generic --enable-offload-targets=nvptx-none --without-cuda-driver --enable-checking=release --build=x86_64-linux-gnu --host=x86_64-linux-gnu --target=x86_64-linux-gnu]
  ignore line: [Thread model: posix]
  ignore line: [gcc version 8.4.0 (Ubuntu 8.4.0-1ubuntu1~16.04.1) ]
  ignore line: [COLLECT_GCC_OPTIONS='-v' '-c' '-o' 'CMakeFiles/cmTC_2aa7b.dir/CMakeCXXCompilerABI.cpp.o' '-shared-libgcc' '-mtune=generic' '-march=x86-64']
  ignore line: [ /usr/lib/gcc/x86_64-linux-gnu/8/cc1plus -fpreprocessed /home/anupam/.ccache/tmp/CMakeCXXCo.stdout.anupam-Inspiron-15-7000-Gaming.9129.qOzVYK.ii -quiet -dumpbase CMakeCXXCo.stdout.anupam-Inspiron-15-7000-Gaming.9129.qOzVYK.ii -mtune=generic -march=x86-64 -auxbase-strip CMakeFiles/cmTC_2aa7b.dir/CMakeCXXCompilerABI.cpp.o -version -fstack-protector-strong -Wformat -Wformat-security -o /tmp/ccPjMzqm.s]
  ignore line: [GNU C++14 (Ubuntu 8.4.0-1ubuntu1~16.04.1) version 8.4.0 (x86_64-linux-gnu)]
  ignore line: [	compiled by GNU C version 8.4.0  GMP version 6.1.0  MPFR version 3.1.4  MPC version 1.0.3  isl version isl-0.16.1-GMP]
  ignore line: []
  ignore line: [GGC heuristics: --param ggc-min-expand=100 --param ggc-min-heapsize=131072]
  ignore line: [GNU C++14 (Ubuntu 8.4.0-1ubuntu1~16.04.1) version 8.4.0 (x86_64-linux-gnu)]
  ignore line: [	compiled by GNU C version 8.4.0  GMP version 6.1.0  MPFR version 3.1.4  MPC version 1.0.3  isl version isl-0.16.1-GMP]
  ignore line: []
  ignore line: [GGC heuristics: --param ggc-min-expand=100 --param ggc-min-heapsize=131072]
  ignore line: [Compiler executable checksum: 7dad3bff82ecfae38e491e2a60b7bf75]
  ignore line: [COLLECT_GCC_OPTIONS='-v' '-c' '-o' 'CMakeFiles/cmTC_2aa7b.dir/CMakeCXXCompilerABI.cpp.o' '-shared-libgcc' '-mtune=generic' '-march=x86-64']
  ignore line: [ as -v --64 -o CMakeFiles/cmTC_2aa7b.dir/CMakeCXXCompilerABI.cpp.o /tmp/ccPjMzqm.s]
  ignore line: [GNU assembler version 2.26.1 (x86_64-linux-gnu) using BFD version (GNU Binutils for Ubuntu) 2.26.1]
  ignore line: [COMPILER_PATH=/usr/lib/gcc/x86_64-linux-gnu/8/:/usr/lib/gcc/x86_64-linux-gnu/8/:/usr/lib/gcc/x86_64-linux-gnu/:/usr/lib/gcc/x86_64-linux-gnu/8/:/usr/lib/gcc/x86_64-linux-gnu/]
  ignore line: [LIBRARY_PATH=/usr/lib/gcc/x86_64-linux-gnu/8/:/usr/lib/gcc/x86_64-linux-gnu/8/../../../x86_64-linux-gnu/:/usr/lib/gcc/x86_64-linux-gnu/8/../../../../lib/:/lib/x86_64-linux-gnu/:/lib/../lib/:/usr/lib/x86_64-linux-gnu/:/usr/lib/../lib/:/usr/lib/gcc/x86_64-linux-gnu/8/../../../:/lib/:/usr/lib/]
  ignore line: [COLLECT_GCC_OPTIONS='-v' '-c' '-o' 'CMakeFiles/cmTC_2aa7b.dir/CMakeCXXCompilerABI.cpp.o' '-shared-libgcc' '-mtune=generic' '-march=x86-64']
  ignore line: [Linking CXX executable cmTC_a7c36]
  ignore line: [/usr/local/bin/cmake -E cmake_link_script CMakeFiles/cmTC_a7c36.dir/link.txt --verbose=1]
  ignore line: [/usr/lib/ccache/c++  -v CMakeFiles/cmTC_a7c36.dir/CMakeCXXCompilerABI.cpp.o -o cmTC_a7c36 ]
  ignore line: [Using built-in specs.]
  ignore line: [COLLECT_GCC=/usr/bin/c++]
  ignore line: [COLLECT_LTO_WRAPPER=/usr/lib/gcc/x86_64-linux-gnu/8/lto-wrapper]
  ignore line: [OFFLOAD_TARGET_NAMES=nvptx-none]
  ignore line: [OFFLOAD_TARGET_DEFAULT=1]
  ignore line: [Target: x86_64-linux-gnu]
  ignore line: [Configured with: ../src/configure -v --with-pkgversion='Ubuntu 8.4.0-1ubuntu1~16.04.1' --with-bugurl=file:///usr/share/doc/gcc-8/README.Bugs --enable-languages=c ada c++ go brig d fortran objc obj-c++ --prefix=/usr --with-gcc-major-version-only --program-suffix=-8 --program-prefix=x86_64-linux-gnu- --enable-shared --enable-linker-build-id --libexecdir=/usr/lib --without-included-gettext --enable-threads=posix --libdir=/usr/lib --enable-nls --enable-clocale=gnu --enable-libstdcxx-debug --enable-libstdcxx-time=yes --with-default-libstdcxx-abi=new --enable-gnu-unique-object --disable-vtable-verify --enable-libmpx --enable-plugin --with-system-zlib --with-target-system-zlib=auto --enable-objc-gc=auto --enable-multiarch --disable-werror --with-arch-32=i686 --with-abi=m64 --with-multilib-list=m32 m64 mx32 --enable-multilib --with-tune=generic --enable-offload-targets=nvptx-none --without-cuda-driver --enable-checking=release --build=x86_64-linux-gnu --host=x86_64-linux-gnu --target=x86_64-linux-gnu]
  ignore line: [Thread model: posix]
  ignore line: [gcc version 8.4.0 (Ubuntu 8.4.0-1ubuntu1~16.04.1) ]
  ignore line: [COMPILER_PATH=/usr/lib/gcc/x86_64-linux-gnu/8/:/usr/lib/gcc/x86_64-linux-gnu/8/:/usr/lib/gcc/x86_64-linux-gnu/:/usr/lib/gcc/x86_64-linux-gnu/8/:/usr/lib/gcc/x86_64-linux-gnu/]
  ignore line: [LIBRARY_PATH=/usr/lib/gcc/x86_64-linux-gnu/8/:/usr/lib/gcc/x86_64-linux-gnu/8/../../../x86_64-linux-gnu/:/usr/lib/gcc/x86_64-linux-gnu/8/../../../../lib/:/lib/x86_64-linux-gnu/:/lib/../lib/:/usr/lib/x86_64-linux-gnu/:/usr/lib/../lib/:/usr/lib/gcc/x86_64-linux-gnu/8/../../../:/lib/:/usr/lib/]
  ignore line: [COLLECT_GCC_OPTIONS='-v' '-o' 'cmTC_a7c36' '-shared-libgcc' '-mtune=generic' '-march=x86-64']
  link line: [ /usr/lib/gcc/x86_64-linux-gnu/8/collect2 -plugin /usr/lib/gcc/x86_64-linux-gnu/8/liblto_plugin.so -plugin-opt=/usr/lib/gcc/x86_64-linux-gnu/8/lto-wrapper -plugin-opt=-fresolution=/tmp/ccDMmoFb.res -plugin-opt=-pass-through=-lgcc_s -plugin-opt=-pass-through=-lgcc -plugin-opt=-pass-through=-lc -plugin-opt=-pass-through=-lgcc_s -plugin-opt=-pass-through=-lgcc --build-id --eh-frame-hdr -m elf_x86_64 --hash-style=gnu --as-needed -dynamic-linker /lib64/ld-linux-x86-64.so.2 -z relro -o cmTC_a7c36 /usr/lib/gcc/x86_64-linux-gnu/8/../../../x86_64-linux-gnu/crt1.o /usr/lib/gcc/x86_64-linux-gnu/8/../../../x86_64-linux-gnu/crti.o /usr/lib/gcc/x86_64-linux-gnu/8/crtbegin.o -L/usr/lib/gcc/x86_64-linux-gnu/8 -L/usr/lib/gcc/x86_64-linux-gnu/8/../../../x86_64-linux-gnu -L/usr/lib/gcc/x86_64-linux-gnu/8/../../../../lib -L/lib/x86_64-linux-gnu -L/lib/../lib -L/usr/lib/x86_64-linux-gnu -L/usr/lib/../lib -L/usr/lib/gcc/x86_64-linux-gnu/8/../../.. CMakeFiles/cmTC_a7c36.dir/CMakeCXXCompilerABI.cpp.o -lstdc++ -lm -lgcc_s -lgcc -lc -lgcc_s -lgcc /usr/lib/gcc/x86_64-linux-gnu/8/crtend.o /usr/lib/gcc/x86_64-linux-gnu/8/../../../x86_64-linux-gnu/crtn.o]
    arg [/usr/lib/gcc/x86_64-linux-gnu/8/collect2] ==> ignore
    arg [-plugin] ==> ignore
    arg [/usr/lib/gcc/x86_64-linux-gnu/8/liblto_plugin.so] ==> ignore
    arg [-plugin-opt=/usr/lib/gcc/x86_64-linux-gnu/8/lto-wrapper] ==> ignore
    arg [-plugin-opt=-fresolution=/tmp/ccDMmoFb.res] ==> ignore
    arg [-plugin-opt=-pass-through=-lgcc_s] ==> ignore
    arg [-plugin-opt=-pass-through=-lgcc] ==> ignore
    arg [-plugin-opt=-pass-through=-lc] ==> ignore
    arg [-plugin-opt=-pass-through=-lgcc_s] ==> ignore
    arg [-plugin-opt=-pass-through=-lgcc] ==> ignore
    arg [--build-id] ==> ignore
    arg [--eh-frame-hdr] ==> ignore
    arg [-m] ==> ignore
    arg [elf_x86_64] ==> ignore
    arg [--hash-style=gnu] ==> ignore
    arg [--as-needed] ==> ignore
    arg [-dynamic-linker] ==> ignore
    arg [/lib64/ld-linux-x86-64.so.2] ==> ignore
    arg [-zrelro] ==> ignore
    arg [-o] ==> ignore
    arg [cmTC_a7c36] ==> ignore
    arg [/usr/lib/gcc/x86_64-linux-gnu/8/../../../x86_64-linux-gnu/crt1.o] ==> obj [/usr/lib/gcc/x86_64-linux-gnu/8/../../../x86_64-linux-gnu/crt1.o]
    arg [/usr/lib/gcc/x86_64-linux-gnu/8/../../../x86_64-linux-gnu/crti.o] ==> obj [/usr/lib/gcc/x86_64-linux-gnu/8/../../../x86_64-linux-gnu/crti.o]
    arg [/usr/lib/gcc/x86_64-linux-gnu/8/crtbegin.o] ==> obj [/usr/lib/gcc/x86_64-linux-gnu/8/crtbegin.o]
    arg [-L/usr/lib/gcc/x86_64-linux-gnu/8] ==> dir [/usr/lib/gcc/x86_64-linux-gnu/8]
    arg [-L/usr/lib/gcc/x86_64-linux-gnu/8/../../../x86_64-linux-gnu] ==> dir [/usr/lib/gcc/x86_64-linux-gnu/8/../../../x86_64-linux-gnu]
    arg [-L/usr/lib/gcc/x86_64-linux-gnu/8/../../../../lib] ==> dir [/usr/lib/gcc/x86_64-linux-gnu/8/../../../../lib]
    arg [-L/lib/x86_64-linux-gnu] ==> dir [/lib/x86_64-linux-gnu]
    arg [-L/lib/../lib] ==> dir [/lib/../lib]
    arg [-L/usr/lib/x86_64-linux-gnu] ==> dir [/usr/lib/x86_64-linux-gnu]
    arg [-L/usr/lib/../lib] ==> dir [/usr/lib/../lib]
    arg [-L/usr/lib/gcc/x86_64-linux-gnu/8/../../..] ==> dir [/usr/lib/gcc/x86_64-linux-gnu/8/../../..]
    arg [CMakeFiles/cmTC_a7c36.dir/CMakeCXXCompilerABI.cpp.o] ==> ignore
    arg [-lstdc++] ==> lib [stdc++]
    arg [-lm] ==> lib [m]
    arg [-lgcc_s] ==> lib [gcc_s]
    arg [-lgcc] ==> lib [gcc]
    arg [-lc] ==> lib [c]
    arg [-lgcc_s] ==> lib [gcc_s]
    arg [-lgcc] ==> lib [gcc]
    arg [/usr/lib/gcc/x86_64-linux-gnu/8/crtend.o] ==> obj [/usr/lib/gcc/x86_64-linux-gnu/8/crtend.o]
    arg [/usr/lib/gcc/x86_64-linux-gnu/8/../../../x86_64-linux-gnu/crtn.o] ==> obj [/usr/lib/gcc/x86_64-linux-gnu/8/../../../x86_64-linux-gnu/crtn.o]
  collapse obj [/usr/lib/gcc/x86_64-linux-gnu/8/../../../x86_64-linux-gnu/crt1.o] ==> [/usr/lib/x86_64-linux-gnu/crt1.o]
  collapse obj [/usr/lib/gcc/x86_64-linux-gnu/8/../../../x86_64-linux-gnu/crti.o] ==> [/usr/lib/x86_64-linux-gnu/crti.o]
  collapse obj [/usr/lib/gcc/x86_64-linux-gnu/8/../../../x86_64-linux-gnu/crtn.o] ==> [/usr/lib/x86_64-linux-gnu/crtn.o]
  collapse library dir [/usr/lib/gcc/x86_64-linux-gnu/8] ==> [/usr/lib/gcc/x86_64-linux-gnu/8]
  collapse library dir [/usr/lib/gcc/x86_64-linux-gnu/8/../../../x86_64-linux-gnu] ==> [/usr/lib/x86_64-linux-gnu]
  collapse library dir [/usr/lib/gcc/x86_64-linux-gnu/8/../../../../lib] ==> [/usr/lib]
  collapse library dir [/lib/x86_64-linux-gnu] ==> [/lib/x86_64-linux-gnu]
  collapse library dir [/lib/../lib] ==> [/lib]
  collapse library dir [/usr/lib/x86_64-linux-gnu] ==> [/usr/lib/x86_64-linux-gnu]
  collapse library dir [/usr/lib/../lib] ==> [/usr/lib]
  collapse library dir [/usr/lib/gcc/x86_64-linux-gnu/8/../../..] ==> [/usr/lib]
  implicit libs: [stdc++;m;gcc_s;gcc;c;gcc_s;gcc]
  implicit objs: [/usr/lib/x86_64-linux-gnu/crt1.o;/usr/lib/x86_64-linux-gnu/crti.o;/usr/lib/gcc/x86_64-linux-gnu/8/crtbegin.o;/usr/lib/gcc/x86_64-linux-gnu/8/crtend.o;/usr/lib/x86_64-linux-gnu/crtn.o]
  implicit dirs: [/usr/lib/gcc/x86_64-linux-gnu/8;/usr/lib/x86_64-linux-gnu;/usr/lib;/lib/x86_64-linux-gnu;/lib]
  implicit fwks: []


Performing C SOURCE FILE Test CAN_BUILD_AVX succeeded with the following output:
Change Dir: /home/anupam/github_robotics/simulator/mujoco_mpc/mjpc/CMakeFiles/CMakeScratch/TryCompile-Aqz7yS

Run Build Command(s):/usr/bin/make -f Makefile cmTC_529a2/fast && /usr/bin/make  -f CMakeFiles/cmTC_529a2.dir/build.make CMakeFiles/cmTC_529a2.dir/build
make[1]: Entering directory '/home/anupam/github_robotics/simulator/mujoco_mpc/mjpc/CMakeFiles/CMakeScratch/TryCompile-Aqz7yS'
Building C object CMakeFiles/cmTC_529a2.dir/src.c.o
/usr/lib/ccache/cc -DCAN_BUILD_AVX  -mavx -fPIE -std=c11 -o CMakeFiles/cmTC_529a2.dir/src.c.o -c /home/anupam/github_robotics/simulator/mujoco_mpc/mjpc/CMakeFiles/CMakeScratch/TryCompile-Aqz7yS/src.c
Linking C executable cmTC_529a2
/usr/local/bin/cmake -E cmake_link_script CMakeFiles/cmTC_529a2.dir/link.txt --verbose=1
/usr/lib/ccache/cc  -mavx CMakeFiles/cmTC_529a2.dir/src.c.o -o cmTC_529a2 
make[1]: Leaving directory '/home/anupam/github_robotics/simulator/mujoco_mpc/mjpc/CMakeFiles/CMakeScratch/TryCompile-Aqz7yS'


Source file was:

      #include <immintrin.h>
      int main(int argc, char* argv[]) {
        __m256d ymm;
        return 0;
      }
    

Performing C SOURCE FILE Test SUPPORTS_GOLD succeeded with the following output:
Change Dir: /home/anupam/github_robotics/simulator/mujoco_mpc/mjpc/CMakeFiles/CMakeScratch/TryCompile-JpGLyF

Run Build Command(s):/usr/bin/make -f Makefile cmTC_1f6d7/fast && /usr/bin/make  -f CMakeFiles/cmTC_1f6d7.dir/build.make CMakeFiles/cmTC_1f6d7.dir/build
make[1]: Entering directory '/home/anupam/github_robotics/simulator/mujoco_mpc/mjpc/CMakeFiles/CMakeScratch/TryCompile-JpGLyF'
Building C object CMakeFiles/cmTC_1f6d7.dir/src.c.o
/usr/lib/ccache/cc -DSUPPORTS_GOLD  -fuse-ld=gold -fPIE -std=c11 -o CMakeFiles/cmTC_1f6d7.dir/src.c.o -c /home/anupam/github_robotics/simulator/mujoco_mpc/mjpc/CMakeFiles/CMakeScratch/TryCompile-JpGLyF/src.c
Linking C executable cmTC_1f6d7
/usr/local/bin/cmake -E cmake_link_script CMakeFiles/cmTC_1f6d7.dir/link.txt --verbose=1
/usr/lib/ccache/cc  -fuse-ld=gold CMakeFiles/cmTC_1f6d7.dir/src.c.o -o cmTC_1f6d7 
make[1]: Leaving directory '/home/anupam/github_robotics/simulator/mujoco_mpc/mjpc/CMakeFiles/CMakeScratch/TryCompile-JpGLyF'


Source file was:
int main() {}

Performing C SOURCE FILE Test SUPPORTS_GC_SECTIONS succeeded with the following output:
Change Dir: /home/anupam/github_robotics/simulator/mujoco_mpc/mjpc/CMakeFiles/CMakeScratch/TryCompile-9fZJf4

Run Build Command(s):/usr/bin/make -f Makefile cmTC_fb726/fast && /usr/bin/make  -f CMakeFiles/cmTC_fb726.dir/build.make CMakeFiles/cmTC_fb726.dir/build
make[1]: Entering directory '/home/anupam/github_robotics/simulator/mujoco_mpc/mjpc/CMakeFiles/CMakeScratch/TryCompile-9fZJf4'
Building C object CMakeFiles/cmTC_fb726.dir/src.c.o
/usr/lib/ccache/cc -DSUPPORTS_GC_SECTIONS  -fuse-ld=gold -fPIE -std=c11 -o CMakeFiles/cmTC_fb726.dir/src.c.o -c /home/anupam/github_robotics/simulator/mujoco_mpc/mjpc/CMakeFiles/CMakeScratch/TryCompile-9fZJf4/src.c
Linking C executable cmTC_fb726
/usr/local/bin/cmake -E cmake_link_script CMakeFiles/cmTC_fb726.dir/link.txt --verbose=1
/usr/lib/ccache/cc  -fuse-ld=gold CMakeFiles/cmTC_fb726.dir/src.c.o -o cmTC_fb726 
make[1]: Leaving directory '/home/anupam/github_robotics/simulator/mujoco_mpc/mjpc/CMakeFiles/CMakeScratch/TryCompile-9fZJf4'


Source file was:
int main() {}

Determining if the function pthread_create exists in the pthread passed with the following output:
Change Dir: /home/anupam/github_robotics/simulator/mujoco_mpc/mjpc/CMakeFiles/CMakeScratch/TryCompile-b6BOkh

Run Build Command(s):/usr/bin/make -f Makefile cmTC_5605d/fast && /usr/bin/make  -f CMakeFiles/cmTC_5605d.dir/build.make CMakeFiles/cmTC_5605d.dir/build
make[1]: Entering directory '/home/anupam/github_robotics/simulator/mujoco_mpc/mjpc/CMakeFiles/CMakeScratch/TryCompile-b6BOkh'
Building C object CMakeFiles/cmTC_5605d.dir/CheckFunctionExists.c.o
/usr/lib/ccache/cc   -DCHECK_FUNCTION_EXISTS=pthread_create -fPIE -std=c11 -o CMakeFiles/cmTC_5605d.dir/CheckFunctionExists.c.o -c /home/anupam/github_robotics/simulator/mujoco_mpc/mjpc/CMakeFiles/CMakeScratch/TryCompile-b6BOkh/CheckFunctionExists.c
Linking C executable cmTC_5605d
/usr/local/bin/cmake -E cmake_link_script CMakeFiles/cmTC_5605d.dir/link.txt --verbose=1
/usr/lib/ccache/cc  -DCHECK_FUNCTION_EXISTS=pthread_create CMakeFiles/cmTC_5605d.dir/CheckFunctionExists.c.o -o cmTC_5605d  -lpthread 
make[1]: Leaving directory '/home/anupam/github_robotics/simulator/mujoco_mpc/mjpc/CMakeFiles/CMakeScratch/TryCompile-b6BOkh'



Determining if the include file sys/types.h exists passed with the following output:
Change Dir: /home/anupam/github_robotics/simulator/mujoco_mpc/mjpc/CMakeFiles/CMakeScratch/TryCompile-ob2f3f

Run Build Command(s):/usr/bin/make -f Makefile cmTC_2c797/fast && /usr/bin/make  -f CMakeFiles/cmTC_2c797.dir/build.make CMakeFiles/cmTC_2c797.dir/build
make[1]: Entering directory '/home/anupam/github_robotics/simulator/mujoco_mpc/mjpc/CMakeFiles/CMakeScratch/TryCompile-ob2f3f'
Building C object CMakeFiles/cmTC_2c797.dir/CheckIncludeFile.c.o
/usr/lib/ccache/cc -D_FILE_OFFSET_BITS=64 -D_LARGEFILE_SOURCE -D_LARGE_FILES -D__STDC_CONSTANT_MACROS -D__STDC_FORMAT_MACROS -D__STDC_LIMIT_MACROS  -fPIE -std=c11 -o CMakeFiles/cmTC_2c797.dir/CheckIncludeFile.c.o -c /home/anupam/github_robotics/simulator/mujoco_mpc/mjpc/CMakeFiles/CMakeScratch/TryCompile-ob2f3f/CheckIncludeFile.c
Linking C executable cmTC_2c797
/usr/local/bin/cmake -E cmake_link_script CMakeFiles/cmTC_2c797.dir/link.txt --verbose=1
/usr/lib/ccache/cc CMakeFiles/cmTC_2c797.dir/CheckIncludeFile.c.o -o cmTC_2c797 
make[1]: Leaving directory '/home/anupam/github_robotics/simulator/mujoco_mpc/mjpc/CMakeFiles/CMakeScratch/TryCompile-ob2f3f'



Determining if the include file inttypes.h exists passed with the following output:
Change Dir: /home/anupam/github_robotics/simulator/mujoco_mpc/mjpc/CMakeFiles/CMakeScratch/TryCompile-rnlLVe

Run Build Command(s):/usr/bin/make -f Makefile cmTC_bd594/fast && /usr/bin/make  -f CMakeFiles/cmTC_bd594.dir/build.make CMakeFiles/cmTC_bd594.dir/build
make[1]: Entering directory '/home/anupam/github_robotics/simulator/mujoco_mpc/mjpc/CMakeFiles/CMakeScratch/TryCompile-rnlLVe'
Building C object CMakeFiles/cmTC_bd594.dir/CheckIncludeFile.c.o
/usr/lib/ccache/cc -D_FILE_OFFSET_BITS=64 -D_LARGEFILE_SOURCE -D_LARGE_FILES -D__STDC_CONSTANT_MACROS -D__STDC_FORMAT_MACROS -D__STDC_LIMIT_MACROS  -fPIE -std=c11 -o CMakeFiles/cmTC_bd594.dir/CheckIncludeFile.c.o -c /home/anupam/github_robotics/simulator/mujoco_mpc/mjpc/CMakeFiles/CMakeScratch/TryCompile-rnlLVe/CheckIncludeFile.c
Linking C executable cmTC_bd594
/usr/local/bin/cmake -E cmake_link_script CMakeFiles/cmTC_bd594.dir/link.txt --verbose=1
/usr/lib/ccache/cc CMakeFiles/cmTC_bd594.dir/CheckIncludeFile.c.o -o cmTC_bd594 
make[1]: Leaving directory '/home/anupam/github_robotics/simulator/mujoco_mpc/mjpc/CMakeFiles/CMakeScratch/TryCompile-rnlLVe'



Determining if the include file stddef.h exists passed with the following output:
Change Dir: /home/anupam/github_robotics/simulator/mujoco_mpc/mjpc/CMakeFiles/CMakeScratch/TryCompile-TspzYd

Run Build Command(s):/usr/bin/make -f Makefile cmTC_f8924/fast && /usr/bin/make  -f CMakeFiles/cmTC_f8924.dir/build.make CMakeFiles/cmTC_f8924.dir/build
make[1]: Entering directory '/home/anupam/github_robotics/simulator/mujoco_mpc/mjpc/CMakeFiles/CMakeScratch/TryCompile-TspzYd'
Building C object CMakeFiles/cmTC_f8924.dir/CheckIncludeFile.c.o
/usr/lib/ccache/cc -D_FILE_OFFSET_BITS=64 -D_LARGEFILE_SOURCE -D_LARGE_FILES -D__STDC_CONSTANT_MACROS -D__STDC_FORMAT_MACROS -D__STDC_LIMIT_MACROS  -fPIE -std=c11 -o CMakeFiles/cmTC_f8924.dir/CheckIncludeFile.c.o -c /home/anupam/github_robotics/simulator/mujoco_mpc/mjpc/CMakeFiles/CMakeScratch/TryCompile-TspzYd/CheckIncludeFile.c
Linking C executable cmTC_f8924
/usr/local/bin/cmake -E cmake_link_script CMakeFiles/cmTC_f8924.dir/link.txt --verbose=1
/usr/lib/ccache/cc CMakeFiles/cmTC_f8924.dir/CheckIncludeFile.c.o -o cmTC_f8924 
make[1]: Leaving directory '/home/anupam/github_robotics/simulator/mujoco_mpc/mjpc/CMakeFiles/CMakeScratch/TryCompile-TspzYd'



Determining if the include file stdint.h exists passed with the following output:
Change Dir: /home/anupam/github_robotics/simulator/mujoco_mpc/mjpc/CMakeFiles/CMakeScratch/TryCompile-Pl0Tbd

Run Build Command(s):/usr/bin/make -f Makefile cmTC_9f1de/fast && /usr/bin/make  -f CMakeFiles/cmTC_9f1de.dir/build.make CMakeFiles/cmTC_9f1de.dir/build
make[1]: Entering directory '/home/anupam/github_robotics/simulator/mujoco_mpc/mjpc/CMakeFiles/CMakeScratch/TryCompile-Pl0Tbd'
Building C object CMakeFiles/cmTC_9f1de.dir/CheckIncludeFile.c.o
/usr/lib/ccache/cc -D_FILE_OFFSET_BITS=64 -D_LARGEFILE_SOURCE -D_LARGE_FILES -D__STDC_CONSTANT_MACROS -D__STDC_FORMAT_MACROS -D__STDC_LIMIT_MACROS  -fPIE -std=c11 -o CMakeFiles/cmTC_9f1de.dir/CheckIncludeFile.c.o -c /home/anupam/github_robotics/simulator/mujoco_mpc/mjpc/CMakeFiles/CMakeScratch/TryCompile-Pl0Tbd/CheckIncludeFile.c
Linking C executable cmTC_9f1de
/usr/local/bin/cmake -E cmake_link_script CMakeFiles/cmTC_9f1de.dir/link.txt --verbose=1
/usr/lib/ccache/cc CMakeFiles/cmTC_9f1de.dir/CheckIncludeFile.c.o -o cmTC_9f1de 
make[1]: Leaving directory '/home/anupam/github_robotics/simulator/mujoco_mpc/mjpc/CMakeFiles/CMakeScratch/TryCompile-Pl0Tbd'



Determining size of off_t passed with the following output:
Change Dir: /home/anupam/github_robotics/simulator/mujoco_mpc/mjpc/CMakeFiles/CMakeScratch/TryCompile-tUewzc

Run Build Command(s):/usr/bin/make -f Makefile cmTC_4772f/fast && /usr/bin/make  -f CMakeFiles/cmTC_4772f.dir/build.make CMakeFiles/cmTC_4772f.dir/build
make[1]: Entering directory '/home/anupam/github_robotics/simulator/mujoco_mpc/mjpc/CMakeFiles/CMakeScratch/TryCompile-tUewzc'
Building C object CMakeFiles/cmTC_4772f.dir/SIZEOF_OFF_T.c.o
/usr/lib/ccache/cc -D_FILE_OFFSET_BITS=64 -D_LARGEFILE_SOURCE -D_LARGE_FILES -D__STDC_CONSTANT_MACROS -D__STDC_FORMAT_MACROS -D__STDC_LIMIT_MACROS  -fPIE -o CMakeFiles/cmTC_4772f.dir/SIZEOF_OFF_T.c.o -c /home/anupam/github_robotics/simulator/mujoco_mpc/mjpc/CMakeFiles/CMakeScratch/TryCompile-tUewzc/SIZEOF_OFF_T.c
Linking C executable cmTC_4772f
/usr/local/bin/cmake -E cmake_link_script CMakeFiles/cmTC_4772f.dir/link.txt --verbose=1
/usr/lib/ccache/cc -rdynamic CMakeFiles/cmTC_4772f.dir/SIZEOF_OFF_T.c.o -o cmTC_4772f 
make[1]: Leaving directory '/home/anupam/github_robotics/simulator/mujoco_mpc/mjpc/CMakeFiles/CMakeScratch/TryCompile-tUewzc'



Determining if the fseeko exist passed with the following output:
Change Dir: /home/anupam/github_robotics/simulator/mujoco_mpc/mjpc/CMakeFiles/CMakeScratch/TryCompile-Bvo97b

Run Build Command(s):/usr/bin/make -f Makefile cmTC_c3d4c/fast && /usr/bin/make  -f CMakeFiles/cmTC_c3d4c.dir/build.make CMakeFiles/cmTC_c3d4c.dir/build
make[1]: Entering directory '/home/anupam/github_robotics/simulator/mujoco_mpc/mjpc/CMakeFiles/CMakeScratch/TryCompile-Bvo97b'
Building C object CMakeFiles/cmTC_c3d4c.dir/CheckSymbolExists.c.o
/usr/lib/ccache/cc -D_FILE_OFFSET_BITS=64 -D_LARGEFILE_SOURCE -D_LARGE_FILES -D__STDC_CONSTANT_MACROS -D__STDC_FORMAT_MACROS -D__STDC_LIMIT_MACROS  -fPIE -o CMakeFiles/cmTC_c3d4c.dir/CheckSymbolExists.c.o -c /home/anupam/github_robotics/simulator/mujoco_mpc/mjpc/CMakeFiles/CMakeScratch/TryCompile-Bvo97b/CheckSymbolExists.c
Linking C executable cmTC_c3d4c
/usr/local/bin/cmake -E cmake_link_script CMakeFiles/cmTC_c3d4c.dir/link.txt --verbose=1
/usr/lib/ccache/cc -rdynamic CMakeFiles/cmTC_c3d4c.dir/CheckSymbolExists.c.o -o cmTC_c3d4c 
make[1]: Leaving directory '/home/anupam/github_robotics/simulator/mujoco_mpc/mjpc/CMakeFiles/CMakeScratch/TryCompile-Bvo97b'


File CheckSymbolExists.c:
/* */
#include <stdio.h>

int main(int argc, char** argv)
{
  (void)argv;
#ifndef fseeko
  return ((int*)(&fseeko))[argc];
#else
  (void)argc;
  return 0;
#endif
}

Determining if the ftello exist passed with the following output:
Change Dir: /home/anupam/github_robotics/simulator/mujoco_mpc/mjpc/CMakeFiles/CMakeScratch/TryCompile-X0ODRb

Run Build Command(s):/usr/bin/make -f Makefile cmTC_dca31/fast && /usr/bin/make  -f CMakeFiles/cmTC_dca31.dir/build.make CMakeFiles/cmTC_dca31.dir/build
make[1]: Entering directory '/home/anupam/github_robotics/simulator/mujoco_mpc/mjpc/CMakeFiles/CMakeScratch/TryCompile-X0ODRb'
Building C object CMakeFiles/cmTC_dca31.dir/CheckSymbolExists.c.o
/usr/lib/ccache/cc -D_FILE_OFFSET_BITS=64 -D_LARGEFILE_SOURCE -D_LARGE_FILES -D__STDC_CONSTANT_MACROS -D__STDC_FORMAT_MACROS -D__STDC_LIMIT_MACROS  -fPIE -o CMakeFiles/cmTC_dca31.dir/CheckSymbolExists.c.o -c /home/anupam/github_robotics/simulator/mujoco_mpc/mjpc/CMakeFiles/CMakeScratch/TryCompile-X0ODRb/CheckSymbolExists.c
Linking C executable cmTC_dca31
/usr/local/bin/cmake -E cmake_link_script CMakeFiles/cmTC_dca31.dir/link.txt --verbose=1
/usr/lib/ccache/cc -rdynamic CMakeFiles/cmTC_dca31.dir/CheckSymbolExists.c.o -o cmTC_dca31 
make[1]: Leaving directory '/home/anupam/github_robotics/simulator/mujoco_mpc/mjpc/CMakeFiles/CMakeScratch/TryCompile-X0ODRb'


File CheckSymbolExists.c:
/* */
#include <stdio.h>

int main(int argc, char** argv)
{
  (void)argv;
#ifndef ftello
  return ((int*)(&ftello))[argc];
#else
  (void)argc;
  return 0;
#endif
}

Determining if the PRIdMAX exist passed with the following output:
Change Dir: /home/anupam/github_robotics/simulator/mujoco_mpc/mjpc/CMakeFiles/CMakeScratch/TryCompile-n8vvMb

Run Build Command(s):/usr/bin/make -f Makefile cmTC_513a8/fast && /usr/bin/make  -f CMakeFiles/cmTC_513a8.dir/build.make CMakeFiles/cmTC_513a8.dir/build
make[1]: Entering directory '/home/anupam/github_robotics/simulator/mujoco_mpc/mjpc/CMakeFiles/CMakeScratch/TryCompile-n8vvMb'
Building C object CMakeFiles/cmTC_513a8.dir/CheckSymbolExists.c.o
/usr/lib/ccache/cc -D_FILE_OFFSET_BITS=64 -D_LARGEFILE_SOURCE -D_LARGE_FILES -D__STDC_CONSTANT_MACROS -D__STDC_FORMAT_MACROS -D__STDC_LIMIT_MACROS  -fPIE -o CMakeFiles/cmTC_513a8.dir/CheckSymbolExists.c.o -c /home/anupam/github_robotics/simulator/mujoco_mpc/mjpc/CMakeFiles/CMakeScratch/TryCompile-n8vvMb/CheckSymbolExists.c
Linking C executable cmTC_513a8
/usr/local/bin/cmake -E cmake_link_script CMakeFiles/cmTC_513a8.dir/link.txt --verbose=1
/usr/lib/ccache/cc -rdynamic CMakeFiles/cmTC_513a8.dir/CheckSymbolExists.c.o -o cmTC_513a8 
make[1]: Leaving directory '/home/anupam/github_robotics/simulator/mujoco_mpc/mjpc/CMakeFiles/CMakeScratch/TryCompile-n8vvMb'


File CheckSymbolExists.c:
/* */
#include <inttypes.h>

int main(int argc, char** argv)
{
  (void)argv;
#ifndef PRIdMAX
  return ((int*)(&PRIdMAX))[argc];
#else
  (void)argc;
  return 0;
#endif
}

Performing C++ SOURCE FILE Test COMPILER_SUPPORTS_VISIBILITY succeeded with the following output:
Change Dir: /home/anupam/github_robotics/simulator/mujoco_mpc/mjpc/CMakeFiles/CMakeScratch/TryCompile-exnGdn

Run Build Command(s):/usr/bin/make -f Makefile cmTC_01faf/fast && /usr/bin/make  -f CMakeFiles/cmTC_01faf.dir/build.make CMakeFiles/cmTC_01faf.dir/build
make[1]: Entering directory '/home/anupam/github_robotics/simulator/mujoco_mpc/mjpc/CMakeFiles/CMakeScratch/TryCompile-exnGdn'
Building CXX object CMakeFiles/cmTC_01faf.dir/src.cxx.o
/usr/lib/ccache/c++ -DCOMPILER_SUPPORTS_VISIBILITY  -fPIE   -fvisibility=hidden -std=c++17 -o CMakeFiles/cmTC_01faf.dir/src.cxx.o -c /home/anupam/github_robotics/simulator/mujoco_mpc/mjpc/CMakeFiles/CMakeScratch/TryCompile-exnGdn/src.cxx
Linking CXX executable cmTC_01faf
/usr/local/bin/cmake -E cmake_link_script CMakeFiles/cmTC_01faf.dir/link.txt --verbose=1
/usr/lib/ccache/c++ CMakeFiles/cmTC_01faf.dir/src.cxx.o -o cmTC_01faf 
make[1]: Leaving directory '/home/anupam/github_robotics/simulator/mujoco_mpc/mjpc/CMakeFiles/CMakeScratch/TryCompile-exnGdn'


Source file was:
int main() { return 0; }

Performing C++ SOURCE FILE Test ABSL_INTERNAL_AT_LEAST_CXX17 succeeded with the following output:
Change Dir: /home/anupam/github_robotics/simulator/mujoco_mpc/mjpc/CMakeFiles/CMakeScratch/TryCompile-Xqb6vM

Run Build Command(s):/usr/bin/make -f Makefile cmTC_95630/fast && /usr/bin/make  -f CMakeFiles/cmTC_95630.dir/build.make CMakeFiles/cmTC_95630.dir/build
make[1]: Entering directory '/home/anupam/github_robotics/simulator/mujoco_mpc/mjpc/CMakeFiles/CMakeScratch/TryCompile-Xqb6vM'
Building CXX object CMakeFiles/cmTC_95630.dir/src.cxx.o
/usr/lib/ccache/c++ -DABSL_INTERNAL_AT_LEAST_CXX17  -fPIE -std=c++2a -o CMakeFiles/cmTC_95630.dir/src.cxx.o -c /home/anupam/github_robotics/simulator/mujoco_mpc/mjpc/CMakeFiles/CMakeScratch/TryCompile-Xqb6vM/src.cxx
Linking CXX executable cmTC_95630
/usr/local/bin/cmake -E cmake_link_script CMakeFiles/cmTC_95630.dir/link.txt --verbose=1
/usr/lib/ccache/c++ CMakeFiles/cmTC_95630.dir/src.cxx.o -o cmTC_95630 
make[1]: Leaving directory '/home/anupam/github_robotics/simulator/mujoco_mpc/mjpc/CMakeFiles/CMakeScratch/TryCompile-Xqb6vM'


Source file was:
#ifdef _MSC_VER
#  if _MSVC_LANG < 201700L
#    error "The compiler defaults or is configured for C++ < 17"
#  endif
#elif __cplusplus < 201700L
#  error "The compiler defaults or is configured for C++ < 17"
#endif
int main() { return 0; }


Determining if the function XOpenDisplay exists in the /usr/lib/x86_64-linux-gnu/libX11.so;/usr/lib/x86_64-linux-gnu/libXext.so passed with the following output:
Change Dir: /home/anupam/github_robotics/simulator/mujoco_mpc/mjpc/CMakeFiles/CMakeScratch/TryCompile-AkGULk

Run Build Command(s):/usr/bin/make -f Makefile cmTC_9f642/fast && /usr/bin/make  -f CMakeFiles/cmTC_9f642.dir/build.make CMakeFiles/cmTC_9f642.dir/build
make[1]: Entering directory '/home/anupam/github_robotics/simulator/mujoco_mpc/mjpc/CMakeFiles/CMakeScratch/TryCompile-AkGULk'
Building C object CMakeFiles/cmTC_9f642.dir/CheckFunctionExists.c.o
/usr/lib/ccache/cc   -DCHECK_FUNCTION_EXISTS=XOpenDisplay -fPIE -std=c11 -o CMakeFiles/cmTC_9f642.dir/CheckFunctionExists.c.o -c /home/anupam/github_robotics/simulator/mujoco_mpc/mjpc/CMakeFiles/CMakeScratch/TryCompile-AkGULk/CheckFunctionExists.c
Linking C executable cmTC_9f642
/usr/local/bin/cmake -E cmake_link_script CMakeFiles/cmTC_9f642.dir/link.txt --verbose=1
/usr/lib/ccache/cc  -DCHECK_FUNCTION_EXISTS=XOpenDisplay CMakeFiles/cmTC_9f642.dir/CheckFunctionExists.c.o -o cmTC_9f642  /usr/lib/x86_64-linux-gnu/libX11.so /usr/lib/x86_64-linux-gnu/libXext.so 
make[1]: Leaving directory '/home/anupam/github_robotics/simulator/mujoco_mpc/mjpc/CMakeFiles/CMakeScratch/TryCompile-AkGULk'



Determining if the function gethostbyname exists passed with the following output:
Change Dir: /home/anupam/github_robotics/simulator/mujoco_mpc/mjpc/CMakeFiles/CMakeScratch/TryCompile-oE4pcT

Run Build Command(s):/usr/bin/make -f Makefile cmTC_11aef/fast && /usr/bin/make  -f CMakeFiles/cmTC_11aef.dir/build.make CMakeFiles/cmTC_11aef.dir/build
make[1]: Entering directory '/home/anupam/github_robotics/simulator/mujoco_mpc/mjpc/CMakeFiles/CMakeScratch/TryCompile-oE4pcT'
Building C object CMakeFiles/cmTC_11aef.dir/CheckFunctionExists.c.o
/usr/lib/ccache/cc   -DCHECK_FUNCTION_EXISTS=gethostbyname -fPIE -std=c11 -o CMakeFiles/cmTC_11aef.dir/CheckFunctionExists.c.o -c /home/anupam/github_robotics/simulator/mujoco_mpc/mjpc/CMakeFiles/CMakeScratch/TryCompile-oE4pcT/CheckFunctionExists.c
Linking C executable cmTC_11aef
/usr/local/bin/cmake -E cmake_link_script CMakeFiles/cmTC_11aef.dir/link.txt --verbose=1
/usr/lib/ccache/cc  -DCHECK_FUNCTION_EXISTS=gethostbyname CMakeFiles/cmTC_11aef.dir/CheckFunctionExists.c.o -o cmTC_11aef 
make[1]: Leaving directory '/home/anupam/github_robotics/simulator/mujoco_mpc/mjpc/CMakeFiles/CMakeScratch/TryCompile-oE4pcT'



Determining if the function connect exists passed with the following output:
Change Dir: /home/anupam/github_robotics/simulator/mujoco_mpc/mjpc/CMakeFiles/CMakeScratch/TryCompile-2qa8Mr

Run Build Command(s):/usr/bin/make -f Makefile cmTC_00a56/fast && /usr/bin/make  -f CMakeFiles/cmTC_00a56.dir/build.make CMakeFiles/cmTC_00a56.dir/build
make[1]: Entering directory '/home/anupam/github_robotics/simulator/mujoco_mpc/mjpc/CMakeFiles/CMakeScratch/TryCompile-2qa8Mr'
Building C object CMakeFiles/cmTC_00a56.dir/CheckFunctionExists.c.o
/usr/lib/ccache/cc   -DCHECK_FUNCTION_EXISTS=connect -fPIE -std=c11 -o CMakeFiles/cmTC_00a56.dir/CheckFunctionExists.c.o -c /home/anupam/github_robotics/simulator/mujoco_mpc/mjpc/CMakeFiles/CMakeScratch/TryCompile-2qa8Mr/CheckFunctionExists.c
Linking C executable cmTC_00a56
/usr/local/bin/cmake -E cmake_link_script CMakeFiles/cmTC_00a56.dir/link.txt --verbose=1
/usr/lib/ccache/cc  -DCHECK_FUNCTION_EXISTS=connect CMakeFiles/cmTC_00a56.dir/CheckFunctionExists.c.o -o cmTC_00a56 
make[1]: Leaving directory '/home/anupam/github_robotics/simulator/mujoco_mpc/mjpc/CMakeFiles/CMakeScratch/TryCompile-2qa8Mr'



Determining if the function remove exists passed with the following output:
Change Dir: /home/anupam/github_robotics/simulator/mujoco_mpc/mjpc/CMakeFiles/CMakeScratch/TryCompile-kp9my0

Run Build Command(s):/usr/bin/make -f Makefile cmTC_d6b74/fast && /usr/bin/make  -f CMakeFiles/cmTC_d6b74.dir/build.make CMakeFiles/cmTC_d6b74.dir/build
make[1]: Entering directory '/home/anupam/github_robotics/simulator/mujoco_mpc/mjpc/CMakeFiles/CMakeScratch/TryCompile-kp9my0'
Building C object CMakeFiles/cmTC_d6b74.dir/CheckFunctionExists.c.o
/usr/lib/ccache/cc   -DCHECK_FUNCTION_EXISTS=remove -fPIE -std=c11 -o CMakeFiles/cmTC_d6b74.dir/CheckFunctionExists.c.o -c /home/anupam/github_robotics/simulator/mujoco_mpc/mjpc/CMakeFiles/CMakeScratch/TryCompile-kp9my0/CheckFunctionExists.c
Linking C executable cmTC_d6b74
/usr/local/bin/cmake -E cmake_link_script CMakeFiles/cmTC_d6b74.dir/link.txt --verbose=1
/usr/lib/ccache/cc  -DCHECK_FUNCTION_EXISTS=remove CMakeFiles/cmTC_d6b74.dir/CheckFunctionExists.c.o -o cmTC_d6b74 
make[1]: Leaving directory '/home/anupam/github_robotics/simulator/mujoco_mpc/mjpc/CMakeFiles/CMakeScratch/TryCompile-kp9my0'



Determining if the function shmat exists passed with the following output:
Change Dir: /home/anupam/github_robotics/simulator/mujoco_mpc/mjpc/CMakeFiles/CMakeScratch/TryCompile-oMIPtz

Run Build Command(s):/usr/bin/make -f Makefile cmTC_6db41/fast && /usr/bin/make  -f CMakeFiles/cmTC_6db41.dir/build.make CMakeFiles/cmTC_6db41.dir/build
make[1]: Entering directory '/home/anupam/github_robotics/simulator/mujoco_mpc/mjpc/CMakeFiles/CMakeScratch/TryCompile-oMIPtz'
Building C object CMakeFiles/cmTC_6db41.dir/CheckFunctionExists.c.o
/usr/lib/ccache/cc   -DCHECK_FUNCTION_EXISTS=shmat -fPIE -std=c11 -o CMakeFiles/cmTC_6db41.dir/CheckFunctionExists.c.o -c /home/anupam/github_robotics/simulator/mujoco_mpc/mjpc/CMakeFiles/CMakeScratch/TryCompile-oMIPtz/CheckFunctionExists.c
Linking C executable cmTC_6db41
/usr/local/bin/cmake -E cmake_link_script CMakeFiles/cmTC_6db41.dir/link.txt --verbose=1
/usr/lib/ccache/cc  -DCHECK_FUNCTION_EXISTS=shmat CMakeFiles/cmTC_6db41.dir/CheckFunctionExists.c.o -o cmTC_6db41 
make[1]: Leaving directory '/home/anupam/github_robotics/simulator/mujoco_mpc/mjpc/CMakeFiles/CMakeScratch/TryCompile-oMIPtz'



Determining if the function IceConnectionNumber exists in the ICE passed with the following output:
Change Dir: /home/anupam/github_robotics/simulator/mujoco_mpc/mjpc/CMakeFiles/CMakeScratch/TryCompile-7hYNz8

Run Build Command(s):/usr/bin/make -f Makefile cmTC_17f62/fast && /usr/bin/make  -f CMakeFiles/cmTC_17f62.dir/build.make CMakeFiles/cmTC_17f62.dir/build
make[1]: Entering directory '/home/anupam/github_robotics/simulator/mujoco_mpc/mjpc/CMakeFiles/CMakeScratch/TryCompile-7hYNz8'
Building C object CMakeFiles/cmTC_17f62.dir/CheckFunctionExists.c.o
/usr/lib/ccache/cc   -DCHECK_FUNCTION_EXISTS=IceConnectionNumber -fPIE -std=c11 -o CMakeFiles/cmTC_17f62.dir/CheckFunctionExists.c.o -c /home/anupam/github_robotics/simulator/mujoco_mpc/mjpc/CMakeFiles/CMakeScratch/TryCompile-7hYNz8/CheckFunctionExists.c
Linking C executable cmTC_17f62
/usr/local/bin/cmake -E cmake_link_script CMakeFiles/cmTC_17f62.dir/link.txt --verbose=1
/usr/lib/ccache/cc  -DCHECK_FUNCTION_EXISTS=IceConnectionNumber CMakeFiles/cmTC_17f62.dir/CheckFunctionExists.c.o -o cmTC_17f62  -lICE 
make[1]: Leaving directory '/home/anupam/github_robotics/simulator/mujoco_mpc/mjpc/CMakeFiles/CMakeScratch/TryCompile-7hYNz8'



